11-02-2020 00:01:59.353 [Test worker] INFO  c.g.t.controller.UserControllerTest.logStarting - Starting UserControllerTest on DESKTOP-K8AD8AM with PID 6416 (started by Imagemaker in C:\BCH\springboot\spring-boot-globalogic-test)
11-02-2020 00:01:59.370 [Test worker] INFO  c.g.t.controller.UserControllerTest.logStartupProfileInfo - No active profile set, falling back to default profiles: default
11-02-2020 00:02:02.166 [Test worker] INFO  o.s.s.c.ThreadPoolTaskExecutor.initialize - Initializing ExecutorService 'applicationTaskExecutor'
11-02-2020 00:02:02.797 [Test worker] INFO  o.s.b.a.s.s.UserDetailsServiceAutoConfiguration.getOrDeducePassword - 

Using generated security password: df821c6c-2a92-41fd-a4ce-954b12c4645b

11-02-2020 00:02:03.223 [Test worker] INFO  o.s.s.web.DefaultSecurityFilterChain.<init> - Creating filter chain: any request, [org.springframework.security.web.context.request.async.WebAsyncManagerIntegrationFilter@3ab3b3eb, org.springframework.security.web.context.SecurityContextPersistenceFilter@5868c388, org.springframework.security.web.header.HeaderWriterFilter@748a7b79, org.springframework.security.web.csrf.CsrfFilter@6cb8a23c, org.springframework.security.web.authentication.logout.LogoutFilter@1a3f0eba, org.springframework.security.web.authentication.UsernamePasswordAuthenticationFilter@596b8549, org.springframework.security.web.authentication.ui.DefaultLoginPageGeneratingFilter@6c4eebd6, org.springframework.security.web.authentication.ui.DefaultLogoutPageGeneratingFilter@851a53, org.springframework.security.web.authentication.www.BasicAuthenticationFilter@2aea673f, org.springframework.security.web.savedrequest.RequestCacheAwareFilter@79c37754, org.springframework.security.web.servletapi.SecurityContextHolderAwareRequestFilter@482783ec, org.springframework.security.web.authentication.AnonymousAuthenticationFilter@113fdac7, org.springframework.security.web.session.SessionManagementFilter@2bbc2112, org.springframework.security.web.access.ExceptionTranslationFilter@530bc61b, org.springframework.security.web.access.intercept.FilterSecurityInterceptor@5aa2a897]
11-02-2020 00:02:03.334 [Test worker] INFO  o.s.b.t.m.w.SpringBootMockServletContext.log - Initializing Spring TestDispatcherServlet ''
11-02-2020 00:02:03.335 [Test worker] INFO  o.s.t.w.s.TestDispatcherServlet.initServletBean - Initializing Servlet ''
11-02-2020 00:02:03.367 [Test worker] INFO  o.s.t.w.s.TestDispatcherServlet.initServletBean - Completed initialization in 31 ms
11-02-2020 00:02:03.422 [Test worker] INFO  c.g.t.controller.UserControllerTest.logStarted - Started UserControllerTest in 4.731 seconds (JVM running for 7.463)
11-02-2020 00:02:31.616 [Test worker] INFO  c.g.test.controller.UserController.updateUserById - Init updateUserById - Request user: User{id=1, name='Juan', email='null', password='null', isActive='false'}
11-02-2020 00:03:02.705 [Test worker] INFO  c.g.t.controller.UserControllerTest.logStarting - Starting UserControllerTest on DESKTOP-K8AD8AM with PID 9268 (started by Imagemaker in C:\BCH\springboot\spring-boot-globalogic-test)
11-02-2020 00:03:02.712 [Test worker] INFO  c.g.t.controller.UserControllerTest.logStartupProfileInfo - No active profile set, falling back to default profiles: default
11-02-2020 00:03:05.619 [Test worker] INFO  o.s.s.c.ThreadPoolTaskExecutor.initialize - Initializing ExecutorService 'applicationTaskExecutor'
11-02-2020 00:03:06.449 [Test worker] INFO  o.s.b.a.s.s.UserDetailsServiceAutoConfiguration.getOrDeducePassword - 

Using generated security password: 46ffc5c3-b144-44e7-bcda-16fa301fa368

11-02-2020 00:03:06.935 [Test worker] INFO  o.s.s.web.DefaultSecurityFilterChain.<init> - Creating filter chain: any request, [org.springframework.security.web.context.request.async.WebAsyncManagerIntegrationFilter@713789ca, org.springframework.security.web.context.SecurityContextPersistenceFilter@46ccf7e8, org.springframework.security.web.header.HeaderWriterFilter@698d81fc, org.springframework.security.web.csrf.CsrfFilter@78a8aa4d, org.springframework.security.web.authentication.logout.LogoutFilter@79c95d2e, org.springframework.security.web.authentication.UsernamePasswordAuthenticationFilter@734771a8, org.springframework.security.web.authentication.ui.DefaultLoginPageGeneratingFilter@1001acc5, org.springframework.security.web.authentication.ui.DefaultLogoutPageGeneratingFilter@ef412cc, org.springframework.security.web.authentication.www.BasicAuthenticationFilter@229974b7, org.springframework.security.web.savedrequest.RequestCacheAwareFilter@73991de5, org.springframework.security.web.servletapi.SecurityContextHolderAwareRequestFilter@3001c59e, org.springframework.security.web.authentication.AnonymousAuthenticationFilter@37ff8b4c, org.springframework.security.web.session.SessionManagementFilter@db5aeca, org.springframework.security.web.access.ExceptionTranslationFilter@2d1f1b56, org.springframework.security.web.access.intercept.FilterSecurityInterceptor@383f9936]
11-02-2020 00:03:07.082 [Test worker] INFO  o.s.b.t.m.w.SpringBootMockServletContext.log - Initializing Spring TestDispatcherServlet ''
11-02-2020 00:03:07.083 [Test worker] INFO  o.s.t.w.s.TestDispatcherServlet.initServletBean - Initializing Servlet ''
11-02-2020 00:03:07.112 [Test worker] INFO  o.s.t.w.s.TestDispatcherServlet.initServletBean - Completed initialization in 27 ms
11-02-2020 00:03:07.176 [Test worker] INFO  c.g.t.controller.UserControllerTest.logStarted - Started UserControllerTest in 5.171 seconds (JVM running for 7.989)
11-02-2020 00:03:44.203 [Test worker] INFO  c.g.t.controller.UserControllerTest.logStarting - Starting UserControllerTest on DESKTOP-K8AD8AM with PID 15556 (started by Imagemaker in C:\BCH\springboot\spring-boot-globalogic-test)
11-02-2020 00:03:44.209 [Test worker] INFO  c.g.t.controller.UserControllerTest.logStartupProfileInfo - No active profile set, falling back to default profiles: default
11-02-2020 00:03:46.940 [Test worker] INFO  o.s.s.c.ThreadPoolTaskExecutor.initialize - Initializing ExecutorService 'applicationTaskExecutor'
11-02-2020 00:03:47.632 [Test worker] INFO  o.s.b.a.s.s.UserDetailsServiceAutoConfiguration.getOrDeducePassword - 

Using generated security password: a7b2332e-63b7-40a3-a712-3e0a8c514375

11-02-2020 00:03:48.035 [Test worker] INFO  o.s.s.web.DefaultSecurityFilterChain.<init> - Creating filter chain: any request, [org.springframework.security.web.context.request.async.WebAsyncManagerIntegrationFilter@65fd9d48, org.springframework.security.web.context.SecurityContextPersistenceFilter@187d1810, org.springframework.security.web.header.HeaderWriterFilter@6ab74b52, org.springframework.security.web.csrf.CsrfFilter@11d64639, org.springframework.security.web.authentication.logout.LogoutFilter@38ad769, org.springframework.security.web.authentication.UsernamePasswordAuthenticationFilter@611db177, org.springframework.security.web.authentication.ui.DefaultLoginPageGeneratingFilter@7c375be3, org.springframework.security.web.authentication.ui.DefaultLogoutPageGeneratingFilter@5e9909bc, org.springframework.security.web.authentication.www.BasicAuthenticationFilter@298a8393, org.springframework.security.web.savedrequest.RequestCacheAwareFilter@11be0420, org.springframework.security.web.servletapi.SecurityContextHolderAwareRequestFilter@1bd6cbbd, org.springframework.security.web.authentication.AnonymousAuthenticationFilter@44ddb6dd, org.springframework.security.web.session.SessionManagementFilter@6cd588a2, org.springframework.security.web.access.ExceptionTranslationFilter@233ff300, org.springframework.security.web.access.intercept.FilterSecurityInterceptor@52972ca0]
11-02-2020 00:03:48.151 [Test worker] INFO  o.s.b.t.m.w.SpringBootMockServletContext.log - Initializing Spring TestDispatcherServlet ''
11-02-2020 00:03:48.152 [Test worker] INFO  o.s.t.w.s.TestDispatcherServlet.initServletBean - Initializing Servlet ''
11-02-2020 00:03:48.184 [Test worker] INFO  o.s.t.w.s.TestDispatcherServlet.initServletBean - Completed initialization in 31 ms
11-02-2020 00:03:48.248 [Test worker] INFO  c.g.t.controller.UserControllerTest.logStarted - Started UserControllerTest in 4.72 seconds (JVM running for 7.401)
11-02-2020 00:04:07.422 [Test worker] INFO  c.g.test.controller.UserController.updateUserById - Init updateUserById - Request user: User{id=1, name='Juan', email='aaA2a2aaa3333@gmail.com', password='12345678', isActive='false'}
11-02-2020 00:04:37.204 [Test worker] INFO  c.g.t.controller.UserControllerTest.logStarting - Starting UserControllerTest on DESKTOP-K8AD8AM with PID 9072 (started by Imagemaker in C:\BCH\springboot\spring-boot-globalogic-test)
11-02-2020 00:04:37.211 [Test worker] INFO  c.g.t.controller.UserControllerTest.logStartupProfileInfo - No active profile set, falling back to default profiles: default
11-02-2020 00:04:39.945 [Test worker] INFO  o.s.s.c.ThreadPoolTaskExecutor.initialize - Initializing ExecutorService 'applicationTaskExecutor'
11-02-2020 00:04:40.637 [Test worker] INFO  o.s.b.a.s.s.UserDetailsServiceAutoConfiguration.getOrDeducePassword - 

Using generated security password: 5d35686e-06e0-4610-8db9-59dddf4df9b0

11-02-2020 00:04:41.089 [Test worker] INFO  o.s.s.web.DefaultSecurityFilterChain.<init> - Creating filter chain: any request, [org.springframework.security.web.context.request.async.WebAsyncManagerIntegrationFilter@26133622, org.springframework.security.web.context.SecurityContextPersistenceFilter@19dff989, org.springframework.security.web.header.HeaderWriterFilter@1c2115ec, org.springframework.security.web.csrf.CsrfFilter@21aa5aeb, org.springframework.security.web.authentication.logout.LogoutFilter@7c0382f1, org.springframework.security.web.authentication.UsernamePasswordAuthenticationFilter@6fc6c64e, org.springframework.security.web.authentication.ui.DefaultLoginPageGeneratingFilter@452b264e, org.springframework.security.web.authentication.ui.DefaultLogoutPageGeneratingFilter@463c6e1, org.springframework.security.web.authentication.www.BasicAuthenticationFilter@740cfcfb, org.springframework.security.web.savedrequest.RequestCacheAwareFilter@77fbc7e0, org.springframework.security.web.servletapi.SecurityContextHolderAwareRequestFilter@3d74b2bd, org.springframework.security.web.authentication.AnonymousAuthenticationFilter@73fa9ef7, org.springframework.security.web.session.SessionManagementFilter@e9dfc14, org.springframework.security.web.access.ExceptionTranslationFilter@158af75f, org.springframework.security.web.access.intercept.FilterSecurityInterceptor@6a5f1b0e]
11-02-2020 00:04:41.197 [Test worker] INFO  o.s.b.t.m.w.SpringBootMockServletContext.log - Initializing Spring TestDispatcherServlet ''
11-02-2020 00:04:41.198 [Test worker] INFO  o.s.t.w.s.TestDispatcherServlet.initServletBean - Initializing Servlet ''
11-02-2020 00:04:41.230 [Test worker] INFO  o.s.t.w.s.TestDispatcherServlet.initServletBean - Completed initialization in 31 ms
11-02-2020 00:04:41.292 [Test worker] INFO  c.g.t.controller.UserControllerTest.logStarted - Started UserControllerTest in 4.768 seconds (JVM running for 7.439)
11-02-2020 00:04:56.663 [Test worker] INFO  c.g.test.controller.UserController.updateUserById - Init updateUserById - Request user: User{id=1, name='Juan', email='aaA2a2aaa3333@gmail.com', password='12345678', isActive='false'}
11-02-2020 00:06:08.503 [Test worker] INFO  c.g.t.controller.UserControllerTest.logStarting - Starting UserControllerTest on DESKTOP-K8AD8AM with PID 3420 (started by Imagemaker in C:\BCH\springboot\spring-boot-globalogic-test)
11-02-2020 00:06:08.509 [Test worker] INFO  c.g.t.controller.UserControllerTest.logStartupProfileInfo - No active profile set, falling back to default profiles: default
11-02-2020 00:06:11.263 [Test worker] INFO  o.s.s.c.ThreadPoolTaskExecutor.initialize - Initializing ExecutorService 'applicationTaskExecutor'
11-02-2020 00:06:11.945 [Test worker] INFO  o.s.b.a.s.s.UserDetailsServiceAutoConfiguration.getOrDeducePassword - 

Using generated security password: 690a4e10-d4ca-4fb7-8177-feb193ab0c31

11-02-2020 00:06:12.360 [Test worker] INFO  o.s.s.web.DefaultSecurityFilterChain.<init> - Creating filter chain: any request, [org.springframework.security.web.context.request.async.WebAsyncManagerIntegrationFilter@52a68e01, org.springframework.security.web.context.SecurityContextPersistenceFilter@48512ea6, org.springframework.security.web.header.HeaderWriterFilter@2f02b8b0, org.springframework.security.web.csrf.CsrfFilter@2c7cfff6, org.springframework.security.web.authentication.logout.LogoutFilter@62210e75, org.springframework.security.web.authentication.UsernamePasswordAuthenticationFilter@7fb41fc5, org.springframework.security.web.authentication.ui.DefaultLoginPageGeneratingFilter@3464b418, org.springframework.security.web.authentication.ui.DefaultLogoutPageGeneratingFilter@70391ca9, org.springframework.security.web.authentication.www.BasicAuthenticationFilter@7b9460c9, org.springframework.security.web.savedrequest.RequestCacheAwareFilter@1c2115ec, org.springframework.security.web.servletapi.SecurityContextHolderAwareRequestFilter@118e6b27, org.springframework.security.web.authentication.AnonymousAuthenticationFilter@5f0bdf7c, org.springframework.security.web.session.SessionManagementFilter@28a6fd3d, org.springframework.security.web.access.ExceptionTranslationFilter@7c12e870, org.springframework.security.web.access.intercept.FilterSecurityInterceptor@67949578]
11-02-2020 00:06:12.478 [Test worker] INFO  o.s.b.t.m.w.SpringBootMockServletContext.log - Initializing Spring TestDispatcherServlet ''
11-02-2020 00:06:12.480 [Test worker] INFO  o.s.t.w.s.TestDispatcherServlet.initServletBean - Initializing Servlet ''
11-02-2020 00:06:12.506 [Test worker] INFO  o.s.t.w.s.TestDispatcherServlet.initServletBean - Completed initialization in 25 ms
11-02-2020 00:06:12.565 [Test worker] INFO  c.g.t.controller.UserControllerTest.logStarted - Started UserControllerTest in 4.728 seconds (JVM running for 7.445)
11-02-2020 00:06:27.286 [Test worker] INFO  c.g.test.controller.UserController.updateUserById - Init updateUserById - Request user: User{id=1, name='Juan', email='aaA2a2aaa3333@gmail.com', password='12345678', isActive='false'}
11-02-2020 00:06:38.842 [Test worker] INFO  c.g.test.controller.UserController.updateUserById - Finish updateUserById
11-02-2020 00:09:32.719 [Test worker] INFO  c.g.t.controller.UserControllerTest.logStarting - Starting UserControllerTest on DESKTOP-K8AD8AM with PID 1948 (started by Imagemaker in C:\BCH\springboot\spring-boot-globalogic-test)
11-02-2020 00:09:32.724 [Test worker] INFO  c.g.t.controller.UserControllerTest.logStartupProfileInfo - No active profile set, falling back to default profiles: default
11-02-2020 00:09:35.413 [Test worker] INFO  o.s.s.c.ThreadPoolTaskExecutor.initialize - Initializing ExecutorService 'applicationTaskExecutor'
11-02-2020 00:09:36.185 [Test worker] INFO  o.s.b.a.s.s.UserDetailsServiceAutoConfiguration.getOrDeducePassword - 

Using generated security password: dd7f0c37-c8a3-4e71-912e-02a9ac6db420

11-02-2020 00:09:36.641 [Test worker] INFO  o.s.s.web.DefaultSecurityFilterChain.<init> - Creating filter chain: any request, [org.springframework.security.web.context.request.async.WebAsyncManagerIntegrationFilter@28f3ead8, org.springframework.security.web.context.SecurityContextPersistenceFilter@6dba8cac, org.springframework.security.web.header.HeaderWriterFilter@662c2d37, org.springframework.security.web.csrf.CsrfFilter@6ed7e876, org.springframework.security.web.authentication.logout.LogoutFilter@2673569e, org.springframework.security.web.authentication.UsernamePasswordAuthenticationFilter@5f5827b2, org.springframework.security.web.authentication.ui.DefaultLoginPageGeneratingFilter@1a9ecc59, org.springframework.security.web.authentication.ui.DefaultLogoutPageGeneratingFilter@13eb4ae2, org.springframework.security.web.authentication.www.BasicAuthenticationFilter@7f575c88, org.springframework.security.web.savedrequest.RequestCacheAwareFilter@451a6110, org.springframework.security.web.servletapi.SecurityContextHolderAwareRequestFilter@61a6028f, org.springframework.security.web.authentication.AnonymousAuthenticationFilter@58a6c247, org.springframework.security.web.session.SessionManagementFilter@22db84b6, org.springframework.security.web.access.ExceptionTranslationFilter@3187735a, org.springframework.security.web.access.intercept.FilterSecurityInterceptor@34e5e034]
11-02-2020 00:09:36.762 [Test worker] INFO  o.s.b.t.m.w.SpringBootMockServletContext.log - Initializing Spring TestDispatcherServlet ''
11-02-2020 00:09:36.763 [Test worker] INFO  o.s.t.w.s.TestDispatcherServlet.initServletBean - Initializing Servlet ''
11-02-2020 00:09:36.792 [Test worker] INFO  o.s.t.w.s.TestDispatcherServlet.initServletBean - Completed initialization in 28 ms
11-02-2020 00:09:36.857 [Test worker] INFO  c.g.t.controller.UserControllerTest.logStarted - Started UserControllerTest in 4.815 seconds (JVM running for 7.513)
11-02-2020 00:09:55.224 [Test worker] INFO  c.g.test.controller.UserController.updateUserById - Init updateUserById - Request user: User{id=1, name='Juan', email='aaA2a2aaa3333@gmail.com', password='12345678', isActive='false'}
11-02-2020 00:10:02.587 [Test worker] INFO  c.g.test.controller.UserController.updateUserById - Finish updateUserById
11-02-2020 00:16:17.216 [Test worker] INFO  c.g.t.controller.UserControllerTest.logStarting - Starting UserControllerTest on DESKTOP-K8AD8AM with PID 12068 (started by Imagemaker in C:\BCH\springboot\spring-boot-globalogic-test)
11-02-2020 00:16:17.222 [Test worker] INFO  c.g.t.controller.UserControllerTest.logStartupProfileInfo - No active profile set, falling back to default profiles: default
11-02-2020 00:16:19.961 [Test worker] INFO  o.s.s.c.ThreadPoolTaskExecutor.initialize - Initializing ExecutorService 'applicationTaskExecutor'
11-02-2020 00:16:20.670 [Test worker] INFO  o.s.b.a.s.s.UserDetailsServiceAutoConfiguration.getOrDeducePassword - 

Using generated security password: 892702b6-d222-47fa-b909-56d0b6a379b8

11-02-2020 00:16:21.094 [Test worker] INFO  o.s.s.web.DefaultSecurityFilterChain.<init> - Creating filter chain: any request, [org.springframework.security.web.context.request.async.WebAsyncManagerIntegrationFilter@21d63dd2, org.springframework.security.web.context.SecurityContextPersistenceFilter@3f97c332, org.springframework.security.web.header.HeaderWriterFilter@6e007e70, org.springframework.security.web.csrf.CsrfFilter@499fd345, org.springframework.security.web.authentication.logout.LogoutFilter@436215a, org.springframework.security.web.authentication.UsernamePasswordAuthenticationFilter@4f14a760, org.springframework.security.web.authentication.ui.DefaultLoginPageGeneratingFilter@1afad92, org.springframework.security.web.authentication.ui.DefaultLogoutPageGeneratingFilter@4ac1e353, org.springframework.security.web.authentication.www.BasicAuthenticationFilter@7a9bf650, org.springframework.security.web.savedrequest.RequestCacheAwareFilter@6bfa64d5, org.springframework.security.web.servletapi.SecurityContextHolderAwareRequestFilter@4931d8a5, org.springframework.security.web.authentication.AnonymousAuthenticationFilter@666d2ad1, org.springframework.security.web.session.SessionManagementFilter@29e280ad, org.springframework.security.web.access.ExceptionTranslationFilter@3911b7ef, org.springframework.security.web.access.intercept.FilterSecurityInterceptor@7c7613ba]
11-02-2020 00:16:21.203 [Test worker] INFO  o.s.b.t.m.w.SpringBootMockServletContext.log - Initializing Spring TestDispatcherServlet ''
11-02-2020 00:16:21.204 [Test worker] INFO  o.s.t.w.s.TestDispatcherServlet.initServletBean - Initializing Servlet ''
11-02-2020 00:16:21.233 [Test worker] INFO  o.s.t.w.s.TestDispatcherServlet.initServletBean - Completed initialization in 28 ms
11-02-2020 00:16:21.293 [Test worker] INFO  c.g.t.controller.UserControllerTest.logStarted - Started UserControllerTest in 4.757 seconds (JVM running for 7.473)
11-02-2020 00:17:17.202 [Test worker] INFO  c.g.t.controller.UserControllerTest.logStarting - Starting UserControllerTest on DESKTOP-K8AD8AM with PID 7476 (started by Imagemaker in C:\BCH\springboot\spring-boot-globalogic-test)
11-02-2020 00:17:17.208 [Test worker] INFO  c.g.t.controller.UserControllerTest.logStartupProfileInfo - No active profile set, falling back to default profiles: default
11-02-2020 00:17:19.998 [Test worker] INFO  o.s.s.c.ThreadPoolTaskExecutor.initialize - Initializing ExecutorService 'applicationTaskExecutor'
11-02-2020 00:17:20.781 [Test worker] INFO  o.s.b.a.s.s.UserDetailsServiceAutoConfiguration.getOrDeducePassword - 

Using generated security password: df6c91a6-578f-4b72-abc3-040419c94a9d

11-02-2020 00:17:21.256 [Test worker] INFO  o.s.s.web.DefaultSecurityFilterChain.<init> - Creating filter chain: any request, [org.springframework.security.web.context.request.async.WebAsyncManagerIntegrationFilter@248f0dce, org.springframework.security.web.context.SecurityContextPersistenceFilter@67039a8d, org.springframework.security.web.header.HeaderWriterFilter@64308789, org.springframework.security.web.csrf.CsrfFilter@1a826d8a, org.springframework.security.web.authentication.logout.LogoutFilter@1ba41c04, org.springframework.security.web.authentication.UsernamePasswordAuthenticationFilter@59a635a, org.springframework.security.web.authentication.ui.DefaultLoginPageGeneratingFilter@30397a95, org.springframework.security.web.authentication.ui.DefaultLogoutPageGeneratingFilter@155402d5, org.springframework.security.web.authentication.www.BasicAuthenticationFilter@65b05332, org.springframework.security.web.savedrequest.RequestCacheAwareFilter@33020d24, org.springframework.security.web.servletapi.SecurityContextHolderAwareRequestFilter@702685cc, org.springframework.security.web.authentication.AnonymousAuthenticationFilter@341a4fd1, org.springframework.security.web.session.SessionManagementFilter@6d810f12, org.springframework.security.web.access.ExceptionTranslationFilter@22cf44f9, org.springframework.security.web.access.intercept.FilterSecurityInterceptor@502b8a68]
11-02-2020 00:17:21.380 [Test worker] INFO  o.s.b.t.m.w.SpringBootMockServletContext.log - Initializing Spring TestDispatcherServlet ''
11-02-2020 00:17:21.382 [Test worker] INFO  o.s.t.w.s.TestDispatcherServlet.initServletBean - Initializing Servlet ''
11-02-2020 00:17:21.414 [Test worker] INFO  o.s.t.w.s.TestDispatcherServlet.initServletBean - Completed initialization in 32 ms
11-02-2020 00:17:21.479 [Test worker] INFO  c.g.t.controller.UserControllerTest.logStarted - Started UserControllerTest in 4.98 seconds (JVM running for 7.748)
11-02-2020 00:17:51.507 [Test worker] INFO  c.g.test.controller.UserController.updateUserById - Init updateUserById - Request user: User{id=1, name='Juan', email='aaA2a2aaa3333@gmail.com', password='12345678', isActive='false'}
11-02-2020 00:17:51.519 [Test worker] INFO  c.g.test.controller.UserController.updateUserById - Finish updateUserById
11-02-2020 00:18:58.319 [Test worker] INFO  c.g.t.controller.UserControllerTest.logStarting - Starting UserControllerTest on DESKTOP-K8AD8AM with PID 16232 (started by Imagemaker in C:\BCH\springboot\spring-boot-globalogic-test)
11-02-2020 00:18:58.327 [Test worker] INFO  c.g.t.controller.UserControllerTest.logStartupProfileInfo - No active profile set, falling back to default profiles: default
11-02-2020 00:19:01.647 [Test worker] INFO  o.s.s.c.ThreadPoolTaskExecutor.initialize - Initializing ExecutorService 'applicationTaskExecutor'
11-02-2020 00:19:02.596 [Test worker] INFO  o.s.b.a.s.s.UserDetailsServiceAutoConfiguration.getOrDeducePassword - 

Using generated security password: bccf9cd6-2444-4cb2-85f8-e2a90b314196

11-02-2020 00:19:03.128 [Test worker] INFO  o.s.s.web.DefaultSecurityFilterChain.<init> - Creating filter chain: any request, [org.springframework.security.web.context.request.async.WebAsyncManagerIntegrationFilter@354826bf, org.springframework.security.web.context.SecurityContextPersistenceFilter@6bf410f5, org.springframework.security.web.header.HeaderWriterFilter@66598b62, org.springframework.security.web.csrf.CsrfFilter@2bb7cdd2, org.springframework.security.web.authentication.logout.LogoutFilter@409b68cd, org.springframework.security.web.authentication.UsernamePasswordAuthenticationFilter@316fb680, org.springframework.security.web.authentication.ui.DefaultLoginPageGeneratingFilter@42d8e6a4, org.springframework.security.web.authentication.ui.DefaultLogoutPageGeneratingFilter@12e20bc7, org.springframework.security.web.authentication.www.BasicAuthenticationFilter@2668ad42, org.springframework.security.web.savedrequest.RequestCacheAwareFilter@3464b418, org.springframework.security.web.servletapi.SecurityContextHolderAwareRequestFilter@59d25f7e, org.springframework.security.web.authentication.AnonymousAuthenticationFilter@5bcb6e7b, org.springframework.security.web.session.SessionManagementFilter@3bc8291a, org.springframework.security.web.access.ExceptionTranslationFilter@1c2115ec, org.springframework.security.web.access.intercept.FilterSecurityInterceptor@50697461]
11-02-2020 00:19:03.277 [Test worker] INFO  o.s.b.t.m.w.SpringBootMockServletContext.log - Initializing Spring TestDispatcherServlet ''
11-02-2020 00:19:03.279 [Test worker] INFO  o.s.t.w.s.TestDispatcherServlet.initServletBean - Initializing Servlet ''
11-02-2020 00:19:03.312 [Test worker] INFO  o.s.t.w.s.TestDispatcherServlet.initServletBean - Completed initialization in 33 ms
11-02-2020 00:19:03.388 [Test worker] INFO  c.g.t.controller.UserControllerTest.logStarted - Started UserControllerTest in 5.859 seconds (JVM running for 9.168)
11-02-2020 00:26:57.759 [Test worker] INFO  c.g.t.controller.UserControllerTest.logStarting - Starting UserControllerTest on DESKTOP-K8AD8AM with PID 10472 (started by Imagemaker in C:\BCH\springboot\spring-boot-globalogic-test)
11-02-2020 00:26:57.766 [Test worker] INFO  c.g.t.controller.UserControllerTest.logStartupProfileInfo - No active profile set, falling back to default profiles: default
11-02-2020 00:27:00.430 [Test worker] INFO  o.s.s.c.ThreadPoolTaskExecutor.initialize - Initializing ExecutorService 'applicationTaskExecutor'
11-02-2020 00:27:01.134 [Test worker] INFO  o.s.b.a.s.s.UserDetailsServiceAutoConfiguration.getOrDeducePassword - 

Using generated security password: 505a25be-c233-434d-a98a-200895ce0d73

11-02-2020 00:27:01.564 [Test worker] INFO  o.s.s.web.DefaultSecurityFilterChain.<init> - Creating filter chain: any request, [org.springframework.security.web.context.request.async.WebAsyncManagerIntegrationFilter@12e20bc7, org.springframework.security.web.context.SecurityContextPersistenceFilter@7fbc2666, org.springframework.security.web.header.HeaderWriterFilter@7843d7c9, org.springframework.security.web.csrf.CsrfFilter@712d3d8a, org.springframework.security.web.authentication.logout.LogoutFilter@1a7e32f2, org.springframework.security.web.authentication.UsernamePasswordAuthenticationFilter@663e8557, org.springframework.security.web.authentication.ui.DefaultLoginPageGeneratingFilter@38e9fe56, org.springframework.security.web.authentication.ui.DefaultLogoutPageGeneratingFilter@5bcb6e7b, org.springframework.security.web.authentication.www.BasicAuthenticationFilter@26133622, org.springframework.security.web.savedrequest.RequestCacheAwareFilter@7f5c79d9, org.springframework.security.web.servletapi.SecurityContextHolderAwareRequestFilter@5c14cbf2, org.springframework.security.web.authentication.AnonymousAuthenticationFilter@419c01cb, org.springframework.security.web.session.SessionManagementFilter@1160a79a, org.springframework.security.web.access.ExceptionTranslationFilter@5d442cd0, org.springframework.security.web.access.intercept.FilterSecurityInterceptor@5dd2f6a6]
11-02-2020 00:27:01.675 [Test worker] INFO  o.s.b.t.m.w.SpringBootMockServletContext.log - Initializing Spring TestDispatcherServlet ''
11-02-2020 00:27:01.676 [Test worker] INFO  o.s.t.w.s.TestDispatcherServlet.initServletBean - Initializing Servlet ''
11-02-2020 00:27:01.706 [Test worker] INFO  o.s.t.w.s.TestDispatcherServlet.initServletBean - Completed initialization in 30 ms
11-02-2020 00:27:01.762 [Test worker] INFO  c.g.t.controller.UserControllerTest.logStarted - Started UserControllerTest in 4.683 seconds (JVM running for 7.468)
11-02-2020 00:27:32.222 [Test worker] INFO  c.g.test.controller.UserController.create - Init create - Request user: User{id=null, name='Pedro Perez', email='aaA2a2aaa2323@hotmail.com', password='12345678', isActive='true'}
11-02-2020 00:27:32.223 [Test worker] INFO  c.g.test.controller.UserController.create - Usuario Creado, user: User{id=null, name='Pedro Perez', email='aaA2a2aaa2323@hotmail.com', password='12345678', isActive='true'}
11-02-2020 00:27:32.225 [Test worker] INFO  c.g.test.controller.UserController.create - Finish create
11-02-2020 00:27:32.337 [SpringContextShutdownHook] INFO  o.s.s.c.ThreadPoolTaskExecutor.shutdown - Shutting down ExecutorService 'applicationTaskExecutor'
11-02-2020 00:27:48.558 [Test worker] INFO  c.g.t.controller.UserControllerTest.logStarting - Starting UserControllerTest on DESKTOP-K8AD8AM with PID 11164 (started by Imagemaker in C:\BCH\springboot\spring-boot-globalogic-test)
11-02-2020 00:27:48.564 [Test worker] INFO  c.g.t.controller.UserControllerTest.logStartupProfileInfo - No active profile set, falling back to default profiles: default
11-02-2020 00:27:51.350 [Test worker] INFO  o.s.s.c.ThreadPoolTaskExecutor.initialize - Initializing ExecutorService 'applicationTaskExecutor'
11-02-2020 00:27:52.115 [Test worker] INFO  o.s.b.a.s.s.UserDetailsServiceAutoConfiguration.getOrDeducePassword - 

Using generated security password: 746aeabd-6f1c-4b3b-aab5-37c251d8d147

11-02-2020 00:27:52.582 [Test worker] INFO  o.s.s.web.DefaultSecurityFilterChain.<init> - Creating filter chain: any request, [org.springframework.security.web.context.request.async.WebAsyncManagerIntegrationFilter@2f5d2800, org.springframework.security.web.context.SecurityContextPersistenceFilter@df4d6ef, org.springframework.security.web.header.HeaderWriterFilter@6bfa64d5, org.springframework.security.web.csrf.CsrfFilter@561ad9fa, org.springframework.security.web.authentication.logout.LogoutFilter@2b36a55f, org.springframework.security.web.authentication.UsernamePasswordAuthenticationFilter@4450a6c5, org.springframework.security.web.authentication.ui.DefaultLoginPageGeneratingFilter@7c958de7, org.springframework.security.web.authentication.ui.DefaultLogoutPageGeneratingFilter@d153499, org.springframework.security.web.authentication.www.BasicAuthenticationFilter@1a21fa89, org.springframework.security.web.savedrequest.RequestCacheAwareFilter@625929af, org.springframework.security.web.servletapi.SecurityContextHolderAwareRequestFilter@74fcab79, org.springframework.security.web.authentication.AnonymousAuthenticationFilter@38825969, org.springframework.security.web.session.SessionManagementFilter@79b7f9a1, org.springframework.security.web.access.ExceptionTranslationFilter@58980638, org.springframework.security.web.access.intercept.FilterSecurityInterceptor@6d3fc7df]
11-02-2020 00:27:52.696 [Test worker] INFO  o.s.b.t.m.w.SpringBootMockServletContext.log - Initializing Spring TestDispatcherServlet ''
11-02-2020 00:27:52.697 [Test worker] INFO  o.s.t.w.s.TestDispatcherServlet.initServletBean - Initializing Servlet ''
11-02-2020 00:27:52.724 [Test worker] INFO  o.s.t.w.s.TestDispatcherServlet.initServletBean - Completed initialization in 25 ms
11-02-2020 00:27:52.788 [Test worker] INFO  c.g.t.controller.UserControllerTest.logStarted - Started UserControllerTest in 4.95 seconds (JVM running for 7.748)
11-02-2020 00:34:47.193 [Test worker] INFO  c.g.t.controller.UserControllerTest.logStarting - Starting UserControllerTest on DESKTOP-K8AD8AM with PID 9232 (started by Imagemaker in C:\BCH\springboot\spring-boot-globalogic-test)
11-02-2020 00:34:47.201 [Test worker] INFO  c.g.t.controller.UserControllerTest.logStartupProfileInfo - No active profile set, falling back to default profiles: default
11-02-2020 00:34:50.102 [Test worker] INFO  o.s.s.c.ThreadPoolTaskExecutor.initialize - Initializing ExecutorService 'applicationTaskExecutor'
11-02-2020 00:34:50.838 [Test worker] INFO  o.s.b.a.s.s.UserDetailsServiceAutoConfiguration.getOrDeducePassword - 

Using generated security password: 5a12a954-f565-4cdd-a06a-93076410e091

11-02-2020 00:34:51.277 [Test worker] INFO  o.s.s.web.DefaultSecurityFilterChain.<init> - Creating filter chain: any request, [org.springframework.security.web.context.request.async.WebAsyncManagerIntegrationFilter@2f86a960, org.springframework.security.web.context.SecurityContextPersistenceFilter@118e6b27, org.springframework.security.web.header.HeaderWriterFilter@1a07065e, org.springframework.security.web.csrf.CsrfFilter@287ce336, org.springframework.security.web.authentication.logout.LogoutFilter@753633e7, org.springframework.security.web.authentication.UsernamePasswordAuthenticationFilter@730aec83, org.springframework.security.web.authentication.ui.DefaultLoginPageGeneratingFilter@93a7152, org.springframework.security.web.authentication.ui.DefaultLogoutPageGeneratingFilter@354826bf, org.springframework.security.web.authentication.www.BasicAuthenticationFilter@295bc6bc, org.springframework.security.web.savedrequest.RequestCacheAwareFilter@56d13ab6, org.springframework.security.web.servletapi.SecurityContextHolderAwareRequestFilter@452b264e, org.springframework.security.web.authentication.AnonymousAuthenticationFilter@12e20bc7, org.springframework.security.web.session.SessionManagementFilter@19dff989, org.springframework.security.web.access.ExceptionTranslationFilter@400fe11d, org.springframework.security.web.access.intercept.FilterSecurityInterceptor@225c92ea]
11-02-2020 00:34:51.384 [Test worker] INFO  o.s.b.t.m.w.SpringBootMockServletContext.log - Initializing Spring TestDispatcherServlet ''
11-02-2020 00:34:51.385 [Test worker] INFO  o.s.t.w.s.TestDispatcherServlet.initServletBean - Initializing Servlet ''
11-02-2020 00:34:51.416 [Test worker] INFO  o.s.t.w.s.TestDispatcherServlet.initServletBean - Completed initialization in 31 ms
11-02-2020 00:34:51.472 [Test worker] INFO  c.g.t.controller.UserControllerTest.logStarted - Started UserControllerTest in 4.946 seconds (JVM running for 7.681)
11-02-2020 00:36:16.205 [Test worker] INFO  c.g.t.controller.UserControllerTest.logStarting - Starting UserControllerTest on DESKTOP-K8AD8AM with PID 4612 (started by Imagemaker in C:\BCH\springboot\spring-boot-globalogic-test)
11-02-2020 00:36:16.213 [Test worker] INFO  c.g.t.controller.UserControllerTest.logStartupProfileInfo - No active profile set, falling back to default profiles: default
11-02-2020 00:36:18.936 [Test worker] INFO  o.s.s.c.ThreadPoolTaskExecutor.initialize - Initializing ExecutorService 'applicationTaskExecutor'
11-02-2020 00:36:19.594 [Test worker] INFO  o.s.b.a.s.s.UserDetailsServiceAutoConfiguration.getOrDeducePassword - 

Using generated security password: 5b6c32f5-87ca-4589-ab41-ba920c7dd717

11-02-2020 00:36:20.040 [Test worker] INFO  o.s.s.web.DefaultSecurityFilterChain.<init> - Creating filter chain: any request, [org.springframework.security.web.context.request.async.WebAsyncManagerIntegrationFilter@6bbe5e3d, org.springframework.security.web.context.SecurityContextPersistenceFilter@7b47bad2, org.springframework.security.web.header.HeaderWriterFilter@167af2df, org.springframework.security.web.csrf.CsrfFilter@33b9d975, org.springframework.security.web.authentication.logout.LogoutFilter@47c8e943, org.springframework.security.web.authentication.UsernamePasswordAuthenticationFilter@450eed88, org.springframework.security.web.authentication.ui.DefaultLoginPageGeneratingFilter@56789d31, org.springframework.security.web.authentication.ui.DefaultLogoutPageGeneratingFilter@207931e4, org.springframework.security.web.authentication.www.BasicAuthenticationFilter@6442de4, org.springframework.security.web.savedrequest.RequestCacheAwareFilter@20c0b944, org.springframework.security.web.servletapi.SecurityContextHolderAwareRequestFilter@5916ac13, org.springframework.security.web.authentication.AnonymousAuthenticationFilter@2d7bd5a2, org.springframework.security.web.session.SessionManagementFilter@4352f203, org.springframework.security.web.access.ExceptionTranslationFilter@39318833, org.springframework.security.web.access.intercept.FilterSecurityInterceptor@6ea22ba8]
11-02-2020 00:36:20.155 [Test worker] INFO  o.s.b.t.m.w.SpringBootMockServletContext.log - Initializing Spring TestDispatcherServlet ''
11-02-2020 00:36:20.155 [Test worker] INFO  o.s.t.w.s.TestDispatcherServlet.initServletBean - Initializing Servlet ''
11-02-2020 00:36:20.182 [Test worker] INFO  o.s.t.w.s.TestDispatcherServlet.initServletBean - Completed initialization in 26 ms
11-02-2020 00:36:20.250 [Test worker] INFO  c.g.t.controller.UserControllerTest.logStarted - Started UserControllerTest in 4.715 seconds (JVM running for 7.466)
11-02-2020 00:37:09.862 [Test worker] INFO  c.g.test.controller.UserController.updateUserById - Init updateUserById - Request user: User{id=1, name='Juan', email='aaA2a2aaa3333@gmail.com', password='12345678', isActive='false'}
11-02-2020 00:37:09.880 [Test worker] INFO  c.g.test.controller.UserController.updateUserById - Finish updateUserById
11-02-2020 00:37:36.720 [Test worker] INFO  c.g.t.controller.UserControllerTest.logStarting - Starting UserControllerTest on DESKTOP-K8AD8AM with PID 4828 (started by Imagemaker in C:\BCH\springboot\spring-boot-globalogic-test)
11-02-2020 00:37:36.727 [Test worker] INFO  c.g.t.controller.UserControllerTest.logStartupProfileInfo - No active profile set, falling back to default profiles: default
11-02-2020 00:37:39.407 [Test worker] INFO  o.s.s.c.ThreadPoolTaskExecutor.initialize - Initializing ExecutorService 'applicationTaskExecutor'
11-02-2020 00:37:40.120 [Test worker] INFO  o.s.b.a.s.s.UserDetailsServiceAutoConfiguration.getOrDeducePassword - 

Using generated security password: b03c204b-540f-495f-ab77-9c9aba4af6ab

11-02-2020 00:37:40.530 [Test worker] INFO  o.s.s.web.DefaultSecurityFilterChain.<init> - Creating filter chain: any request, [org.springframework.security.web.context.request.async.WebAsyncManagerIntegrationFilter@e5ed4f4, org.springframework.security.web.context.SecurityContextPersistenceFilter@33a8c53b, org.springframework.security.web.header.HeaderWriterFilter@2db7d290, org.springframework.security.web.csrf.CsrfFilter@43b6c3c2, org.springframework.security.web.authentication.logout.LogoutFilter@56c421c3, org.springframework.security.web.authentication.UsernamePasswordAuthenticationFilter@7879d129, org.springframework.security.web.authentication.ui.DefaultLoginPageGeneratingFilter@14fab1f0, org.springframework.security.web.authentication.ui.DefaultLogoutPageGeneratingFilter@111088d0, org.springframework.security.web.authentication.www.BasicAuthenticationFilter@590c4423, org.springframework.security.web.savedrequest.RequestCacheAwareFilter@36a678f1, org.springframework.security.web.servletapi.SecurityContextHolderAwareRequestFilter@38b6ecc7, org.springframework.security.web.authentication.AnonymousAuthenticationFilter@6442de4, org.springframework.security.web.session.SessionManagementFilter@39318833, org.springframework.security.web.access.ExceptionTranslationFilter@6460047a, org.springframework.security.web.access.intercept.FilterSecurityInterceptor@27465bb2]
11-02-2020 00:37:40.645 [Test worker] INFO  o.s.b.t.m.w.SpringBootMockServletContext.log - Initializing Spring TestDispatcherServlet ''
11-02-2020 00:37:40.646 [Test worker] INFO  o.s.t.w.s.TestDispatcherServlet.initServletBean - Initializing Servlet ''
11-02-2020 00:37:40.677 [Test worker] INFO  o.s.t.w.s.TestDispatcherServlet.initServletBean - Completed initialization in 30 ms
11-02-2020 00:37:40.737 [Test worker] INFO  c.g.t.controller.UserControllerTest.logStarted - Started UserControllerTest in 4.68 seconds (JVM running for 7.427)
11-02-2020 00:38:23.119 [Test worker] INFO  c.g.test.controller.UserController.updateUserById - Init updateUserById - Request user: User{id=1, name='Juan', email='aaA2a2aaa3333@gmail.com', password='12345678', isActive='false'}
11-02-2020 00:38:23.133 [Test worker] INFO  c.g.test.controller.UserController.updateUserById - Finish updateUserById
11-02-2020 00:39:42.367 [Test worker] INFO  c.g.t.controller.UserControllerTest.logStarting - Starting UserControllerTest on DESKTOP-K8AD8AM with PID 5604 (started by Imagemaker in C:\BCH\springboot\spring-boot-globalogic-test)
11-02-2020 00:39:42.374 [Test worker] INFO  c.g.t.controller.UserControllerTest.logStartupProfileInfo - No active profile set, falling back to default profiles: default
11-02-2020 00:39:45.111 [Test worker] INFO  o.s.s.c.ThreadPoolTaskExecutor.initialize - Initializing ExecutorService 'applicationTaskExecutor'
11-02-2020 00:39:45.782 [Test worker] INFO  o.s.b.a.s.s.UserDetailsServiceAutoConfiguration.getOrDeducePassword - 

Using generated security password: 8757ebc7-eccc-45a3-9e30-03abb486eaa5

11-02-2020 00:39:46.210 [Test worker] INFO  o.s.s.web.DefaultSecurityFilterChain.<init> - Creating filter chain: any request, [org.springframework.security.web.context.request.async.WebAsyncManagerIntegrationFilter@2c6f3b76, org.springframework.security.web.context.SecurityContextPersistenceFilter@7cfc5af3, org.springframework.security.web.header.HeaderWriterFilter@2519504f, org.springframework.security.web.csrf.CsrfFilter@53138893, org.springframework.security.web.authentication.logout.LogoutFilter@7c3b67e4, org.springframework.security.web.authentication.UsernamePasswordAuthenticationFilter@4ed8d7d0, org.springframework.security.web.authentication.ui.DefaultLoginPageGeneratingFilter@7f862d1f, org.springframework.security.web.authentication.ui.DefaultLogoutPageGeneratingFilter@659ad843, org.springframework.security.web.authentication.www.BasicAuthenticationFilter@6a642c54, org.springframework.security.web.savedrequest.RequestCacheAwareFilter@6204e9d, org.springframework.security.web.servletapi.SecurityContextHolderAwareRequestFilter@1a9ecc59, org.springframework.security.web.authentication.AnonymousAuthenticationFilter@b409a4d, org.springframework.security.web.session.SessionManagementFilter@6dba8cac, org.springframework.security.web.access.ExceptionTranslationFilter@1a3ec70b, org.springframework.security.web.access.intercept.FilterSecurityInterceptor@e12788b]
11-02-2020 00:39:46.323 [Test worker] INFO  o.s.b.t.m.w.SpringBootMockServletContext.log - Initializing Spring TestDispatcherServlet ''
11-02-2020 00:39:46.324 [Test worker] INFO  o.s.t.w.s.TestDispatcherServlet.initServletBean - Initializing Servlet ''
11-02-2020 00:39:46.354 [Test worker] INFO  o.s.t.w.s.TestDispatcherServlet.initServletBean - Completed initialization in 29 ms
11-02-2020 00:39:46.410 [Test worker] INFO  c.g.t.controller.UserControllerTest.logStarted - Started UserControllerTest in 4.72 seconds (JVM running for 7.45)
11-02-2020 00:40:39.395 [Test worker] INFO  c.g.test.controller.UserController.updateUserById - Init updateUserById - Request user: User{id=1, name='Juan', email='aaA2a2aaa3333@gmail.com', password='12345678', isActive='false'}
11-02-2020 00:45:47.880 [Test worker] INFO  c.g.t.controller.UserControllerTest.logStarting - Starting UserControllerTest on DESKTOP-K8AD8AM with PID 1512 (started by Imagemaker in C:\BCH\springboot\spring-boot-globalogic-test)
11-02-2020 00:45:47.887 [Test worker] INFO  c.g.t.controller.UserControllerTest.logStartupProfileInfo - No active profile set, falling back to default profiles: default
11-02-2020 00:45:50.649 [Test worker] INFO  o.s.s.c.ThreadPoolTaskExecutor.initialize - Initializing ExecutorService 'applicationTaskExecutor'
11-02-2020 00:45:51.384 [Test worker] INFO  o.s.b.a.s.s.UserDetailsServiceAutoConfiguration.getOrDeducePassword - 

Using generated security password: db0ccd80-9cf4-453f-9b5c-17430ca5c892

11-02-2020 00:45:51.820 [Test worker] INFO  o.s.s.web.DefaultSecurityFilterChain.<init> - Creating filter chain: any request, [org.springframework.security.web.context.request.async.WebAsyncManagerIntegrationFilter@1d47fe86, org.springframework.security.web.context.SecurityContextPersistenceFilter@a2ae62d, org.springframework.security.web.header.HeaderWriterFilter@188eaf2, org.springframework.security.web.csrf.CsrfFilter@176fe9c4, org.springframework.security.web.authentication.logout.LogoutFilter@7a18ed20, org.springframework.security.web.authentication.UsernamePasswordAuthenticationFilter@5b38f7f6, org.springframework.security.web.authentication.ui.DefaultLoginPageGeneratingFilter@ed3a64e, org.springframework.security.web.authentication.ui.DefaultLogoutPageGeneratingFilter@2e5fc109, org.springframework.security.web.authentication.www.BasicAuthenticationFilter@146378b3, org.springframework.security.web.savedrequest.RequestCacheAwareFilter@6de0cfed, org.springframework.security.web.servletapi.SecurityContextHolderAwareRequestFilter@6a67aec7, org.springframework.security.web.authentication.AnonymousAuthenticationFilter@583a1a0e, org.springframework.security.web.session.SessionManagementFilter@5a9f1fa, org.springframework.security.web.access.ExceptionTranslationFilter@7cfc5af3, org.springframework.security.web.access.intercept.FilterSecurityInterceptor@6d2b8d13]
11-02-2020 00:45:51.935 [Test worker] INFO  o.s.b.t.m.w.SpringBootMockServletContext.log - Initializing Spring TestDispatcherServlet ''
11-02-2020 00:45:51.936 [Test worker] INFO  o.s.t.w.s.TestDispatcherServlet.initServletBean - Initializing Servlet ''
11-02-2020 00:45:51.968 [Test worker] INFO  o.s.t.w.s.TestDispatcherServlet.initServletBean - Completed initialization in 31 ms
11-02-2020 00:45:52.030 [Test worker] INFO  c.g.t.controller.UserControllerTest.logStarted - Started UserControllerTest in 4.813 seconds (JVM running for 7.644)
11-02-2020 00:46:12.327 [Test worker] INFO  c.g.test.controller.UserController.updateUserById - Init updateUserById - Request user: User{id=1, name='Juan', email='aaA2a2aaa3333@gmail.com', password='12345678', isActive='false'}
11-02-2020 00:48:06.611 [Test worker] INFO  c.g.t.controller.UserControllerTest.logStarting - Starting UserControllerTest on DESKTOP-K8AD8AM with PID 9368 (started by Imagemaker in C:\BCH\springboot\spring-boot-globalogic-test)
11-02-2020 00:48:06.619 [Test worker] INFO  c.g.t.controller.UserControllerTest.logStartupProfileInfo - No active profile set, falling back to default profiles: default
11-02-2020 00:48:09.475 [Test worker] INFO  o.s.s.c.ThreadPoolTaskExecutor.initialize - Initializing ExecutorService 'applicationTaskExecutor'
11-02-2020 00:48:10.206 [Test worker] INFO  o.s.b.a.s.s.UserDetailsServiceAutoConfiguration.getOrDeducePassword - 

Using generated security password: f6d1b717-0c26-4215-9b07-5d315805b143

11-02-2020 00:48:10.625 [Test worker] INFO  o.s.s.web.DefaultSecurityFilterChain.<init> - Creating filter chain: any request, [org.springframework.security.web.context.request.async.WebAsyncManagerIntegrationFilter@5a8b4d41, org.springframework.security.web.context.SecurityContextPersistenceFilter@2e05f10f, org.springframework.security.web.header.HeaderWriterFilter@5990211f, org.springframework.security.web.csrf.CsrfFilter@6460047a, org.springframework.security.web.authentication.logout.LogoutFilter@19741c53, org.springframework.security.web.authentication.UsernamePasswordAuthenticationFilter@4fd5d5f8, org.springframework.security.web.authentication.ui.DefaultLoginPageGeneratingFilter@642bfb32, org.springframework.security.web.authentication.ui.DefaultLogoutPageGeneratingFilter@2cd18904, org.springframework.security.web.authentication.www.BasicAuthenticationFilter@7137a34c, org.springframework.security.web.savedrequest.RequestCacheAwareFilter@341d7be0, org.springframework.security.web.servletapi.SecurityContextHolderAwareRequestFilter@3d13db45, org.springframework.security.web.authentication.AnonymousAuthenticationFilter@1995e1e4, org.springframework.security.web.session.SessionManagementFilter@43e5ff3d, org.springframework.security.web.access.ExceptionTranslationFilter@7b47bad2, org.springframework.security.web.access.intercept.FilterSecurityInterceptor@40600821]
11-02-2020 00:48:10.746 [Test worker] INFO  o.s.b.t.m.w.SpringBootMockServletContext.log - Initializing Spring TestDispatcherServlet ''
11-02-2020 00:48:10.747 [Test worker] INFO  o.s.t.w.s.TestDispatcherServlet.initServletBean - Initializing Servlet ''
11-02-2020 00:48:10.777 [Test worker] INFO  o.s.t.w.s.TestDispatcherServlet.initServletBean - Completed initialization in 29 ms
11-02-2020 00:48:10.838 [Test worker] INFO  c.g.t.controller.UserControllerTest.logStarted - Started UserControllerTest in 4.886 seconds (JVM running for 7.612)
11-02-2020 00:48:32.813 [Test worker] INFO  c.g.test.controller.UserController.updateUserById - Init updateUserById - Request user: User{id=1, name='Juan', email='aaA2a2aaa3333@gmail.com', password='12345678', isActive='false'}
11-02-2020 00:49:00.945 [Test worker] INFO  c.g.test.controller.UserController.updateUserById - Finish updateUserById
11-02-2020 00:55:17.326 [Test worker] INFO  c.g.t.controller.UserControllerTest.logStarting - Starting UserControllerTest on DESKTOP-K8AD8AM with PID 16160 (started by Imagemaker in C:\BCH\springboot\spring-boot-globalogic-test)
11-02-2020 00:55:17.334 [Test worker] INFO  c.g.t.controller.UserControllerTest.logStartupProfileInfo - No active profile set, falling back to default profiles: default
11-02-2020 00:55:20.081 [Test worker] INFO  o.s.s.c.ThreadPoolTaskExecutor.initialize - Initializing ExecutorService 'applicationTaskExecutor'
11-02-2020 00:55:20.797 [Test worker] INFO  o.s.b.a.s.s.UserDetailsServiceAutoConfiguration.getOrDeducePassword - 

Using generated security password: f0b9778e-b3af-4736-b390-651ddf1a7517

11-02-2020 00:55:21.249 [Test worker] INFO  o.s.s.web.DefaultSecurityFilterChain.<init> - Creating filter chain: any request, [org.springframework.security.web.context.request.async.WebAsyncManagerIntegrationFilter@447f185a, org.springframework.security.web.context.SecurityContextPersistenceFilter@7aa4f034, org.springframework.security.web.header.HeaderWriterFilter@5230aa7d, org.springframework.security.web.csrf.CsrfFilter@6efab123, org.springframework.security.web.authentication.logout.LogoutFilter@9404f6, org.springframework.security.web.authentication.UsernamePasswordAuthenticationFilter@31417323, org.springframework.security.web.authentication.ui.DefaultLoginPageGeneratingFilter@7ca8c4, org.springframework.security.web.authentication.ui.DefaultLogoutPageGeneratingFilter@1ab8fc15, org.springframework.security.web.authentication.www.BasicAuthenticationFilter@13dfa925, org.springframework.security.web.savedrequest.RequestCacheAwareFilter@272c1bde, org.springframework.security.web.servletapi.SecurityContextHolderAwareRequestFilter@7447e3f2, org.springframework.security.web.authentication.AnonymousAuthenticationFilter@6a687260, org.springframework.security.web.session.SessionManagementFilter@bb4603c, org.springframework.security.web.access.ExceptionTranslationFilter@5481c023, org.springframework.security.web.access.intercept.FilterSecurityInterceptor@455164ff]
11-02-2020 00:55:21.378 [Test worker] INFO  o.s.b.t.m.w.SpringBootMockServletContext.log - Initializing Spring TestDispatcherServlet ''
11-02-2020 00:55:21.379 [Test worker] INFO  o.s.t.w.s.TestDispatcherServlet.initServletBean - Initializing Servlet ''
11-02-2020 00:55:21.414 [Test worker] INFO  o.s.t.w.s.TestDispatcherServlet.initServletBean - Completed initialization in 34 ms
11-02-2020 00:55:21.475 [Test worker] INFO  c.g.t.controller.UserControllerTest.logStarted - Started UserControllerTest in 4.903 seconds (JVM running for 7.649)
11-02-2020 00:55:51.384 [Test worker] INFO  c.g.test.controller.UserController.updateUserById - Init updateUserById - Request user: User{id=1, name='Juan', email='aaA2a2aaa3333@gmail.com', password='12345678', isActive='false'}
11-02-2020 00:56:00.793 [Test worker] INFO  c.g.test.controller.UserController.updateUserById - Finish updateUserById
11-02-2020 00:56:20.860 [Test worker] INFO  c.g.t.controller.UserControllerTest.logStarting - Starting UserControllerTest on DESKTOP-K8AD8AM with PID 1936 (started by Imagemaker in C:\BCH\springboot\spring-boot-globalogic-test)
11-02-2020 00:56:20.867 [Test worker] INFO  c.g.t.controller.UserControllerTest.logStartupProfileInfo - No active profile set, falling back to default profiles: default
11-02-2020 00:56:23.592 [Test worker] INFO  o.s.s.c.ThreadPoolTaskExecutor.initialize - Initializing ExecutorService 'applicationTaskExecutor'
11-02-2020 00:56:24.306 [Test worker] INFO  o.s.b.a.s.s.UserDetailsServiceAutoConfiguration.getOrDeducePassword - 

Using generated security password: 50e24e51-2cd7-4ca0-b23a-8b80f187d1bb

11-02-2020 00:56:24.753 [Test worker] INFO  o.s.s.web.DefaultSecurityFilterChain.<init> - Creating filter chain: any request, [org.springframework.security.web.context.request.async.WebAsyncManagerIntegrationFilter@fe50f9f, org.springframework.security.web.context.SecurityContextPersistenceFilter@1f399834, org.springframework.security.web.header.HeaderWriterFilter@48ae2e3b, org.springframework.security.web.csrf.CsrfFilter@3843a184, org.springframework.security.web.authentication.logout.LogoutFilter@42b2df9f, org.springframework.security.web.authentication.UsernamePasswordAuthenticationFilter@292944ed, org.springframework.security.web.authentication.ui.DefaultLoginPageGeneratingFilter@73304260, org.springframework.security.web.authentication.ui.DefaultLogoutPageGeneratingFilter@26a3f74b, org.springframework.security.web.authentication.www.BasicAuthenticationFilter@28f1eeb3, org.springframework.security.web.savedrequest.RequestCacheAwareFilter@702685cc, org.springframework.security.web.servletapi.SecurityContextHolderAwareRequestFilter@391cd299, org.springframework.security.web.authentication.AnonymousAuthenticationFilter@37165cb4, org.springframework.security.web.session.SessionManagementFilter@216dfb1a, org.springframework.security.web.access.ExceptionTranslationFilter@21fec43, org.springframework.security.web.access.intercept.FilterSecurityInterceptor@5ffc3109]
11-02-2020 00:56:24.858 [Test worker] INFO  o.s.b.t.m.w.SpringBootMockServletContext.log - Initializing Spring TestDispatcherServlet ''
11-02-2020 00:56:24.859 [Test worker] INFO  o.s.t.w.s.TestDispatcherServlet.initServletBean - Initializing Servlet ''
11-02-2020 00:56:24.893 [Test worker] INFO  o.s.t.w.s.TestDispatcherServlet.initServletBean - Completed initialization in 33 ms
11-02-2020 00:56:24.957 [Test worker] INFO  c.g.t.controller.UserControllerTest.logStarted - Started UserControllerTest in 4.801 seconds (JVM running for 7.685)
11-02-2020 00:56:55.094 [Test worker] INFO  c.g.test.controller.UserController.updateUserById - Init updateUserById - Request user: User{id=1, name='Juan', email='aaA2a2aaa3333@gmail.com', password='12345678', isActive='false'}
11-02-2020 00:56:55.106 [Test worker] INFO  c.g.test.controller.UserController.updateUserById - Finish updateUserById
11-02-2020 00:57:50.607 [Test worker] INFO  c.g.t.controller.UserControllerTest.logStarting - Starting UserControllerTest on DESKTOP-K8AD8AM with PID 13208 (started by Imagemaker in C:\BCH\springboot\spring-boot-globalogic-test)
11-02-2020 00:57:50.613 [Test worker] INFO  c.g.t.controller.UserControllerTest.logStartupProfileInfo - No active profile set, falling back to default profiles: default
11-02-2020 00:57:53.359 [Test worker] INFO  o.s.s.c.ThreadPoolTaskExecutor.initialize - Initializing ExecutorService 'applicationTaskExecutor'
11-02-2020 00:57:54.118 [Test worker] INFO  o.s.b.a.s.s.UserDetailsServiceAutoConfiguration.getOrDeducePassword - 

Using generated security password: 72aba61f-dc82-4e39-9e45-0faec9522e23

11-02-2020 00:57:54.550 [Test worker] INFO  o.s.s.web.DefaultSecurityFilterChain.<init> - Creating filter chain: any request, [org.springframework.security.web.context.request.async.WebAsyncManagerIntegrationFilter@1615894, org.springframework.security.web.context.SecurityContextPersistenceFilter@2e12a1ac, org.springframework.security.web.header.HeaderWriterFilter@6ed12bd6, org.springframework.security.web.csrf.CsrfFilter@457e32ae, org.springframework.security.web.authentication.logout.LogoutFilter@68ee43f9, org.springframework.security.web.authentication.UsernamePasswordAuthenticationFilter@382a847b, org.springframework.security.web.authentication.ui.DefaultLoginPageGeneratingFilter@3ddde59, org.springframework.security.web.authentication.ui.DefaultLogoutPageGeneratingFilter@4af170f2, org.springframework.security.web.authentication.www.BasicAuthenticationFilter@79b0d202, org.springframework.security.web.savedrequest.RequestCacheAwareFilter@572ba11e, org.springframework.security.web.servletapi.SecurityContextHolderAwareRequestFilter@e7bca4a, org.springframework.security.web.authentication.AnonymousAuthenticationFilter@176af8f, org.springframework.security.web.session.SessionManagementFilter@57e9db2e, org.springframework.security.web.access.ExceptionTranslationFilter@157b744a, org.springframework.security.web.access.intercept.FilterSecurityInterceptor@34bd8474]
11-02-2020 00:57:54.666 [Test worker] INFO  o.s.b.t.m.w.SpringBootMockServletContext.log - Initializing Spring TestDispatcherServlet ''
11-02-2020 00:57:54.667 [Test worker] INFO  o.s.t.w.s.TestDispatcherServlet.initServletBean - Initializing Servlet ''
11-02-2020 00:57:54.698 [Test worker] INFO  o.s.t.w.s.TestDispatcherServlet.initServletBean - Completed initialization in 30 ms
11-02-2020 00:57:54.757 [Test worker] INFO  c.g.t.controller.UserControllerTest.logStarted - Started UserControllerTest in 4.834 seconds (JVM running for 7.573)
11-02-2020 00:58:15.125 [Test worker] INFO  c.g.test.controller.UserController.updateUserById - Init updateUserById - Request user: User{id=1, name='Juan', email='aaA2a2aaa3333@gmail.com', password='12345678', isActive='false'}
11-02-2020 00:58:15.137 [Test worker] INFO  c.g.test.controller.UserController.updateUserById - Finish updateUserById
11-02-2020 00:58:26.935 [Test worker] INFO  c.g.test.controller.UserController.create - Init create - Request user: User{id=null, name='Pedro Perez', email='aaA2a2aaa2323@hotmail.com', password='12345678', isActive='true'}
11-02-2020 00:58:26.936 [Test worker] INFO  c.g.test.controller.UserController.create - Usuario Creado, user: User{id=null, name='Pedro Perez', email='aaA2a2aaa2323@hotmail.com', password='12345678', isActive='true'}
11-02-2020 00:58:26.937 [Test worker] INFO  c.g.test.controller.UserController.create - Finish create
11-02-2020 00:58:27.046 [SpringContextShutdownHook] INFO  o.s.s.c.ThreadPoolTaskExecutor.shutdown - Shutting down ExecutorService 'applicationTaskExecutor'
11-02-2020 00:58:42.319 [Test worker] INFO  c.g.t.controller.UserControllerTest.logStarting - Starting UserControllerTest on DESKTOP-K8AD8AM with PID 8576 (started by Imagemaker in C:\BCH\springboot\spring-boot-globalogic-test)
11-02-2020 00:58:42.324 [Test worker] INFO  c.g.t.controller.UserControllerTest.logStartupProfileInfo - No active profile set, falling back to default profiles: default
11-02-2020 00:58:44.693 [Test worker] INFO  o.s.s.c.ThreadPoolTaskExecutor.initialize - Initializing ExecutorService 'applicationTaskExecutor'
11-02-2020 00:58:45.237 [Test worker] INFO  o.s.b.a.s.s.UserDetailsServiceAutoConfiguration.getOrDeducePassword - 

Using generated security password: 5ff779a8-0c82-40fa-a3a2-b755430111ac

11-02-2020 00:58:45.570 [Test worker] INFO  o.s.s.web.DefaultSecurityFilterChain.<init> - Creating filter chain: any request, [org.springframework.security.web.context.request.async.WebAsyncManagerIntegrationFilter@7efad071, org.springframework.security.web.context.SecurityContextPersistenceFilter@1524b87c, org.springframework.security.web.header.HeaderWriterFilter@20ac98f3, org.springframework.security.web.csrf.CsrfFilter@6608bfba, org.springframework.security.web.authentication.logout.LogoutFilter@3b9d3f4d, org.springframework.security.web.authentication.UsernamePasswordAuthenticationFilter@21065de, org.springframework.security.web.authentication.ui.DefaultLoginPageGeneratingFilter@f8fc744, org.springframework.security.web.authentication.ui.DefaultLogoutPageGeneratingFilter@2999e36f, org.springframework.security.web.authentication.www.BasicAuthenticationFilter@4b39b5d5, org.springframework.security.web.savedrequest.RequestCacheAwareFilter@61fedca7, org.springframework.security.web.servletapi.SecurityContextHolderAwareRequestFilter@3f407b3a, org.springframework.security.web.authentication.AnonymousAuthenticationFilter@74763e01, org.springframework.security.web.session.SessionManagementFilter@764cd8fc, org.springframework.security.web.access.ExceptionTranslationFilter@4e4de0c6, org.springframework.security.web.access.intercept.FilterSecurityInterceptor@6d7db390]
11-02-2020 00:58:45.659 [Test worker] INFO  o.s.b.t.m.w.SpringBootMockServletContext.log - Initializing Spring TestDispatcherServlet ''
11-02-2020 00:58:45.659 [Test worker] INFO  o.s.t.w.s.TestDispatcherServlet.initServletBean - Initializing Servlet ''
11-02-2020 00:58:45.681 [Test worker] INFO  o.s.t.w.s.TestDispatcherServlet.initServletBean - Completed initialization in 21 ms
11-02-2020 00:58:45.735 [Test worker] INFO  c.g.t.controller.UserControllerTest.logStarted - Started UserControllerTest in 4.032 seconds (JVM running for 6.453)
11-02-2020 00:58:45.991 [Test worker] INFO  c.g.test.controller.UserController.updateUserById - Init updateUserById - Request user: User{id=1, name='Juan', email='aaA2a2aaa3333@gmail.com', password='12345678', isActive='false'}
11-02-2020 00:58:45.994 [Test worker] INFO  c.g.test.controller.UserController.updateUserById - Finish updateUserById
11-02-2020 00:58:46.009 [Test worker] INFO  c.g.test.controller.UserController.create - Init create - Request user: User{id=null, name='Pedro Perez', email='aaA2a2aaa2323@hotmail.com', password='12345678', isActive='true'}
11-02-2020 00:58:46.011 [Test worker] INFO  c.g.test.controller.UserController.create - Usuario Creado, user: User{id=null, name='Pedro Perez', email='aaA2a2aaa2323@hotmail.com', password='12345678', isActive='true'}
11-02-2020 00:58:46.011 [Test worker] INFO  c.g.test.controller.UserController.create - Finish create
11-02-2020 00:58:46.111 [SpringContextShutdownHook] INFO  o.s.s.c.ThreadPoolTaskExecutor.shutdown - Shutting down ExecutorService 'applicationTaskExecutor'
11-02-2020 00:59:20.609 [Test worker] INFO  c.g.t.controller.UserControllerTest.logStarting - Starting UserControllerTest on DESKTOP-K8AD8AM with PID 1424 (started by Imagemaker in C:\BCH\springboot\spring-boot-globalogic-test)
11-02-2020 00:59:20.615 [Test worker] INFO  c.g.t.controller.UserControllerTest.logStartupProfileInfo - No active profile set, falling back to default profiles: default
11-02-2020 00:59:22.993 [Test worker] INFO  o.s.s.c.ThreadPoolTaskExecutor.initialize - Initializing ExecutorService 'applicationTaskExecutor'
11-02-2020 00:59:23.569 [Test worker] INFO  o.s.b.a.s.s.UserDetailsServiceAutoConfiguration.getOrDeducePassword - 

Using generated security password: 86e0d9af-610a-44f3-a5ef-2deeab64f1e1

11-02-2020 00:59:23.898 [Test worker] INFO  o.s.s.web.DefaultSecurityFilterChain.<init> - Creating filter chain: any request, [org.springframework.security.web.context.request.async.WebAsyncManagerIntegrationFilter@22d5e997, org.springframework.security.web.context.SecurityContextPersistenceFilter@3f407b3a, org.springframework.security.web.header.HeaderWriterFilter@777ca48f, org.springframework.security.web.csrf.CsrfFilter@3179a43a, org.springframework.security.web.authentication.logout.LogoutFilter@af7e5bf, org.springframework.security.web.authentication.UsernamePasswordAuthenticationFilter@2bbd3a14, org.springframework.security.web.authentication.ui.DefaultLoginPageGeneratingFilter@32be35c3, org.springframework.security.web.authentication.ui.DefaultLogoutPageGeneratingFilter@1f23d8bd, org.springframework.security.web.authentication.www.BasicAuthenticationFilter@6e94cdfd, org.springframework.security.web.savedrequest.RequestCacheAwareFilter@332ae3b0, org.springframework.security.web.servletapi.SecurityContextHolderAwareRequestFilter@1b330f0b, org.springframework.security.web.authentication.AnonymousAuthenticationFilter@7487d478, org.springframework.security.web.session.SessionManagementFilter@5199ff7b, org.springframework.security.web.access.ExceptionTranslationFilter@1c64dbd7, org.springframework.security.web.access.intercept.FilterSecurityInterceptor@2d9649f3]
11-02-2020 00:59:24.006 [Test worker] INFO  o.s.b.t.m.w.SpringBootMockServletContext.log - Initializing Spring TestDispatcherServlet ''
11-02-2020 00:59:24.007 [Test worker] INFO  o.s.t.w.s.TestDispatcherServlet.initServletBean - Initializing Servlet ''
11-02-2020 00:59:24.034 [Test worker] INFO  o.s.t.w.s.TestDispatcherServlet.initServletBean - Completed initialization in 26 ms
11-02-2020 00:59:24.082 [Test worker] INFO  c.g.t.controller.UserControllerTest.logStarted - Started UserControllerTest in 4.084 seconds (JVM running for 6.521)
11-02-2020 00:59:24.329 [Test worker] INFO  c.g.test.controller.UserController.updateUserById - Init updateUserById - Request user: User{id=1, name='Juan', email='aaA2a2aaa3333@gmail.com', password='12345678', isActive='false'}
11-02-2020 00:59:24.332 [Test worker] INFO  c.g.test.controller.UserController.updateUserById - Finish updateUserById
11-02-2020 00:59:24.345 [Test worker] INFO  c.g.test.controller.UserController.create - Init create - Request user: User{id=null, name='Pedro Perez', email='aaA2a2aaa2323@hotmail.com', password='12345678', isActive='true'}
11-02-2020 00:59:24.346 [Test worker] INFO  c.g.test.controller.UserController.create - Usuario Creado, user: User{id=null, name='Pedro Perez', email='aaA2a2aaa2323@hotmail.com', password='12345678', isActive='true'}
11-02-2020 00:59:24.346 [Test worker] INFO  c.g.test.controller.UserController.create - Finish create
11-02-2020 00:59:24.449 [SpringContextShutdownHook] INFO  o.s.s.c.ThreadPoolTaskExecutor.shutdown - Shutting down ExecutorService 'applicationTaskExecutor'
11-02-2020 00:59:35.603 [restartedMain] INFO  c.g.test.SpringBootTestApplication.logStarting - Starting SpringBootTestApplication on DESKTOP-K8AD8AM with PID 13612 (C:\BCH\springboot\spring-boot-globalogic-test\build\classes\java\main started by Imagemaker in C:\BCH\springboot\spring-boot-globalogic-test)
11-02-2020 00:59:35.607 [restartedMain] INFO  c.g.test.SpringBootTestApplication.logStartupProfileInfo - No active profile set, falling back to default profiles: default
11-02-2020 00:59:35.670 [restartedMain] INFO  o.s.b.d.restart.ChangeableUrls.logTo - The Class-Path manifest attribute in C:\Users\Imagemaker\.gradle\caches\modules-2\files-2.1\org.glassfish.jaxb\jaxb-runtime\2.3.2\5528bc882ea499a09d720b42af11785c4fc6be2a\jaxb-runtime-2.3.2.jar referenced one or more files that do not exist: file:/C:/Users/Imagemaker/.gradle/caches/modules-2/files-2.1/org.glassfish.jaxb/jaxb-runtime/2.3.2/5528bc882ea499a09d720b42af11785c4fc6be2a/jakarta.xml.bind-api-2.3.2.jar,file:/C:/Users/Imagemaker/.gradle/caches/modules-2/files-2.1/org.glassfish.jaxb/jaxb-runtime/2.3.2/5528bc882ea499a09d720b42af11785c4fc6be2a/txw2-2.3.2.jar,file:/C:/Users/Imagemaker/.gradle/caches/modules-2/files-2.1/org.glassfish.jaxb/jaxb-runtime/2.3.2/5528bc882ea499a09d720b42af11785c4fc6be2a/istack-commons-runtime-3.0.8.jar,file:/C:/Users/Imagemaker/.gradle/caches/modules-2/files-2.1/org.glassfish.jaxb/jaxb-runtime/2.3.2/5528bc882ea499a09d720b42af11785c4fc6be2a/stax-ex-1.8.1.jar,file:/C:/Users/Imagemaker/.gradle/caches/modules-2/files-2.1/org.glassfish.jaxb/jaxb-runtime/2.3.2/5528bc882ea499a09d720b42af11785c4fc6be2a/FastInfoset-1.2.16.jar,file:/C:/Users/Imagemaker/.gradle/caches/modules-2/files-2.1/org.glassfish.jaxb/jaxb-runtime/2.3.2/5528bc882ea499a09d720b42af11785c4fc6be2a/jakarta.activation-api-1.2.1.jar
11-02-2020 00:59:35.670 [restartedMain] INFO  o.s.b.d.e.DevToolsPropertyDefaultsPostProcessor.logTo - Devtools property defaults active! Set 'spring.devtools.add-properties' to 'false' to disable
11-02-2020 00:59:35.670 [restartedMain] INFO  o.s.b.d.e.DevToolsPropertyDefaultsPostProcessor.logTo - For additional web related logging consider setting the 'logging.level.web' property to 'DEBUG'
11-02-2020 00:59:36.679 [restartedMain] INFO  o.s.d.r.c.RepositoryConfigurationDelegate.registerRepositoriesIn - Bootstrapping Spring Data repositories in DEFAULT mode.
11-02-2020 00:59:36.781 [restartedMain] INFO  o.s.d.r.c.RepositoryConfigurationDelegate.registerRepositoriesIn - Finished Spring Data repository scanning in 91ms. Found 2 repository interfaces.
11-02-2020 00:59:37.229 [restartedMain] INFO  o.s.c.s.PostProcessorRegistrationDelegate$BeanPostProcessorChecker.postProcessAfterInitialization - Bean 'org.springframework.transaction.annotation.ProxyTransactionManagementConfiguration' of type [org.springframework.transaction.annotation.ProxyTransactionManagementConfiguration] is not eligible for getting processed by all BeanPostProcessors (for example: not eligible for auto-proxying)
11-02-2020 00:59:37.828 [restartedMain] INFO  o.s.b.w.e.tomcat.TomcatWebServer.initialize - Tomcat initialized with port(s): 8080 (http)
11-02-2020 00:59:37.839 [restartedMain] INFO  o.a.catalina.core.StandardService.log - Starting service [Tomcat]
11-02-2020 00:59:37.840 [restartedMain] INFO  o.a.catalina.core.StandardEngine.log - Starting Servlet engine: [Apache Tomcat/9.0.27]
11-02-2020 00:59:37.978 [restartedMain] INFO  o.a.c.c.C.[Tomcat].[localhost].[/].log - Initializing Spring embedded WebApplicationContext
11-02-2020 00:59:37.979 [restartedMain] INFO  o.s.web.context.ContextLoader.prepareWebApplicationContext - Root WebApplicationContext: initialization completed in 2309 ms
11-02-2020 00:59:38.026 [restartedMain] INFO  com.zaxxer.hikari.HikariDataSource.getConnection - HikariPool-1 - Starting...
11-02-2020 00:59:38.141 [restartedMain] INFO  com.zaxxer.hikari.HikariDataSource.getConnection - HikariPool-1 - Start completed.
11-02-2020 00:59:38.149 [restartedMain] INFO  o.s.b.a.h.H2ConsoleAutoConfiguration.lambda$h2Console$0 - H2 console available at '/h2-console'. Database available at 'jdbc:h2:mem:testdb'
11-02-2020 00:59:38.297 [restartedMain] INFO  o.h.jpa.internal.util.LogHelper.logPersistenceUnitInformation - HHH000204: Processing PersistenceUnitInfo [name: default]
11-02-2020 00:59:38.362 [restartedMain] INFO  org.hibernate.Version.logVersion - HHH000412: Hibernate Core {5.4.6.Final}
11-02-2020 00:59:38.496 [restartedMain] INFO  o.h.annotations.common.Version.<clinit> - HCANN000001: Hibernate Commons Annotations {5.1.0.Final}
11-02-2020 00:59:38.635 [restartedMain] INFO  org.hibernate.dialect.Dialect.<init> - HHH000400: Using dialect: org.hibernate.dialect.H2Dialect
11-02-2020 00:59:39.475 [restartedMain] INFO  o.h.e.t.j.p.i.JtaPlatformInitiator.initiateService - HHH000490: Using JtaPlatform implementation: [org.hibernate.engine.transaction.jta.platform.internal.NoJtaPlatform]
11-02-2020 00:59:39.487 [restartedMain] INFO  o.s.o.j.LocalContainerEntityManagerFactoryBean.buildNativeEntityManagerFactory - Initialized JPA EntityManagerFactory for persistence unit 'default'
11-02-2020 00:59:39.543 [restartedMain] INFO  o.s.b.d.a.OptionalLiveReloadServer.startServer - LiveReload server is running on port 35729
11-02-2020 00:59:39.634 [restartedMain] WARN  o.s.b.a.o.j.JpaBaseConfiguration$JpaWebConfiguration.openEntityManagerInViewInterceptor - spring.jpa.open-in-view is enabled by default. Therefore, database queries may be performed during view rendering. Explicitly configure spring.jpa.open-in-view to disable this warning
11-02-2020 00:59:40.182 [restartedMain] WARN  o.s.s.o.p.t.s.JwtAccessTokenConverter.afterPropertiesSet - Unable to create an RSA verifier from verifierKey (ignoreable if using MAC)
11-02-2020 00:59:40.567 [restartedMain] INFO  o.s.s.c.ThreadPoolTaskExecutor.initialize - Initializing ExecutorService 'applicationTaskExecutor'
11-02-2020 00:59:40.935 [restartedMain] INFO  o.s.s.web.DefaultSecurityFilterChain.<init> - Creating filter chain: OrRequestMatcher [requestMatchers=[Ant [pattern='/oauth/token'], Ant [pattern='/oauth/token_key'], Ant [pattern='/oauth/check_token']]], [org.springframework.security.web.context.request.async.WebAsyncManagerIntegrationFilter@6039e9ce, org.springframework.security.web.context.SecurityContextPersistenceFilter@33816a40, org.springframework.security.web.header.HeaderWriterFilter@68201c0e, org.springframework.security.web.authentication.logout.LogoutFilter@62e66ffc, org.springframework.security.web.authentication.www.BasicAuthenticationFilter@22e1fd52, org.springframework.security.web.savedrequest.RequestCacheAwareFilter@4e2abe7b, org.springframework.security.web.servletapi.SecurityContextHolderAwareRequestFilter@76b4c882, org.springframework.security.web.authentication.AnonymousAuthenticationFilter@7afc949d, org.springframework.security.web.session.SessionManagementFilter@47b39dc8, org.springframework.security.web.access.ExceptionTranslationFilter@727c70ed, org.springframework.security.web.access.intercept.FilterSecurityInterceptor@4a90dec4]
11-02-2020 00:59:40.949 [restartedMain] INFO  o.s.s.web.DefaultSecurityFilterChain.<init> - Creating filter chain: org.springframework.security.oauth2.config.annotation.web.configuration.ResourceServerConfiguration$NotOAuthRequestMatcher@5aa44697, [org.springframework.security.web.context.request.async.WebAsyncManagerIntegrationFilter@34b69dab, org.springframework.security.web.context.SecurityContextPersistenceFilter@2700d0d2, org.springframework.security.web.header.HeaderWriterFilter@5558f629, org.springframework.security.web.authentication.logout.LogoutFilter@208e399d, org.springframework.security.oauth2.provider.authentication.OAuth2AuthenticationProcessingFilter@4ea4f438, org.springframework.security.web.savedrequest.RequestCacheAwareFilter@3fae324c, org.springframework.security.web.servletapi.SecurityContextHolderAwareRequestFilter@2dd5722e, org.springframework.security.web.authentication.AnonymousAuthenticationFilter@2d4ee05, org.springframework.security.web.session.SessionManagementFilter@171778e6, org.springframework.security.web.access.ExceptionTranslationFilter@2537b03e, org.springframework.security.web.access.intercept.FilterSecurityInterceptor@4a49e565]
11-02-2020 00:59:40.952 [restartedMain] INFO  o.s.s.web.DefaultSecurityFilterChain.<init> - Creating filter chain: any request, [org.springframework.security.web.context.request.async.WebAsyncManagerIntegrationFilter@4f198543, org.springframework.security.web.context.SecurityContextPersistenceFilter@5f4d32a9, org.springframework.security.web.header.HeaderWriterFilter@4f604874, org.springframework.security.web.authentication.logout.LogoutFilter@10060da9, org.springframework.security.web.savedrequest.RequestCacheAwareFilter@1f19ba3b, org.springframework.security.web.servletapi.SecurityContextHolderAwareRequestFilter@52776244, org.springframework.security.web.authentication.AnonymousAuthenticationFilter@60f3eba7, org.springframework.security.web.session.SessionManagementFilter@c6f1085, org.springframework.security.web.access.ExceptionTranslationFilter@1b2b67fc, org.springframework.security.web.access.intercept.FilterSecurityInterceptor@680d8e87]
11-02-2020 00:59:41.073 [restartedMain] INFO  o.s.b.w.e.tomcat.TomcatWebServer.start - Tomcat started on port(s): 8080 (http) with context path ''
11-02-2020 00:59:41.079 [restartedMain] INFO  c.g.test.SpringBootTestApplication.logStarted - Started SpringBootTestApplication in 5.915 seconds (JVM running for 7.13)
11-02-2020 01:28:38.139 [restartedMain] INFO  c.g.test.SpringBootTestApplication.logStarting - Starting SpringBootTestApplication on DESKTOP-K8AD8AM with PID 7664 (C:\BCH\springboot\spring-boot-globalogic-test\build\classes\java\main started by Imagemaker in C:\BCH\springboot\spring-boot-globalogic-test)
11-02-2020 01:28:38.144 [restartedMain] INFO  c.g.test.SpringBootTestApplication.logStartupProfileInfo - No active profile set, falling back to default profiles: default
11-02-2020 01:28:38.229 [restartedMain] INFO  o.s.b.d.restart.ChangeableUrls.logTo - The Class-Path manifest attribute in C:\Users\Imagemaker\.gradle\caches\modules-2\files-2.1\org.glassfish.jaxb\jaxb-runtime\2.3.2\5528bc882ea499a09d720b42af11785c4fc6be2a\jaxb-runtime-2.3.2.jar referenced one or more files that do not exist: file:/C:/Users/Imagemaker/.gradle/caches/modules-2/files-2.1/org.glassfish.jaxb/jaxb-runtime/2.3.2/5528bc882ea499a09d720b42af11785c4fc6be2a/jakarta.xml.bind-api-2.3.2.jar,file:/C:/Users/Imagemaker/.gradle/caches/modules-2/files-2.1/org.glassfish.jaxb/jaxb-runtime/2.3.2/5528bc882ea499a09d720b42af11785c4fc6be2a/txw2-2.3.2.jar,file:/C:/Users/Imagemaker/.gradle/caches/modules-2/files-2.1/org.glassfish.jaxb/jaxb-runtime/2.3.2/5528bc882ea499a09d720b42af11785c4fc6be2a/istack-commons-runtime-3.0.8.jar,file:/C:/Users/Imagemaker/.gradle/caches/modules-2/files-2.1/org.glassfish.jaxb/jaxb-runtime/2.3.2/5528bc882ea499a09d720b42af11785c4fc6be2a/stax-ex-1.8.1.jar,file:/C:/Users/Imagemaker/.gradle/caches/modules-2/files-2.1/org.glassfish.jaxb/jaxb-runtime/2.3.2/5528bc882ea499a09d720b42af11785c4fc6be2a/FastInfoset-1.2.16.jar,file:/C:/Users/Imagemaker/.gradle/caches/modules-2/files-2.1/org.glassfish.jaxb/jaxb-runtime/2.3.2/5528bc882ea499a09d720b42af11785c4fc6be2a/jakarta.activation-api-1.2.1.jar
11-02-2020 01:28:38.230 [restartedMain] INFO  o.s.b.d.e.DevToolsPropertyDefaultsPostProcessor.logTo - Devtools property defaults active! Set 'spring.devtools.add-properties' to 'false' to disable
11-02-2020 01:28:38.231 [restartedMain] INFO  o.s.b.d.e.DevToolsPropertyDefaultsPostProcessor.logTo - For additional web related logging consider setting the 'logging.level.web' property to 'DEBUG'
11-02-2020 01:28:39.368 [restartedMain] INFO  o.s.d.r.c.RepositoryConfigurationDelegate.registerRepositoriesIn - Bootstrapping Spring Data repositories in DEFAULT mode.
11-02-2020 01:28:39.464 [restartedMain] INFO  o.s.d.r.c.RepositoryConfigurationDelegate.registerRepositoriesIn - Finished Spring Data repository scanning in 86ms. Found 2 repository interfaces.
11-02-2020 01:28:40.010 [restartedMain] INFO  o.s.c.s.PostProcessorRegistrationDelegate$BeanPostProcessorChecker.postProcessAfterInitialization - Bean 'org.springframework.transaction.annotation.ProxyTransactionManagementConfiguration' of type [org.springframework.transaction.annotation.ProxyTransactionManagementConfiguration] is not eligible for getting processed by all BeanPostProcessors (for example: not eligible for auto-proxying)
11-02-2020 01:28:40.702 [restartedMain] INFO  o.s.b.w.e.tomcat.TomcatWebServer.initialize - Tomcat initialized with port(s): 8080 (http)
11-02-2020 01:28:40.718 [restartedMain] INFO  o.a.catalina.core.StandardService.log - Starting service [Tomcat]
11-02-2020 01:28:40.718 [restartedMain] INFO  o.a.catalina.core.StandardEngine.log - Starting Servlet engine: [Apache Tomcat/9.0.27]
11-02-2020 01:28:40.858 [restartedMain] INFO  o.a.c.c.C.[Tomcat].[localhost].[/].log - Initializing Spring embedded WebApplicationContext
11-02-2020 01:28:40.860 [restartedMain] INFO  o.s.web.context.ContextLoader.prepareWebApplicationContext - Root WebApplicationContext: initialization completed in 2629 ms
11-02-2020 01:28:40.915 [restartedMain] INFO  com.zaxxer.hikari.HikariDataSource.getConnection - HikariPool-1 - Starting...
11-02-2020 01:28:41.073 [restartedMain] INFO  com.zaxxer.hikari.HikariDataSource.getConnection - HikariPool-1 - Start completed.
11-02-2020 01:28:41.083 [restartedMain] INFO  o.s.b.a.h.H2ConsoleAutoConfiguration.lambda$h2Console$0 - H2 console available at '/h2-console'. Database available at 'jdbc:h2:mem:testdb'
11-02-2020 01:28:41.285 [restartedMain] INFO  o.h.jpa.internal.util.LogHelper.logPersistenceUnitInformation - HHH000204: Processing PersistenceUnitInfo [name: default]
11-02-2020 01:28:41.369 [restartedMain] INFO  org.hibernate.Version.logVersion - HHH000412: Hibernate Core {5.4.6.Final}
11-02-2020 01:28:41.645 [restartedMain] INFO  o.h.annotations.common.Version.<clinit> - HCANN000001: Hibernate Commons Annotations {5.1.0.Final}
11-02-2020 01:28:41.789 [restartedMain] INFO  org.hibernate.dialect.Dialect.<init> - HHH000400: Using dialect: org.hibernate.dialect.H2Dialect
11-02-2020 01:28:42.964 [restartedMain] INFO  o.h.e.t.j.p.i.JtaPlatformInitiator.initiateService - HHH000490: Using JtaPlatform implementation: [org.hibernate.engine.transaction.jta.platform.internal.NoJtaPlatform]
11-02-2020 01:28:42.976 [restartedMain] INFO  o.s.o.j.LocalContainerEntityManagerFactoryBean.buildNativeEntityManagerFactory - Initialized JPA EntityManagerFactory for persistence unit 'default'
11-02-2020 01:28:43.041 [restartedMain] INFO  o.s.b.d.a.OptionalLiveReloadServer.startServer - LiveReload server is running on port 35729
11-02-2020 01:28:43.155 [restartedMain] WARN  o.s.b.a.o.j.JpaBaseConfiguration$JpaWebConfiguration.openEntityManagerInViewInterceptor - spring.jpa.open-in-view is enabled by default. Therefore, database queries may be performed during view rendering. Explicitly configure spring.jpa.open-in-view to disable this warning
11-02-2020 01:28:43.914 [restartedMain] WARN  o.s.s.o.p.t.s.JwtAccessTokenConverter.afterPropertiesSet - Unable to create an RSA verifier from verifierKey (ignoreable if using MAC)
11-02-2020 01:28:44.379 [restartedMain] INFO  o.s.s.c.ThreadPoolTaskExecutor.initialize - Initializing ExecutorService 'applicationTaskExecutor'
11-02-2020 01:28:44.848 [restartedMain] INFO  o.s.s.web.DefaultSecurityFilterChain.<init> - Creating filter chain: OrRequestMatcher [requestMatchers=[Ant [pattern='/oauth/token'], Ant [pattern='/oauth/token_key'], Ant [pattern='/oauth/check_token']]], [org.springframework.security.web.context.request.async.WebAsyncManagerIntegrationFilter@e143710, org.springframework.security.web.context.SecurityContextPersistenceFilter@34ac7ef2, org.springframework.security.web.header.HeaderWriterFilter@7ad9368, org.springframework.security.web.authentication.logout.LogoutFilter@3176c34b, org.springframework.security.web.authentication.www.BasicAuthenticationFilter@96af7f1, org.springframework.security.web.savedrequest.RequestCacheAwareFilter@2bcf3416, org.springframework.security.web.servletapi.SecurityContextHolderAwareRequestFilter@ddd4a68, org.springframework.security.web.authentication.AnonymousAuthenticationFilter@3c859562, org.springframework.security.web.session.SessionManagementFilter@339ce579, org.springframework.security.web.access.ExceptionTranslationFilter@e2cc447, org.springframework.security.web.access.intercept.FilterSecurityInterceptor@2b22a672]
11-02-2020 01:28:44.863 [restartedMain] INFO  o.s.s.web.DefaultSecurityFilterChain.<init> - Creating filter chain: org.springframework.security.oauth2.config.annotation.web.configuration.ResourceServerConfiguration$NotOAuthRequestMatcher@c4dcd4c, [org.springframework.security.web.context.request.async.WebAsyncManagerIntegrationFilter@486ef53f, org.springframework.security.web.context.SecurityContextPersistenceFilter@35af7c07, org.springframework.security.web.header.HeaderWriterFilter@4420d1a1, org.springframework.security.web.authentication.logout.LogoutFilter@d1fe438, org.springframework.security.oauth2.provider.authentication.OAuth2AuthenticationProcessingFilter@524c07c6, org.springframework.security.web.savedrequest.RequestCacheAwareFilter@64151aa1, org.springframework.security.web.servletapi.SecurityContextHolderAwareRequestFilter@26fa725b, org.springframework.security.web.authentication.AnonymousAuthenticationFilter@d1df1cd, org.springframework.security.web.session.SessionManagementFilter@4e85608c, org.springframework.security.web.access.ExceptionTranslationFilter@6f37db88, org.springframework.security.web.access.intercept.FilterSecurityInterceptor@636da72c]
11-02-2020 01:28:44.866 [restartedMain] INFO  o.s.s.web.DefaultSecurityFilterChain.<init> - Creating filter chain: any request, [org.springframework.security.web.context.request.async.WebAsyncManagerIntegrationFilter@d884b5c, org.springframework.security.web.context.SecurityContextPersistenceFilter@cf360c6, org.springframework.security.web.header.HeaderWriterFilter@18c34f71, org.springframework.security.web.authentication.logout.LogoutFilter@74eb287f, org.springframework.security.web.savedrequest.RequestCacheAwareFilter@3c5487e0, org.springframework.security.web.servletapi.SecurityContextHolderAwareRequestFilter@3e6eefdc, org.springframework.security.web.authentication.AnonymousAuthenticationFilter@2624add8, org.springframework.security.web.session.SessionManagementFilter@5d20135a, org.springframework.security.web.access.ExceptionTranslationFilter@7dd9a9d9, org.springframework.security.web.access.intercept.FilterSecurityInterceptor@27eee1d6]
11-02-2020 01:28:44.981 [restartedMain] INFO  o.s.b.w.e.tomcat.TomcatWebServer.start - Tomcat started on port(s): 8080 (http) with context path ''
11-02-2020 01:28:44.989 [restartedMain] INFO  c.g.test.SpringBootTestApplication.logStarted - Started SpringBootTestApplication in 7.421 seconds (JVM running for 9.073)
11-02-2020 01:29:14.984 [SpringContextShutdownHook] INFO  o.s.s.c.ThreadPoolTaskExecutor.shutdown - Shutting down ExecutorService 'applicationTaskExecutor'
11-02-2020 01:29:14.988 [SpringContextShutdownHook] INFO  o.s.o.j.LocalContainerEntityManagerFactoryBean.destroy - Closing JPA EntityManagerFactory for persistence unit 'default'
11-02-2020 01:29:14.989 [SpringContextShutdownHook] INFO  o.h.t.s.i.SchemaDropperImpl$DelayedDropActionImpl.perform - HHH000477: Starting delayed evictData of schema as part of SessionFactory shut-down'
11-02-2020 01:29:15.015 [SpringContextShutdownHook] WARN  o.s.b.f.s.DisposableBeanAdapter.destroy - Invocation of destroy method failed on bean with name 'inMemoryDatabaseShutdownExecutor': org.h2.jdbc.JdbcSQLNonTransientConnectionException: La base de datos ya esta cerrada (para des-habilitar el cerrado automatico durante el shutdown de la VM, agregue ";DB_CLOSE_ON_EXIT=FALSE" a la URL de conexin)
Database is already closed (to disable automatic closing at VM shutdown, add ";DB_CLOSE_ON_EXIT=FALSE" to the db URL) [90121-199]
11-02-2020 01:29:15.016 [SpringContextShutdownHook] INFO  com.zaxxer.hikari.HikariDataSource.close - HikariPool-1 - Shutdown initiated...
11-02-2020 01:29:15.022 [SpringContextShutdownHook] INFO  com.zaxxer.hikari.HikariDataSource.close - HikariPool-1 - Shutdown completed.
11-02-2020 01:29:25.083 [restartedMain] INFO  c.g.test.SpringBootTestApplication.logStarting - Starting SpringBootTestApplication on DESKTOP-K8AD8AM with PID 9632 (C:\BCH\springboot\spring-boot-globalogic-test\build\classes\java\main started by Imagemaker in C:\BCH\springboot\spring-boot-globalogic-test)
11-02-2020 01:29:25.088 [restartedMain] INFO  c.g.test.SpringBootTestApplication.logStartupProfileInfo - No active profile set, falling back to default profiles: default
11-02-2020 01:29:25.175 [restartedMain] INFO  o.s.b.d.restart.ChangeableUrls.logTo - The Class-Path manifest attribute in C:\Users\Imagemaker\.gradle\caches\modules-2\files-2.1\org.glassfish.jaxb\jaxb-runtime\2.3.2\5528bc882ea499a09d720b42af11785c4fc6be2a\jaxb-runtime-2.3.2.jar referenced one or more files that do not exist: file:/C:/Users/Imagemaker/.gradle/caches/modules-2/files-2.1/org.glassfish.jaxb/jaxb-runtime/2.3.2/5528bc882ea499a09d720b42af11785c4fc6be2a/jakarta.xml.bind-api-2.3.2.jar,file:/C:/Users/Imagemaker/.gradle/caches/modules-2/files-2.1/org.glassfish.jaxb/jaxb-runtime/2.3.2/5528bc882ea499a09d720b42af11785c4fc6be2a/txw2-2.3.2.jar,file:/C:/Users/Imagemaker/.gradle/caches/modules-2/files-2.1/org.glassfish.jaxb/jaxb-runtime/2.3.2/5528bc882ea499a09d720b42af11785c4fc6be2a/istack-commons-runtime-3.0.8.jar,file:/C:/Users/Imagemaker/.gradle/caches/modules-2/files-2.1/org.glassfish.jaxb/jaxb-runtime/2.3.2/5528bc882ea499a09d720b42af11785c4fc6be2a/stax-ex-1.8.1.jar,file:/C:/Users/Imagemaker/.gradle/caches/modules-2/files-2.1/org.glassfish.jaxb/jaxb-runtime/2.3.2/5528bc882ea499a09d720b42af11785c4fc6be2a/FastInfoset-1.2.16.jar,file:/C:/Users/Imagemaker/.gradle/caches/modules-2/files-2.1/org.glassfish.jaxb/jaxb-runtime/2.3.2/5528bc882ea499a09d720b42af11785c4fc6be2a/jakarta.activation-api-1.2.1.jar
11-02-2020 01:29:25.176 [restartedMain] INFO  o.s.b.d.e.DevToolsPropertyDefaultsPostProcessor.logTo - Devtools property defaults active! Set 'spring.devtools.add-properties' to 'false' to disable
11-02-2020 01:29:25.177 [restartedMain] INFO  o.s.b.d.e.DevToolsPropertyDefaultsPostProcessor.logTo - For additional web related logging consider setting the 'logging.level.web' property to 'DEBUG'
11-02-2020 01:29:26.306 [restartedMain] INFO  o.s.d.r.c.RepositoryConfigurationDelegate.registerRepositoriesIn - Bootstrapping Spring Data repositories in DEFAULT mode.
11-02-2020 01:29:26.398 [restartedMain] INFO  o.s.d.r.c.RepositoryConfigurationDelegate.registerRepositoriesIn - Finished Spring Data repository scanning in 81ms. Found 2 repository interfaces.
11-02-2020 01:29:26.941 [restartedMain] INFO  o.s.c.s.PostProcessorRegistrationDelegate$BeanPostProcessorChecker.postProcessAfterInitialization - Bean 'org.springframework.transaction.annotation.ProxyTransactionManagementConfiguration' of type [org.springframework.transaction.annotation.ProxyTransactionManagementConfiguration] is not eligible for getting processed by all BeanPostProcessors (for example: not eligible for auto-proxying)
11-02-2020 01:29:27.583 [restartedMain] INFO  o.s.b.w.e.tomcat.TomcatWebServer.initialize - Tomcat initialized with port(s): 8080 (http)
11-02-2020 01:29:27.596 [restartedMain] INFO  o.a.catalina.core.StandardService.log - Starting service [Tomcat]
11-02-2020 01:29:27.597 [restartedMain] INFO  o.a.catalina.core.StandardEngine.log - Starting Servlet engine: [Apache Tomcat/9.0.27]
11-02-2020 01:29:27.737 [restartedMain] INFO  o.a.c.c.C.[Tomcat].[localhost].[/].log - Initializing Spring embedded WebApplicationContext
11-02-2020 01:29:27.738 [restartedMain] INFO  o.s.web.context.ContextLoader.prepareWebApplicationContext - Root WebApplicationContext: initialization completed in 2561 ms
11-02-2020 01:29:27.793 [restartedMain] INFO  com.zaxxer.hikari.HikariDataSource.getConnection - HikariPool-1 - Starting...
11-02-2020 01:29:27.929 [restartedMain] INFO  com.zaxxer.hikari.HikariDataSource.getConnection - HikariPool-1 - Start completed.
11-02-2020 01:29:27.937 [restartedMain] INFO  o.s.b.a.h.H2ConsoleAutoConfiguration.lambda$h2Console$0 - H2 console available at '/h2-console'. Database available at 'jdbc:h2:mem:testdb'
11-02-2020 01:29:28.119 [restartedMain] INFO  o.h.jpa.internal.util.LogHelper.logPersistenceUnitInformation - HHH000204: Processing PersistenceUnitInfo [name: default]
11-02-2020 01:29:28.217 [restartedMain] INFO  org.hibernate.Version.logVersion - HHH000412: Hibernate Core {5.4.6.Final}
11-02-2020 01:29:28.470 [restartedMain] INFO  o.h.annotations.common.Version.<clinit> - HCANN000001: Hibernate Commons Annotations {5.1.0.Final}
11-02-2020 01:29:28.615 [restartedMain] INFO  org.hibernate.dialect.Dialect.<init> - HHH000400: Using dialect: org.hibernate.dialect.H2Dialect
11-02-2020 01:29:29.732 [restartedMain] INFO  o.h.e.t.j.p.i.JtaPlatformInitiator.initiateService - HHH000490: Using JtaPlatform implementation: [org.hibernate.engine.transaction.jta.platform.internal.NoJtaPlatform]
11-02-2020 01:29:29.743 [restartedMain] INFO  o.s.o.j.LocalContainerEntityManagerFactoryBean.buildNativeEntityManagerFactory - Initialized JPA EntityManagerFactory for persistence unit 'default'
11-02-2020 01:29:29.790 [restartedMain] INFO  o.s.b.d.a.OptionalLiveReloadServer.startServer - LiveReload server is running on port 35729
11-02-2020 01:29:29.881 [restartedMain] WARN  o.s.b.a.o.j.JpaBaseConfiguration$JpaWebConfiguration.openEntityManagerInViewInterceptor - spring.jpa.open-in-view is enabled by default. Therefore, database queries may be performed during view rendering. Explicitly configure spring.jpa.open-in-view to disable this warning
11-02-2020 01:29:30.582 [restartedMain] WARN  o.s.s.o.p.t.s.JwtAccessTokenConverter.afterPropertiesSet - Unable to create an RSA verifier from verifierKey (ignoreable if using MAC)
11-02-2020 01:29:30.997 [restartedMain] INFO  o.s.s.c.ThreadPoolTaskExecutor.initialize - Initializing ExecutorService 'applicationTaskExecutor'
11-02-2020 01:29:31.490 [restartedMain] INFO  o.s.s.web.DefaultSecurityFilterChain.<init> - Creating filter chain: OrRequestMatcher [requestMatchers=[Ant [pattern='/oauth/token'], Ant [pattern='/oauth/token_key'], Ant [pattern='/oauth/check_token']]], [org.springframework.security.web.context.request.async.WebAsyncManagerIntegrationFilter@558f5b3c, org.springframework.security.web.context.SecurityContextPersistenceFilter@9f31db0, org.springframework.security.web.header.HeaderWriterFilter@38a74e1f, org.springframework.security.web.authentication.logout.LogoutFilter@5e8af59a, org.springframework.security.web.authentication.www.BasicAuthenticationFilter@5937fc1, org.springframework.security.web.savedrequest.RequestCacheAwareFilter@d992fa5, org.springframework.security.web.servletapi.SecurityContextHolderAwareRequestFilter@40bd2f4, org.springframework.security.web.authentication.AnonymousAuthenticationFilter@53e8af48, org.springframework.security.web.session.SessionManagementFilter@2f75b3f3, org.springframework.security.web.access.ExceptionTranslationFilter@4f48d77a, org.springframework.security.web.access.intercept.FilterSecurityInterceptor@25a3ad36]
11-02-2020 01:29:31.508 [restartedMain] INFO  o.s.s.web.DefaultSecurityFilterChain.<init> - Creating filter chain: org.springframework.security.oauth2.config.annotation.web.configuration.ResourceServerConfiguration$NotOAuthRequestMatcher@4d56da6b, [org.springframework.security.web.context.request.async.WebAsyncManagerIntegrationFilter@62a42bc9, org.springframework.security.web.context.SecurityContextPersistenceFilter@2c0a8a9e, org.springframework.security.web.header.HeaderWriterFilter@221b7e28, org.springframework.security.web.authentication.logout.LogoutFilter@3c63e380, org.springframework.security.oauth2.provider.authentication.OAuth2AuthenticationProcessingFilter@3a1472c1, org.springframework.security.web.savedrequest.RequestCacheAwareFilter@6c26fa49, org.springframework.security.web.servletapi.SecurityContextHolderAwareRequestFilter@153523db, org.springframework.security.web.authentication.AnonymousAuthenticationFilter@21c8ffcc, org.springframework.security.web.session.SessionManagementFilter@8db3f5e, org.springframework.security.web.access.ExceptionTranslationFilter@7366614f, org.springframework.security.web.access.intercept.FilterSecurityInterceptor@993ed4f]
11-02-2020 01:29:31.511 [restartedMain] INFO  o.s.s.web.DefaultSecurityFilterChain.<init> - Creating filter chain: any request, [org.springframework.security.web.context.request.async.WebAsyncManagerIntegrationFilter@4e14253f, org.springframework.security.web.context.SecurityContextPersistenceFilter@4283e4b3, org.springframework.security.web.header.HeaderWriterFilter@1bbe4ae, org.springframework.security.web.authentication.logout.LogoutFilter@74c2b68d, org.springframework.security.web.savedrequest.RequestCacheAwareFilter@3cf87b0f, org.springframework.security.web.servletapi.SecurityContextHolderAwareRequestFilter@62b876aa, org.springframework.security.web.authentication.AnonymousAuthenticationFilter@698d131a, org.springframework.security.web.session.SessionManagementFilter@4dc0c141, org.springframework.security.web.access.ExceptionTranslationFilter@6d1272ee, org.springframework.security.web.access.intercept.FilterSecurityInterceptor@29b62653]
11-02-2020 01:29:31.634 [restartedMain] INFO  o.s.b.w.e.tomcat.TomcatWebServer.start - Tomcat started on port(s): 8080 (http) with context path ''
11-02-2020 01:29:31.639 [restartedMain] INFO  c.g.test.SpringBootTestApplication.logStarted - Started SpringBootTestApplication in 7.124 seconds (JVM running for 8.64)
11-02-2020 01:29:43.907 [SpringContextShutdownHook] INFO  o.s.s.c.ThreadPoolTaskExecutor.shutdown - Shutting down ExecutorService 'applicationTaskExecutor'
11-02-2020 01:29:43.911 [SpringContextShutdownHook] INFO  o.s.o.j.LocalContainerEntityManagerFactoryBean.destroy - Closing JPA EntityManagerFactory for persistence unit 'default'
11-02-2020 01:29:43.912 [SpringContextShutdownHook] INFO  o.h.t.s.i.SchemaDropperImpl$DelayedDropActionImpl.perform - HHH000477: Starting delayed evictData of schema as part of SessionFactory shut-down'
11-02-2020 01:29:43.938 [SpringContextShutdownHook] WARN  o.s.b.f.s.DisposableBeanAdapter.destroy - Invocation of destroy method failed on bean with name 'inMemoryDatabaseShutdownExecutor': org.h2.jdbc.JdbcSQLNonTransientConnectionException: La base de datos ya esta cerrada (para des-habilitar el cerrado automatico durante el shutdown de la VM, agregue ";DB_CLOSE_ON_EXIT=FALSE" a la URL de conexin)
Database is already closed (to disable automatic closing at VM shutdown, add ";DB_CLOSE_ON_EXIT=FALSE" to the db URL) [90121-199]
11-02-2020 01:29:43.939 [SpringContextShutdownHook] INFO  com.zaxxer.hikari.HikariDataSource.close - HikariPool-1 - Shutdown initiated...
11-02-2020 01:29:43.946 [SpringContextShutdownHook] INFO  com.zaxxer.hikari.HikariDataSource.close - HikariPool-1 - Shutdown completed.
11-02-2020 01:30:01.212 [Test worker] INFO  c.g.t.controller.UserControllerTest.logStarting - Starting UserControllerTest on DESKTOP-K8AD8AM with PID 14536 (started by Imagemaker in C:\BCH\springboot\spring-boot-globalogic-test)
11-02-2020 01:30:01.217 [Test worker] INFO  c.g.t.controller.UserControllerTest.logStartupProfileInfo - No active profile set, falling back to default profiles: default
11-02-2020 01:30:04.002 [Test worker] INFO  o.s.s.c.ThreadPoolTaskExecutor.initialize - Initializing ExecutorService 'applicationTaskExecutor'
11-02-2020 01:30:04.734 [Test worker] INFO  o.s.b.a.s.s.UserDetailsServiceAutoConfiguration.getOrDeducePassword - 

Using generated security password: c8f568c3-9462-4685-8ec9-1d10d42e89a6

11-02-2020 01:30:05.135 [Test worker] INFO  o.s.s.web.DefaultSecurityFilterChain.<init> - Creating filter chain: any request, [org.springframework.security.web.context.request.async.WebAsyncManagerIntegrationFilter@176af8f, org.springframework.security.web.context.SecurityContextPersistenceFilter@3918b7af, org.springframework.security.web.header.HeaderWriterFilter@2d0cc8c2, org.springframework.security.web.csrf.CsrfFilter@2382830a, org.springframework.security.web.authentication.logout.LogoutFilter@54740199, org.springframework.security.web.authentication.UsernamePasswordAuthenticationFilter@414fa071, org.springframework.security.web.authentication.ui.DefaultLoginPageGeneratingFilter@37737d93, org.springframework.security.web.authentication.ui.DefaultLogoutPageGeneratingFilter@ab2fe6d, org.springframework.security.web.authentication.www.BasicAuthenticationFilter@21f8e851, org.springframework.security.web.savedrequest.RequestCacheAwareFilter@71f59b56, org.springframework.security.web.servletapi.SecurityContextHolderAwareRequestFilter@51dd0eb0, org.springframework.security.web.authentication.AnonymousAuthenticationFilter@11cb257, org.springframework.security.web.session.SessionManagementFilter@7c3aa153, org.springframework.security.web.access.ExceptionTranslationFilter@35bfbf73, org.springframework.security.web.access.intercept.FilterSecurityInterceptor@e137ac5]
11-02-2020 01:30:05.242 [Test worker] INFO  o.s.b.t.m.w.SpringBootMockServletContext.log - Initializing Spring TestDispatcherServlet ''
11-02-2020 01:30:05.243 [Test worker] INFO  o.s.t.w.s.TestDispatcherServlet.initServletBean - Initializing Servlet ''
11-02-2020 01:30:05.274 [Test worker] INFO  o.s.t.w.s.TestDispatcherServlet.initServletBean - Completed initialization in 30 ms
11-02-2020 01:30:05.336 [Test worker] INFO  c.g.t.controller.UserControllerTest.logStarted - Started UserControllerTest in 4.801 seconds (JVM running for 7.683)
11-02-2020 01:30:05.630 [Test worker] INFO  c.g.test.controller.UserController.updateUserById - Init updateUserById - Request user: User{id=1, name='Juan', email='aaA2a2aaa3333@gmail.com', password='12345678', isActive='false'}
11-02-2020 01:30:05.632 [Test worker] INFO  c.g.test.controller.UserController.updateUserById - Finish updateUserById
11-02-2020 01:30:05.648 [Test worker] INFO  c.g.test.controller.UserController.create - Init create - Request user: User{id=null, name='Pedro Perez', email='aaA2a2aaa2323@hotmail.com', password='12345678', isActive='true'}
11-02-2020 01:30:05.650 [Test worker] INFO  c.g.test.controller.UserController.create - Usuario Creado, user: User{id=null, name='Pedro Perez', email='aaA2a2aaa2323@hotmail.com', password='12345678', isActive='true'}
11-02-2020 01:30:05.650 [Test worker] INFO  c.g.test.controller.UserController.create - Finish create
11-02-2020 01:30:25.118 [Test worker] INFO  c.g.t.controller.UserControllerTest.logStarting - Starting UserControllerTest on DESKTOP-K8AD8AM with PID 6924 (started by Imagemaker in C:\BCH\springboot\spring-boot-globalogic-test)
11-02-2020 01:30:25.124 [Test worker] INFO  c.g.t.controller.UserControllerTest.logStartupProfileInfo - No active profile set, falling back to default profiles: default
11-02-2020 01:30:27.905 [Test worker] INFO  o.s.s.c.ThreadPoolTaskExecutor.initialize - Initializing ExecutorService 'applicationTaskExecutor'
11-02-2020 01:30:28.642 [Test worker] INFO  o.s.b.a.s.s.UserDetailsServiceAutoConfiguration.getOrDeducePassword - 

Using generated security password: 21013c47-1601-4fed-a340-9e23cc5627bd

11-02-2020 01:30:29.085 [Test worker] INFO  o.s.s.web.DefaultSecurityFilterChain.<init> - Creating filter chain: any request, [org.springframework.security.web.context.request.async.WebAsyncManagerIntegrationFilter@2bd1d26c, org.springframework.security.web.context.SecurityContextPersistenceFilter@a37dd50, org.springframework.security.web.header.HeaderWriterFilter@7151f2a4, org.springframework.security.web.csrf.CsrfFilter@5b9166b6, org.springframework.security.web.authentication.logout.LogoutFilter@593a4da5, org.springframework.security.web.authentication.UsernamePasswordAuthenticationFilter@22d3c079, org.springframework.security.web.authentication.ui.DefaultLoginPageGeneratingFilter@2dfc07ca, org.springframework.security.web.authentication.ui.DefaultLogoutPageGeneratingFilter@76d8075, org.springframework.security.web.authentication.www.BasicAuthenticationFilter@679eb0dc, org.springframework.security.web.savedrequest.RequestCacheAwareFilter@28511f71, org.springframework.security.web.servletapi.SecurityContextHolderAwareRequestFilter@1f0b08bf, org.springframework.security.web.authentication.AnonymousAuthenticationFilter@6b3cf69e, org.springframework.security.web.session.SessionManagementFilter@471b4812, org.springframework.security.web.access.ExceptionTranslationFilter@1d9b48a3, org.springframework.security.web.access.intercept.FilterSecurityInterceptor@49049f54]
11-02-2020 01:30:29.208 [Test worker] INFO  o.s.b.t.m.w.SpringBootMockServletContext.log - Initializing Spring TestDispatcherServlet ''
11-02-2020 01:30:29.208 [Test worker] INFO  o.s.t.w.s.TestDispatcherServlet.initServletBean - Initializing Servlet ''
11-02-2020 01:30:29.241 [Test worker] INFO  o.s.t.w.s.TestDispatcherServlet.initServletBean - Completed initialization in 32 ms
11-02-2020 01:30:29.299 [Test worker] INFO  c.g.t.controller.UserControllerTest.logStarted - Started UserControllerTest in 4.88 seconds (JVM running for 7.704)
11-02-2020 01:30:29.591 [Test worker] INFO  c.g.test.controller.UserController.updateUserById - Init updateUserById - Request user: User{id=1, name='Juan', email='aaA2a2aaa3333@gmail.com', password='12345678', isActive='false'}
11-02-2020 01:30:29.595 [Test worker] INFO  c.g.test.controller.UserController.updateUserById - Finish updateUserById
11-02-2020 01:30:29.612 [Test worker] INFO  c.g.test.controller.UserController.create - Init create - Request user: User{id=null, name='Pedro Perez', email='aaA2a2aaa2323@hotmail.com', password='12345678', isActive='true'}
11-02-2020 01:30:29.613 [Test worker] INFO  c.g.test.controller.UserController.create - Usuario Creado, user: User{id=null, name='Pedro Perez', email='aaA2a2aaa2323@hotmail.com', password='12345678', isActive='true'}
11-02-2020 01:30:29.614 [Test worker] INFO  c.g.test.controller.UserController.create - Finish create
11-02-2020 01:30:59.964 [SpringContextShutdownHook] INFO  o.s.s.c.ThreadPoolTaskExecutor.shutdown - Shutting down ExecutorService 'applicationTaskExecutor'
11-02-2020 01:31:49.062 [Test worker] INFO  c.g.t.controller.UserControllerTest.logStarting - Starting UserControllerTest on DESKTOP-K8AD8AM with PID 11052 (started by Imagemaker in C:\BCH\springboot\spring-boot-globalogic-test)
11-02-2020 01:31:49.069 [Test worker] INFO  c.g.t.controller.UserControllerTest.logStartupProfileInfo - No active profile set, falling back to default profiles: default
11-02-2020 01:31:51.828 [Test worker] INFO  o.s.s.c.ThreadPoolTaskExecutor.initialize - Initializing ExecutorService 'applicationTaskExecutor'
11-02-2020 01:31:52.584 [Test worker] INFO  o.s.b.a.s.s.UserDetailsServiceAutoConfiguration.getOrDeducePassword - 

Using generated security password: a3016c83-8e0e-4f6c-b4de-edacf500de19

11-02-2020 01:31:53.058 [Test worker] INFO  o.s.s.web.DefaultSecurityFilterChain.<init> - Creating filter chain: any request, [org.springframework.security.web.context.request.async.WebAsyncManagerIntegrationFilter@3bb1d3bb, org.springframework.security.web.context.SecurityContextPersistenceFilter@29e280ad, org.springframework.security.web.header.HeaderWriterFilter@355e6752, org.springframework.security.web.csrf.CsrfFilter@3b3607a3, org.springframework.security.web.authentication.logout.LogoutFilter@6d13a5d0, org.springframework.security.web.authentication.UsernamePasswordAuthenticationFilter@229374c9, org.springframework.security.web.authentication.ui.DefaultLoginPageGeneratingFilter@4931d8a5, org.springframework.security.web.authentication.ui.DefaultLogoutPageGeneratingFilter@90c4e1d, org.springframework.security.web.authentication.www.BasicAuthenticationFilter@7987078e, org.springframework.security.web.savedrequest.RequestCacheAwareFilter@2cdcc2e, org.springframework.security.web.servletapi.SecurityContextHolderAwareRequestFilter@df4d6ef, org.springframework.security.web.authentication.AnonymousAuthenticationFilter@2c80101a, org.springframework.security.web.session.SessionManagementFilter@2822e8d1, org.springframework.security.web.access.ExceptionTranslationFilter@39214687, org.springframework.security.web.access.intercept.FilterSecurityInterceptor@5fb78f43]
11-02-2020 01:31:53.181 [Test worker] INFO  o.s.b.t.m.w.SpringBootMockServletContext.log - Initializing Spring TestDispatcherServlet ''
11-02-2020 01:31:53.182 [Test worker] INFO  o.s.t.w.s.TestDispatcherServlet.initServletBean - Initializing Servlet ''
11-02-2020 01:31:53.210 [Test worker] INFO  o.s.t.w.s.TestDispatcherServlet.initServletBean - Completed initialization in 27 ms
11-02-2020 01:31:53.274 [Test worker] INFO  c.g.t.controller.UserControllerTest.logStarted - Started UserControllerTest in 4.901 seconds (JVM running for 7.636)
11-02-2020 01:31:53.554 [Test worker] INFO  c.g.test.controller.UserController.updateUserById - Init updateUserById - Request user: User{id=1, name='Juan', email='aaA2a2aaa3333@gmail.com', password='12345678', isActive='false'}
11-02-2020 01:31:53.557 [Test worker] INFO  c.g.test.controller.UserController.updateUserById - Finish updateUserById
11-02-2020 01:31:53.575 [Test worker] INFO  c.g.test.controller.UserController.create - Init create - Request user: User{id=null, name='Pedro Perez', email='aaA2a2aaa2323@hotmail.com', password='12345678', isActive='true'}
11-02-2020 01:31:53.577 [Test worker] INFO  c.g.test.controller.UserController.create - Usuario Creado, user: User{id=null, name='Pedro Perez', email='aaA2a2aaa2323@hotmail.com', password='12345678', isActive='true'}
11-02-2020 01:31:53.577 [Test worker] INFO  c.g.test.controller.UserController.create - Finish create
11-02-2020 01:32:06.934 [Test worker] INFO  c.g.test.controller.UserController.deleteUserById - Init deleteUserById - Request user: 1
11-02-2020 01:32:06.938 [Test worker] INFO  c.g.test.controller.UserController.deleteUserById - Usuario Eliminado, user ID: 1
11-02-2020 01:32:06.941 [Test worker] INFO  c.g.test.controller.UserController.deleteUserById - Finish deleteUserById
11-02-2020 01:34:42.677 [Test worker] INFO  c.g.t.controller.UserControllerTest.logStarting - Starting UserControllerTest on DESKTOP-K8AD8AM with PID 9556 (started by Imagemaker in C:\BCH\springboot\spring-boot-globalogic-test)
11-02-2020 01:34:42.683 [Test worker] INFO  c.g.t.controller.UserControllerTest.logStartupProfileInfo - No active profile set, falling back to default profiles: default
11-02-2020 01:34:45.501 [Test worker] INFO  o.s.s.c.ThreadPoolTaskExecutor.initialize - Initializing ExecutorService 'applicationTaskExecutor'
11-02-2020 01:34:46.232 [Test worker] INFO  o.s.b.a.s.s.UserDetailsServiceAutoConfiguration.getOrDeducePassword - 

Using generated security password: e8854d59-98f2-4e57-994e-f6d64fd40ffc

11-02-2020 01:34:46.672 [Test worker] INFO  o.s.s.web.DefaultSecurityFilterChain.<init> - Creating filter chain: any request, [org.springframework.security.web.context.request.async.WebAsyncManagerIntegrationFilter@484a3d10, org.springframework.security.web.context.SecurityContextPersistenceFilter@12449aa7, org.springframework.security.web.header.HeaderWriterFilter@6db11ae8, org.springframework.security.web.csrf.CsrfFilter@1ad191f, org.springframework.security.web.authentication.logout.LogoutFilter@526695d2, org.springframework.security.web.authentication.UsernamePasswordAuthenticationFilter@364dc29c, org.springframework.security.web.authentication.ui.DefaultLoginPageGeneratingFilter@7ca378ae, org.springframework.security.web.authentication.ui.DefaultLogoutPageGeneratingFilter@653beae6, org.springframework.security.web.authentication.www.BasicAuthenticationFilter@1e9098c5, org.springframework.security.web.savedrequest.RequestCacheAwareFilter@63e25efd, org.springframework.security.web.servletapi.SecurityContextHolderAwareRequestFilter@79afc1ce, org.springframework.security.web.authentication.AnonymousAuthenticationFilter@351a5956, org.springframework.security.web.session.SessionManagementFilter@2d7d5d9a, org.springframework.security.web.access.ExceptionTranslationFilter@3a1ee795, org.springframework.security.web.access.intercept.FilterSecurityInterceptor@7890d0cb]
11-02-2020 01:34:46.792 [Test worker] INFO  o.s.b.t.m.w.SpringBootMockServletContext.log - Initializing Spring TestDispatcherServlet ''
11-02-2020 01:34:46.793 [Test worker] INFO  o.s.t.w.s.TestDispatcherServlet.initServletBean - Initializing Servlet ''
11-02-2020 01:34:46.821 [Test worker] INFO  o.s.t.w.s.TestDispatcherServlet.initServletBean - Completed initialization in 27 ms
11-02-2020 01:34:46.884 [Test worker] INFO  c.g.t.controller.UserControllerTest.logStarted - Started UserControllerTest in 4.854 seconds (JVM running for 7.56)
11-02-2020 01:34:47.162 [Test worker] INFO  c.g.test.controller.UserController.updateUserById - Init updateUserById - Request user: User{id=1, name='Juan', email='aaA2a2aaa3333@gmail.com', password='12345678', isActive='false'}
11-02-2020 01:34:47.165 [Test worker] INFO  c.g.test.controller.UserController.updateUserById - Finish updateUserById
11-02-2020 01:34:47.181 [Test worker] INFO  c.g.test.controller.UserController.create - Init create - Request user: User{id=null, name='Pedro Perez', email='aaA2a2aaa2323@hotmail.com', password='12345678', isActive='true'}
11-02-2020 01:34:47.183 [Test worker] INFO  c.g.test.controller.UserController.create - Usuario Creado, user: User{id=null, name='Pedro Perez', email='aaA2a2aaa2323@hotmail.com', password='12345678', isActive='true'}
11-02-2020 01:34:47.184 [Test worker] INFO  c.g.test.controller.UserController.create - Finish create
11-02-2020 01:34:58.495 [Test worker] INFO  c.g.test.controller.UserController.deleteUserById - Init deleteUserById - Request user: 1
11-02-2020 01:34:58.499 [Test worker] INFO  c.g.test.controller.UserController.deleteUserById - Usuario Eliminado, user ID: 1
11-02-2020 01:34:58.502 [Test worker] INFO  c.g.test.controller.UserController.deleteUserById - Finish deleteUserById
11-02-2020 01:36:05.703 [Test worker] INFO  c.g.t.controller.UserControllerTest.logStarting - Starting UserControllerTest on DESKTOP-K8AD8AM with PID 9400 (started by Imagemaker in C:\BCH\springboot\spring-boot-globalogic-test)
11-02-2020 01:36:05.710 [Test worker] INFO  c.g.t.controller.UserControllerTest.logStartupProfileInfo - No active profile set, falling back to default profiles: default
11-02-2020 01:36:08.645 [Test worker] INFO  o.s.s.c.ThreadPoolTaskExecutor.initialize - Initializing ExecutorService 'applicationTaskExecutor'
11-02-2020 01:36:09.342 [Test worker] INFO  o.s.b.a.s.s.UserDetailsServiceAutoConfiguration.getOrDeducePassword - 

Using generated security password: 15048478-7a49-4cb5-8eaf-7c3114060185

11-02-2020 01:36:09.775 [Test worker] INFO  o.s.s.web.DefaultSecurityFilterChain.<init> - Creating filter chain: any request, [org.springframework.security.web.context.request.async.WebAsyncManagerIntegrationFilter@66f4f967, org.springframework.security.web.context.SecurityContextPersistenceFilter@293054a6, org.springframework.security.web.header.HeaderWriterFilter@509ec814, org.springframework.security.web.csrf.CsrfFilter@586f35e2, org.springframework.security.web.authentication.logout.LogoutFilter@64e6c6df, org.springframework.security.web.authentication.UsernamePasswordAuthenticationFilter@581c28fa, org.springframework.security.web.authentication.ui.DefaultLoginPageGeneratingFilter@47cec33e, org.springframework.security.web.authentication.ui.DefaultLogoutPageGeneratingFilter@eae4cbb, org.springframework.security.web.authentication.www.BasicAuthenticationFilter@662bd2e6, org.springframework.security.web.savedrequest.RequestCacheAwareFilter@b9585d7, org.springframework.security.web.servletapi.SecurityContextHolderAwareRequestFilter@1244d664, org.springframework.security.web.authentication.AnonymousAuthenticationFilter@7c84cbf8, org.springframework.security.web.session.SessionManagementFilter@7ce7f15d, org.springframework.security.web.access.ExceptionTranslationFilter@5269c43e, org.springframework.security.web.access.intercept.FilterSecurityInterceptor@78a4a21e]
11-02-2020 01:36:09.893 [Test worker] INFO  o.s.b.t.m.w.SpringBootMockServletContext.log - Initializing Spring TestDispatcherServlet ''
11-02-2020 01:36:09.894 [Test worker] INFO  o.s.t.w.s.TestDispatcherServlet.initServletBean - Initializing Servlet ''
11-02-2020 01:36:09.921 [Test worker] INFO  o.s.t.w.s.TestDispatcherServlet.initServletBean - Completed initialization in 27 ms
11-02-2020 01:36:09.978 [Test worker] INFO  c.g.t.controller.UserControllerTest.logStarted - Started UserControllerTest in 4.946 seconds (JVM running for 7.686)
11-02-2020 01:36:10.261 [Test worker] INFO  c.g.test.controller.UserController.updateUserById - Init updateUserById - Request user: User{id=1, name='Juan', email='aaA2a2aaa3333@gmail.com', password='12345678', isActive='false'}
11-02-2020 01:36:10.264 [Test worker] INFO  c.g.test.controller.UserController.updateUserById - Finish updateUserById
11-02-2020 01:36:10.281 [Test worker] INFO  c.g.test.controller.UserController.create - Init create - Request user: User{id=null, name='Pedro Perez', email='aaA2a2aaa2323@hotmail.com', password='12345678', isActive='true'}
11-02-2020 01:36:10.284 [Test worker] INFO  c.g.test.controller.UserController.create - Usuario Creado, user: User{id=null, name='Pedro Perez', email='aaA2a2aaa2323@hotmail.com', password='12345678', isActive='true'}
11-02-2020 01:36:10.284 [Test worker] INFO  c.g.test.controller.UserController.create - Finish create
11-02-2020 01:36:24.025 [Test worker] INFO  c.g.test.controller.UserController.deleteUserById - Init deleteUserById - Request user: 1
11-02-2020 01:36:24.032 [Test worker] INFO  c.g.test.controller.UserController.deleteUserById - Usuario Eliminado, user ID: 1
11-02-2020 01:36:24.036 [Test worker] INFO  c.g.test.controller.UserController.deleteUserById - Finish deleteUserById
11-02-2020 01:36:58.222 [Test worker] INFO  c.g.t.controller.UserControllerTest.logStarting - Starting UserControllerTest on DESKTOP-K8AD8AM with PID 15032 (started by Imagemaker in C:\BCH\springboot\spring-boot-globalogic-test)
11-02-2020 01:36:58.229 [Test worker] INFO  c.g.t.controller.UserControllerTest.logStartupProfileInfo - No active profile set, falling back to default profiles: default
11-02-2020 01:37:01.075 [Test worker] INFO  o.s.s.c.ThreadPoolTaskExecutor.initialize - Initializing ExecutorService 'applicationTaskExecutor'
11-02-2020 01:37:01.793 [Test worker] INFO  o.s.b.a.s.s.UserDetailsServiceAutoConfiguration.getOrDeducePassword - 

Using generated security password: 47b61233-bef3-412c-8e42-565d282ad5c4

11-02-2020 01:37:02.258 [Test worker] INFO  o.s.s.web.DefaultSecurityFilterChain.<init> - Creating filter chain: any request, [org.springframework.security.web.context.request.async.WebAsyncManagerIntegrationFilter@23120720, org.springframework.security.web.context.SecurityContextPersistenceFilter@433054c7, org.springframework.security.web.header.HeaderWriterFilter@10a4bf78, org.springframework.security.web.csrf.CsrfFilter@562562d7, org.springframework.security.web.authentication.logout.LogoutFilter@22af790b, org.springframework.security.web.authentication.UsernamePasswordAuthenticationFilter@180c0767, org.springframework.security.web.authentication.ui.DefaultLoginPageGeneratingFilter@13a3fd55, org.springframework.security.web.authentication.ui.DefaultLogoutPageGeneratingFilter@2cbb5511, org.springframework.security.web.authentication.www.BasicAuthenticationFilter@7df4b6b1, org.springframework.security.web.savedrequest.RequestCacheAwareFilter@a2ae62d, org.springframework.security.web.servletapi.SecurityContextHolderAwareRequestFilter@79e01bad, org.springframework.security.web.authentication.AnonymousAuthenticationFilter@307092b3, org.springframework.security.web.session.SessionManagementFilter@188eaf2, org.springframework.security.web.access.ExceptionTranslationFilter@24e227c, org.springframework.security.web.access.intercept.FilterSecurityInterceptor@1ac040e9]
11-02-2020 01:37:02.374 [Test worker] INFO  o.s.b.t.m.w.SpringBootMockServletContext.log - Initializing Spring TestDispatcherServlet ''
11-02-2020 01:37:02.375 [Test worker] INFO  o.s.t.w.s.TestDispatcherServlet.initServletBean - Initializing Servlet ''
11-02-2020 01:37:02.404 [Test worker] INFO  o.s.t.w.s.TestDispatcherServlet.initServletBean - Completed initialization in 28 ms
11-02-2020 01:37:02.465 [Test worker] INFO  c.g.t.controller.UserControllerTest.logStarted - Started UserControllerTest in 4.921 seconds (JVM running for 7.701)
11-02-2020 01:37:02.736 [Test worker] INFO  c.g.test.controller.UserController.updateUserById - Init updateUserById - Request user: User{id=1, name='Juan', email='aaA2a2aaa3333@gmail.com', password='12345678', isActive='false'}
11-02-2020 01:37:02.739 [Test worker] INFO  c.g.test.controller.UserController.updateUserById - Finish updateUserById
11-02-2020 01:37:02.756 [Test worker] INFO  c.g.test.controller.UserController.create - Init create - Request user: User{id=null, name='Pedro Perez', email='aaA2a2aaa2323@hotmail.com', password='12345678', isActive='true'}
11-02-2020 01:37:02.758 [Test worker] INFO  c.g.test.controller.UserController.create - Usuario Creado, user: User{id=null, name='Pedro Perez', email='aaA2a2aaa2323@hotmail.com', password='12345678', isActive='true'}
11-02-2020 01:37:02.759 [Test worker] INFO  c.g.test.controller.UserController.create - Finish create
11-02-2020 01:37:15.701 [Test worker] INFO  c.g.test.controller.UserController.deleteUserById - Init deleteUserById - Request user: 1
11-02-2020 01:37:15.705 [Test worker] INFO  c.g.test.controller.UserController.deleteUserById - Usuario Eliminado, user ID: 1
11-02-2020 01:37:15.708 [Test worker] INFO  c.g.test.controller.UserController.deleteUserById - Finish deleteUserById
11-02-2020 01:37:22.778 [SpringContextShutdownHook] INFO  o.s.s.c.ThreadPoolTaskExecutor.shutdown - Shutting down ExecutorService 'applicationTaskExecutor'
11-02-2020 01:40:04.927 [Test worker] INFO  c.g.t.controller.UserControllerTest.logStarting - Starting UserControllerTest on DESKTOP-K8AD8AM with PID 15616 (started by Imagemaker in C:\BCH\springboot\spring-boot-globalogic-test)
11-02-2020 01:40:04.933 [Test worker] INFO  c.g.t.controller.UserControllerTest.logStartupProfileInfo - No active profile set, falling back to default profiles: default
11-02-2020 01:40:07.572 [Test worker] INFO  o.s.s.c.ThreadPoolTaskExecutor.initialize - Initializing ExecutorService 'applicationTaskExecutor'
11-02-2020 01:40:08.299 [Test worker] INFO  o.s.b.a.s.s.UserDetailsServiceAutoConfiguration.getOrDeducePassword - 

Using generated security password: f2fb85fc-848e-4fe0-bb37-5fc7e7dd7fd8

11-02-2020 01:40:08.763 [Test worker] INFO  o.s.s.web.DefaultSecurityFilterChain.<init> - Creating filter chain: any request, [org.springframework.security.web.context.request.async.WebAsyncManagerIntegrationFilter@54c95f85, org.springframework.security.web.context.SecurityContextPersistenceFilter@343676ca, org.springframework.security.web.header.HeaderWriterFilter@6e0ff713, org.springframework.security.web.csrf.CsrfFilter@7a0b0477, org.springframework.security.web.authentication.logout.LogoutFilter@3c2e3499, org.springframework.security.web.authentication.UsernamePasswordAuthenticationFilter@220e2d20, org.springframework.security.web.authentication.ui.DefaultLoginPageGeneratingFilter@67a98f67, org.springframework.security.web.authentication.ui.DefaultLogoutPageGeneratingFilter@3a878f5e, org.springframework.security.web.authentication.www.BasicAuthenticationFilter@3b7e60c6, org.springframework.security.web.savedrequest.RequestCacheAwareFilter@4673ea54, org.springframework.security.web.servletapi.SecurityContextHolderAwareRequestFilter@5868c388, org.springframework.security.web.authentication.AnonymousAuthenticationFilter@1db79544, org.springframework.security.web.session.SessionManagementFilter@68cf43b2, org.springframework.security.web.access.ExceptionTranslationFilter@2411c49b, org.springframework.security.web.access.intercept.FilterSecurityInterceptor@71a93bb2]
11-02-2020 01:40:08.890 [Test worker] INFO  o.s.b.t.m.w.SpringBootMockServletContext.log - Initializing Spring TestDispatcherServlet ''
11-02-2020 01:40:08.891 [Test worker] INFO  o.s.t.w.s.TestDispatcherServlet.initServletBean - Initializing Servlet ''
11-02-2020 01:40:08.923 [Test worker] INFO  o.s.t.w.s.TestDispatcherServlet.initServletBean - Completed initialization in 31 ms
11-02-2020 01:40:08.987 [Test worker] INFO  c.g.t.controller.UserControllerTest.logStarted - Started UserControllerTest in 4.749 seconds (JVM running for 7.654)
11-02-2020 01:40:09.263 [Test worker] INFO  c.g.test.controller.UserController.updateUserById - Init updateUserById - Request user: User{id=1, name='Juan', email='aaA2a2aaa3333@gmail.com', password='12345678', isActive='false'}
11-02-2020 01:40:09.266 [Test worker] INFO  c.g.test.controller.UserController.updateUserById - Finish updateUserById
11-02-2020 01:40:09.281 [Test worker] INFO  c.g.test.controller.UserController.create - Init create - Request user: User{id=null, name='Pedro Perez', email='aaA2a2aaa2323@hotmail.com', password='12345678', isActive='true'}
11-02-2020 01:40:09.283 [Test worker] INFO  c.g.test.controller.UserController.create - Usuario Creado, user: User{id=null, name='Pedro Perez', email='aaA2a2aaa2323@hotmail.com', password='12345678', isActive='true'}
11-02-2020 01:40:09.283 [Test worker] INFO  c.g.test.controller.UserController.create - Finish create
11-02-2020 01:41:22.329 [Test worker] INFO  c.g.t.controller.UserControllerTest.logStarting - Starting UserControllerTest on DESKTOP-K8AD8AM with PID 15032 (started by Imagemaker in C:\BCH\springboot\spring-boot-globalogic-test)
11-02-2020 01:41:22.335 [Test worker] INFO  c.g.t.controller.UserControllerTest.logStartupProfileInfo - No active profile set, falling back to default profiles: default
11-02-2020 01:41:25.069 [Test worker] INFO  o.s.s.c.ThreadPoolTaskExecutor.initialize - Initializing ExecutorService 'applicationTaskExecutor'
11-02-2020 01:41:25.763 [Test worker] INFO  o.s.b.a.s.s.UserDetailsServiceAutoConfiguration.getOrDeducePassword - 

Using generated security password: ed0434db-bb7c-418e-b6de-e4ab269c1a0a

11-02-2020 01:41:26.221 [Test worker] INFO  o.s.s.web.DefaultSecurityFilterChain.<init> - Creating filter chain: any request, [org.springframework.security.web.context.request.async.WebAsyncManagerIntegrationFilter@1abcc33f, org.springframework.security.web.context.SecurityContextPersistenceFilter@5dea9108, org.springframework.security.web.header.HeaderWriterFilter@d62a4e2, org.springframework.security.web.csrf.CsrfFilter@4e4fa28e, org.springframework.security.web.authentication.logout.LogoutFilter@2f44ae34, org.springframework.security.web.authentication.UsernamePasswordAuthenticationFilter@2feb4471, org.springframework.security.web.authentication.ui.DefaultLoginPageGeneratingFilter@283be19a, org.springframework.security.web.authentication.ui.DefaultLogoutPageGeneratingFilter@5fd772b, org.springframework.security.web.authentication.www.BasicAuthenticationFilter@11a8c262, org.springframework.security.web.savedrequest.RequestCacheAwareFilter@30ebbbdd, org.springframework.security.web.servletapi.SecurityContextHolderAwareRequestFilter@64f062bd, org.springframework.security.web.authentication.AnonymousAuthenticationFilter@2eaf8e4c, org.springframework.security.web.session.SessionManagementFilter@32a09ec0, org.springframework.security.web.access.ExceptionTranslationFilter@490a053f, org.springframework.security.web.access.intercept.FilterSecurityInterceptor@3ef9d630]
11-02-2020 01:41:26.339 [Test worker] INFO  o.s.b.t.m.w.SpringBootMockServletContext.log - Initializing Spring TestDispatcherServlet ''
11-02-2020 01:41:26.340 [Test worker] INFO  o.s.t.w.s.TestDispatcherServlet.initServletBean - Initializing Servlet ''
11-02-2020 01:41:26.370 [Test worker] INFO  o.s.t.w.s.TestDispatcherServlet.initServletBean - Completed initialization in 29 ms
11-02-2020 01:41:26.429 [Test worker] INFO  c.g.t.controller.UserControllerTest.logStarted - Started UserControllerTest in 4.799 seconds (JVM running for 7.567)
11-02-2020 01:41:26.715 [Test worker] INFO  c.g.test.controller.UserController.updateUserById - Init updateUserById - Request user: User{id=1, name='Juan', email='aaA2a2aaa3333@gmail.com', password='12345678', isActive='false'}
11-02-2020 01:41:26.719 [Test worker] INFO  c.g.test.controller.UserController.updateUserById - Finish updateUserById
11-02-2020 01:41:26.738 [Test worker] INFO  c.g.test.controller.UserController.create - Init create - Request user: User{id=null, name='Pedro Perez', email='aaA2a2aaa2323@hotmail.com', password='12345678', isActive='true'}
11-02-2020 01:41:26.740 [Test worker] INFO  c.g.test.controller.UserController.create - Usuario Creado, user: User{id=null, name='Pedro Perez', email='aaA2a2aaa2323@hotmail.com', password='12345678', isActive='true'}
11-02-2020 01:41:26.741 [Test worker] INFO  c.g.test.controller.UserController.create - Finish create
11-02-2020 01:41:50.197 [Test worker] INFO  c.g.test.controller.UserController.deleteUserById - Init deleteUserById - Request user: 1
11-02-2020 01:41:50.198 [Test worker] INFO  c.g.test.controller.UserController.deleteUserById - Usuario Eliminado, user ID: 1
11-02-2020 01:41:50.199 [Test worker] INFO  c.g.test.controller.UserController.deleteUserById - Finish deleteUserById
11-02-2020 01:41:50.221 [SpringContextShutdownHook] INFO  o.s.s.c.ThreadPoolTaskExecutor.shutdown - Shutting down ExecutorService 'applicationTaskExecutor'
11-02-2020 01:42:56.620 [Test worker] INFO  c.g.t.controller.UserControllerTest.logStarting - Starting UserControllerTest on DESKTOP-K8AD8AM with PID 4100 (started by Imagemaker in C:\BCH\springboot\spring-boot-globalogic-test)
11-02-2020 01:42:56.626 [Test worker] INFO  c.g.t.controller.UserControllerTest.logStartupProfileInfo - No active profile set, falling back to default profiles: default
11-02-2020 01:42:59.420 [Test worker] INFO  o.s.s.c.ThreadPoolTaskExecutor.initialize - Initializing ExecutorService 'applicationTaskExecutor'
11-02-2020 01:43:00.165 [Test worker] INFO  o.s.b.a.s.s.UserDetailsServiceAutoConfiguration.getOrDeducePassword - 

Using generated security password: 3f3bd0c5-5434-45ea-84a9-adb2acc8c32e

11-02-2020 01:43:00.618 [Test worker] INFO  o.s.s.web.DefaultSecurityFilterChain.<init> - Creating filter chain: any request, [org.springframework.security.web.context.request.async.WebAsyncManagerIntegrationFilter@7e58768f, org.springframework.security.web.context.SecurityContextPersistenceFilter@134be9f, org.springframework.security.web.header.HeaderWriterFilter@4f425e75, org.springframework.security.web.csrf.CsrfFilter@48fa02f6, org.springframework.security.web.authentication.logout.LogoutFilter@2d697fa0, org.springframework.security.web.authentication.UsernamePasswordAuthenticationFilter@5b8c9bee, org.springframework.security.web.authentication.ui.DefaultLoginPageGeneratingFilter@517a43bd, org.springframework.security.web.authentication.ui.DefaultLogoutPageGeneratingFilter@5e08014, org.springframework.security.web.authentication.www.BasicAuthenticationFilter@66676bd5, org.springframework.security.web.savedrequest.RequestCacheAwareFilter@714cd266, org.springframework.security.web.servletapi.SecurityContextHolderAwareRequestFilter@24292306, org.springframework.security.web.authentication.AnonymousAuthenticationFilter@4ce542d, org.springframework.security.web.session.SessionManagementFilter@76e5a5d6, org.springframework.security.web.access.ExceptionTranslationFilter@1befee86, org.springframework.security.web.access.intercept.FilterSecurityInterceptor@a22591b]
11-02-2020 01:43:00.742 [Test worker] INFO  o.s.b.t.m.w.SpringBootMockServletContext.log - Initializing Spring TestDispatcherServlet ''
11-02-2020 01:43:00.743 [Test worker] INFO  o.s.t.w.s.TestDispatcherServlet.initServletBean - Initializing Servlet ''
11-02-2020 01:43:00.775 [Test worker] INFO  o.s.t.w.s.TestDispatcherServlet.initServletBean - Completed initialization in 31 ms
11-02-2020 01:43:00.839 [Test worker] INFO  c.g.t.controller.UserControllerTest.logStarted - Started UserControllerTest in 4.93 seconds (JVM running for 7.718)
11-02-2020 01:43:01.119 [Test worker] INFO  c.g.test.controller.UserController.updateUserById - Init updateUserById - Request user: User{id=1, name='Juan', email='aaA2a2aaa3333@gmail.com', password='12345678', isActive='false'}
11-02-2020 01:43:01.122 [Test worker] INFO  c.g.test.controller.UserController.updateUserById - Finish updateUserById
11-02-2020 01:43:01.140 [Test worker] INFO  c.g.test.controller.UserController.create - Init create - Request user: User{id=null, name='Pedro Perez', email='aaA2a2aaa2323@hotmail.com', password='12345678', isActive='true'}
11-02-2020 01:43:01.142 [Test worker] INFO  c.g.test.controller.UserController.create - Usuario Creado, user: User{id=null, name='Pedro Perez', email='aaA2a2aaa2323@hotmail.com', password='12345678', isActive='true'}
11-02-2020 01:43:01.143 [Test worker] INFO  c.g.test.controller.UserController.create - Finish create
11-02-2020 01:43:12.316 [Test worker] INFO  c.g.test.controller.UserController.deleteUserById - Init deleteUserById - Request user: 1
11-02-2020 01:43:12.318 [Test worker] INFO  c.g.test.controller.UserController.deleteUserById - Usuario Eliminado, user ID: 1
11-02-2020 01:43:12.319 [Test worker] INFO  c.g.test.controller.UserController.deleteUserById - Finish deleteUserById
11-02-2020 01:43:12.342 [SpringContextShutdownHook] INFO  o.s.s.c.ThreadPoolTaskExecutor.shutdown - Shutting down ExecutorService 'applicationTaskExecutor'
11-02-2020 01:44:01.687 [Test worker] INFO  c.g.t.controller.UserControllerTest.logStarting - Starting UserControllerTest on DESKTOP-K8AD8AM with PID 1916 (started by Imagemaker in C:\BCH\springboot\spring-boot-globalogic-test)
11-02-2020 01:44:01.693 [Test worker] INFO  c.g.t.controller.UserControllerTest.logStartupProfileInfo - No active profile set, falling back to default profiles: default
11-02-2020 01:44:04.464 [Test worker] INFO  o.s.s.c.ThreadPoolTaskExecutor.initialize - Initializing ExecutorService 'applicationTaskExecutor'
11-02-2020 01:44:05.237 [Test worker] INFO  o.s.b.a.s.s.UserDetailsServiceAutoConfiguration.getOrDeducePassword - 

Using generated security password: 513876c9-2495-42b8-a3a2-4f8fd43ec7c9

11-02-2020 01:44:05.679 [Test worker] INFO  o.s.s.web.DefaultSecurityFilterChain.<init> - Creating filter chain: any request, [org.springframework.security.web.context.request.async.WebAsyncManagerIntegrationFilter@1d06156c, org.springframework.security.web.context.SecurityContextPersistenceFilter@48ae2e3b, org.springframework.security.web.header.HeaderWriterFilter@d6dd1e4, org.springframework.security.web.csrf.CsrfFilter@4b78f04c, org.springframework.security.web.authentication.logout.LogoutFilter@3e9f527a, org.springframework.security.web.authentication.UsernamePasswordAuthenticationFilter@64ec5d1b, org.springframework.security.web.authentication.ui.DefaultLoginPageGeneratingFilter@274def6e, org.springframework.security.web.authentication.ui.DefaultLogoutPageGeneratingFilter@28f1eeb3, org.springframework.security.web.authentication.www.BasicAuthenticationFilter@7beb508e, org.springframework.security.web.savedrequest.RequestCacheAwareFilter@216dfb1a, org.springframework.security.web.servletapi.SecurityContextHolderAwareRequestFilter@30397a95, org.springframework.security.web.authentication.AnonymousAuthenticationFilter@4e7348bb, org.springframework.security.web.session.SessionManagementFilter@67039a8d, org.springframework.security.web.access.ExceptionTranslationFilter@262fc60d, org.springframework.security.web.access.intercept.FilterSecurityInterceptor@33bc8da6]
11-02-2020 01:44:05.797 [Test worker] INFO  o.s.b.t.m.w.SpringBootMockServletContext.log - Initializing Spring TestDispatcherServlet ''
11-02-2020 01:44:05.799 [Test worker] INFO  o.s.t.w.s.TestDispatcherServlet.initServletBean - Initializing Servlet ''
11-02-2020 01:44:05.831 [Test worker] INFO  o.s.t.w.s.TestDispatcherServlet.initServletBean - Completed initialization in 32 ms
11-02-2020 01:44:05.897 [Test worker] INFO  c.g.t.controller.UserControllerTest.logStarted - Started UserControllerTest in 4.915 seconds (JVM running for 7.769)
11-02-2020 01:44:06.168 [Test worker] INFO  c.g.test.controller.UserController.updateUserById - Init updateUserById - Request user: User{id=1, name='Juan', email='aaA2a2aaa3333@gmail.com', password='12345678', isActive='false'}
11-02-2020 01:44:06.171 [Test worker] INFO  c.g.test.controller.UserController.updateUserById - Finish updateUserById
11-02-2020 01:44:06.183 [Test worker] INFO  c.g.test.controller.UserController.create - Init create - Request user: User{id=null, name='Pedro Perez', email='aaA2a2aaa2323@hotmail.com', password='12345678', isActive='true'}
11-02-2020 01:44:06.184 [Test worker] INFO  c.g.test.controller.UserController.create - Usuario Creado, user: User{id=null, name='Pedro Perez', email='aaA2a2aaa2323@hotmail.com', password='12345678', isActive='true'}
11-02-2020 01:44:06.185 [Test worker] INFO  c.g.test.controller.UserController.create - Finish create
11-02-2020 01:44:12.349 [Test worker] INFO  c.g.test.controller.UserController.deleteUserById - Init deleteUserById - Request user: 1
11-02-2020 01:44:12.350 [Test worker] INFO  c.g.test.controller.UserController.deleteUserById - Usuario Eliminado, user ID: 1
11-02-2020 01:44:12.351 [Test worker] INFO  c.g.test.controller.UserController.deleteUserById - Finish deleteUserById
11-02-2020 01:44:12.375 [SpringContextShutdownHook] INFO  o.s.s.c.ThreadPoolTaskExecutor.shutdown - Shutting down ExecutorService 'applicationTaskExecutor'
11-02-2020 01:44:52.368 [Test worker] INFO  c.g.t.controller.UserControllerTest.logStarting - Starting UserControllerTest on DESKTOP-K8AD8AM with PID 7492 (started by Imagemaker in C:\BCH\springboot\spring-boot-globalogic-test)
11-02-2020 01:44:52.375 [Test worker] INFO  c.g.t.controller.UserControllerTest.logStartupProfileInfo - No active profile set, falling back to default profiles: default
11-02-2020 01:44:55.187 [Test worker] INFO  o.s.s.c.ThreadPoolTaskExecutor.initialize - Initializing ExecutorService 'applicationTaskExecutor'
11-02-2020 01:44:55.909 [Test worker] INFO  o.s.b.a.s.s.UserDetailsServiceAutoConfiguration.getOrDeducePassword - 

Using generated security password: fe675812-27e7-487f-8736-f5a6f2390575

11-02-2020 01:44:56.440 [Test worker] INFO  o.s.s.web.DefaultSecurityFilterChain.<init> - Creating filter chain: any request, [org.springframework.security.web.context.request.async.WebAsyncManagerIntegrationFilter@3600db70, org.springframework.security.web.context.SecurityContextPersistenceFilter@6746b107, org.springframework.security.web.header.HeaderWriterFilter@2827aa7e, org.springframework.security.web.csrf.CsrfFilter@3de97bb2, org.springframework.security.web.authentication.logout.LogoutFilter@673449c8, org.springframework.security.web.authentication.UsernamePasswordAuthenticationFilter@4383cc1b, org.springframework.security.web.authentication.ui.DefaultLoginPageGeneratingFilter@354b05bb, org.springframework.security.web.authentication.ui.DefaultLogoutPageGeneratingFilter@648ffe12, org.springframework.security.web.authentication.www.BasicAuthenticationFilter@3ab60c0e, org.springframework.security.web.savedrequest.RequestCacheAwareFilter@7101c109, org.springframework.security.web.servletapi.SecurityContextHolderAwareRequestFilter@5499245c, org.springframework.security.web.authentication.AnonymousAuthenticationFilter@594e6711, org.springframework.security.web.session.SessionManagementFilter@1c98400e, org.springframework.security.web.access.ExceptionTranslationFilter@d62a4e2, org.springframework.security.web.access.intercept.FilterSecurityInterceptor@4e17f5b5]
11-02-2020 01:44:56.607 [Test worker] INFO  o.s.b.t.m.w.SpringBootMockServletContext.log - Initializing Spring TestDispatcherServlet ''
11-02-2020 01:44:56.608 [Test worker] INFO  o.s.t.w.s.TestDispatcherServlet.initServletBean - Initializing Servlet ''
11-02-2020 01:44:56.648 [Test worker] INFO  o.s.t.w.s.TestDispatcherServlet.initServletBean - Completed initialization in 39 ms
11-02-2020 01:44:56.725 [Test worker] INFO  c.g.t.controller.UserControllerTest.logStarted - Started UserControllerTest in 5.026 seconds (JVM running for 7.798)
11-02-2020 01:44:57.098 [Test worker] INFO  c.g.test.controller.UserController.updateUserById - Init updateUserById - Request user: User{id=1, name='Juan', email='aaA2a2aaa3333@gmail.com', password='12345678', isActive='false'}
11-02-2020 01:44:57.103 [Test worker] INFO  c.g.test.controller.UserController.updateUserById - Finish updateUserById
11-02-2020 01:44:57.124 [Test worker] INFO  c.g.test.controller.UserController.create - Init create - Request user: User{id=null, name='Pedro Perez', email='aaA2a2aaa2323@hotmail.com', password='12345678', isActive='true'}
11-02-2020 01:44:57.126 [Test worker] INFO  c.g.test.controller.UserController.create - Usuario Creado, user: User{id=null, name='Pedro Perez', email='aaA2a2aaa2323@hotmail.com', password='12345678', isActive='true'}
11-02-2020 01:44:57.127 [Test worker] INFO  c.g.test.controller.UserController.create - Finish create
11-02-2020 01:46:20.382 [Test worker] INFO  c.g.test.controller.UserController.deleteUserById - Init deleteUserById - Request user: 1
11-02-2020 01:46:20.383 [Test worker] INFO  c.g.test.controller.UserController.deleteUserById - Usuario Eliminado, user ID: 1
11-02-2020 01:46:20.384 [Test worker] INFO  c.g.test.controller.UserController.deleteUserById - Finish deleteUserById
11-02-2020 01:46:20.407 [SpringContextShutdownHook] INFO  o.s.s.c.ThreadPoolTaskExecutor.shutdown - Shutting down ExecutorService 'applicationTaskExecutor'
11-02-2020 01:48:11.332 [Test worker] INFO  c.g.t.controller.UserControllerTest.logStarting - Starting UserControllerTest on DESKTOP-K8AD8AM with PID 6192 (started by Imagemaker in C:\BCH\springboot\spring-boot-globalogic-test)
11-02-2020 01:48:11.340 [Test worker] INFO  c.g.t.controller.UserControllerTest.logStartupProfileInfo - No active profile set, falling back to default profiles: default
11-02-2020 01:48:14.136 [Test worker] INFO  o.s.s.c.ThreadPoolTaskExecutor.initialize - Initializing ExecutorService 'applicationTaskExecutor'
11-02-2020 01:48:14.972 [Test worker] INFO  o.s.b.a.s.s.UserDetailsServiceAutoConfiguration.getOrDeducePassword - 

Using generated security password: f26435a6-55eb-43db-9758-c72326c6d6fc

11-02-2020 01:48:15.404 [Test worker] INFO  o.s.s.web.DefaultSecurityFilterChain.<init> - Creating filter chain: any request, [org.springframework.security.web.context.request.async.WebAsyncManagerIntegrationFilter@77788dea, org.springframework.security.web.context.SecurityContextPersistenceFilter@9653e65, org.springframework.security.web.header.HeaderWriterFilter@2e05f10f, org.springframework.security.web.csrf.CsrfFilter@2f7467b5, org.springframework.security.web.authentication.logout.LogoutFilter@2fdc61b3, org.springframework.security.web.authentication.UsernamePasswordAuthenticationFilter@2a0f2490, org.springframework.security.web.authentication.ui.DefaultLoginPageGeneratingFilter@67aac2e9, org.springframework.security.web.authentication.ui.DefaultLogoutPageGeneratingFilter@e918235, org.springframework.security.web.authentication.www.BasicAuthenticationFilter@2cd18904, org.springframework.security.web.savedrequest.RequestCacheAwareFilter@90a999a, org.springframework.security.web.servletapi.SecurityContextHolderAwareRequestFilter@44343dbb, org.springframework.security.web.authentication.AnonymousAuthenticationFilter@1e3839c3, org.springframework.security.web.session.SessionManagementFilter@341d7be0, org.springframework.security.web.access.ExceptionTranslationFilter@1d19680c, org.springframework.security.web.access.intercept.FilterSecurityInterceptor@131d68a5]
11-02-2020 01:48:15.517 [Test worker] INFO  o.s.b.t.m.w.SpringBootMockServletContext.log - Initializing Spring TestDispatcherServlet ''
11-02-2020 01:48:15.518 [Test worker] INFO  o.s.t.w.s.TestDispatcherServlet.initServletBean - Initializing Servlet ''
11-02-2020 01:48:15.549 [Test worker] INFO  o.s.t.w.s.TestDispatcherServlet.initServletBean - Completed initialization in 30 ms
11-02-2020 01:48:15.604 [Test worker] INFO  c.g.t.controller.UserControllerTest.logStarted - Started UserControllerTest in 4.982 seconds (JVM running for 7.766)
11-02-2020 01:48:15.876 [Test worker] INFO  c.g.test.controller.UserController.updateUserById - Init updateUserById - Request user: User{id=1, name='Juan', email='aaA2a2aaa3333@gmail.com', password='12345678', isActive='false'}
11-02-2020 01:48:15.879 [Test worker] INFO  c.g.test.controller.UserController.updateUserById - Finish updateUserById
11-02-2020 01:48:15.894 [Test worker] INFO  c.g.test.controller.UserController.create - Init create - Request user: User{id=null, name='Pedro Perez', email='aaA2a2aaa2323@hotmail.com', password='12345678', isActive='true'}
11-02-2020 01:48:15.896 [Test worker] INFO  c.g.test.controller.UserController.create - Usuario Creado, user: User{id=null, name='Pedro Perez', email='aaA2a2aaa2323@hotmail.com', password='12345678', isActive='true'}
11-02-2020 01:48:15.896 [Test worker] INFO  c.g.test.controller.UserController.create - Finish create
11-02-2020 01:48:50.706 [Test worker] INFO  c.g.test.controller.UserController.deleteUserById - Init deleteUserById - Request user: 1
11-02-2020 01:48:50.878 [Test worker] ERROR c.g.test.controller.UserController.deleteUserById - Error: User Not Found
com.globallogic.test.controller.UserControllerTest$1: User Not Found
	at com.globallogic.test.controller.UserController.deleteUserById(UserController.java:221)
	at com.globallogic.test.controller.UserControllerTest.deleteUserWhenIsNotFoundTest(UserControllerTest.java:300)
	at java.base/jdk.internal.reflect.NativeMethodAccessorImpl.invoke0(Native Method)
	at java.base/jdk.internal.reflect.NativeMethodAccessorImpl.invoke(NativeMethodAccessorImpl.java:62)
	at java.base/jdk.internal.reflect.DelegatingMethodAccessorImpl.invoke(DelegatingMethodAccessorImpl.java:43)
	at java.base/java.lang.reflect.Method.invoke(Method.java:566)
	at org.junit.platform.commons.util.ReflectionUtils.invokeMethod(ReflectionUtils.java:675)
	at org.junit.jupiter.engine.execution.MethodInvocation.proceed(MethodInvocation.java:60)
	at org.junit.jupiter.engine.execution.InvocationInterceptorChain$ValidatingInvocation.proceed(InvocationInterceptorChain.java:125)
	at org.junit.jupiter.engine.extension.TimeoutExtension.intercept(TimeoutExtension.java:132)
	at org.junit.jupiter.engine.extension.TimeoutExtension.interceptTestableMethod(TimeoutExtension.java:124)
	at org.junit.jupiter.engine.extension.TimeoutExtension.interceptTestMethod(TimeoutExtension.java:74)
	at org.junit.jupiter.engine.execution.ExecutableInvoker$ReflectiveInterceptorCall.lambda$ofVoidMethod$0(ExecutableInvoker.java:115)
	at org.junit.jupiter.engine.execution.ExecutableInvoker.lambda$invoke$0(ExecutableInvoker.java:105)
	at org.junit.jupiter.engine.execution.InvocationInterceptorChain$InterceptedInvocation.proceed(InvocationInterceptorChain.java:104)
	at org.junit.jupiter.engine.execution.InvocationInterceptorChain.proceed(InvocationInterceptorChain.java:62)
	at org.junit.jupiter.engine.execution.InvocationInterceptorChain.chainAndInvoke(InvocationInterceptorChain.java:43)
	at org.junit.jupiter.engine.execution.InvocationInterceptorChain.invoke(InvocationInterceptorChain.java:35)
	at org.junit.jupiter.engine.execution.ExecutableInvoker.invoke(ExecutableInvoker.java:104)
	at org.junit.jupiter.engine.execution.ExecutableInvoker.invoke(ExecutableInvoker.java:98)
	at org.junit.jupiter.engine.descriptor.TestMethodTestDescriptor.lambda$invokeTestMethod$6(TestMethodTestDescriptor.java:202)
	at org.junit.platform.engine.support.hierarchical.ThrowableCollector.execute(ThrowableCollector.java:73)
	at org.junit.jupiter.engine.descriptor.TestMethodTestDescriptor.invokeTestMethod(TestMethodTestDescriptor.java:198)
	at org.junit.jupiter.engine.descriptor.TestMethodTestDescriptor.execute(TestMethodTestDescriptor.java:135)
	at org.junit.jupiter.engine.descriptor.TestMethodTestDescriptor.execute(TestMethodTestDescriptor.java:69)
	at org.junit.platform.engine.support.hierarchical.NodeTestTask.lambda$executeRecursively$5(NodeTestTask.java:135)
	at org.junit.platform.engine.support.hierarchical.ThrowableCollector.execute(ThrowableCollector.java:73)
	at org.junit.platform.engine.support.hierarchical.NodeTestTask.lambda$executeRecursively$7(NodeTestTask.java:125)
	at org.junit.platform.engine.support.hierarchical.Node.around(Node.java:135)
	at org.junit.platform.engine.support.hierarchical.NodeTestTask.lambda$executeRecursively$8(NodeTestTask.java:123)
	at org.junit.platform.engine.support.hierarchical.ThrowableCollector.execute(ThrowableCollector.java:73)
	at org.junit.platform.engine.support.hierarchical.NodeTestTask.executeRecursively(NodeTestTask.java:122)
	at org.junit.platform.engine.support.hierarchical.NodeTestTask.execute(NodeTestTask.java:80)
	at java.base/java.util.ArrayList.forEach(ArrayList.java:1540)
	at org.junit.platform.engine.support.hierarchical.SameThreadHierarchicalTestExecutorService.invokeAll(SameThreadHierarchicalTestExecutorService.java:38)
	at org.junit.platform.engine.support.hierarchical.NodeTestTask.lambda$executeRecursively$5(NodeTestTask.java:139)
	at org.junit.platform.engine.support.hierarchical.ThrowableCollector.execute(ThrowableCollector.java:73)
	at org.junit.platform.engine.support.hierarchical.NodeTestTask.lambda$executeRecursively$7(NodeTestTask.java:125)
	at org.junit.platform.engine.support.hierarchical.Node.around(Node.java:135)
	at org.junit.platform.engine.support.hierarchical.NodeTestTask.lambda$executeRecursively$8(NodeTestTask.java:123)
	at org.junit.platform.engine.support.hierarchical.ThrowableCollector.execute(ThrowableCollector.java:73)
	at org.junit.platform.engine.support.hierarchical.NodeTestTask.executeRecursively(NodeTestTask.java:122)
	at org.junit.platform.engine.support.hierarchical.NodeTestTask.execute(NodeTestTask.java:80)
	at java.base/java.util.ArrayList.forEach(ArrayList.java:1540)
	at org.junit.platform.engine.support.hierarchical.SameThreadHierarchicalTestExecutorService.invokeAll(SameThreadHierarchicalTestExecutorService.java:38)
	at org.junit.platform.engine.support.hierarchical.NodeTestTask.lambda$executeRecursively$5(NodeTestTask.java:139)
	at org.junit.platform.engine.support.hierarchical.ThrowableCollector.execute(ThrowableCollector.java:73)
	at org.junit.platform.engine.support.hierarchical.NodeTestTask.lambda$executeRecursively$7(NodeTestTask.java:125)
	at org.junit.platform.engine.support.hierarchical.Node.around(Node.java:135)
	at org.junit.platform.engine.support.hierarchical.NodeTestTask.lambda$executeRecursively$8(NodeTestTask.java:123)
	at org.junit.platform.engine.support.hierarchical.ThrowableCollector.execute(ThrowableCollector.java:73)
	at org.junit.platform.engine.support.hierarchical.NodeTestTask.executeRecursively(NodeTestTask.java:122)
	at org.junit.platform.engine.support.hierarchical.NodeTestTask.execute(NodeTestTask.java:80)
	at org.junit.platform.engine.support.hierarchical.SameThreadHierarchicalTestExecutorService.submit(SameThreadHierarchicalTestExecutorService.java:32)
	at org.junit.platform.engine.support.hierarchical.HierarchicalTestExecutor.execute(HierarchicalTestExecutor.java:57)
	at org.junit.platform.engine.support.hierarchical.HierarchicalTestEngine.execute(HierarchicalTestEngine.java:51)
	at org.junit.platform.launcher.core.DefaultLauncher.execute(DefaultLauncher.java:220)
	at org.junit.platform.launcher.core.DefaultLauncher.lambda$execute$6(DefaultLauncher.java:188)
	at org.junit.platform.launcher.core.DefaultLauncher.withInterceptedStreams(DefaultLauncher.java:202)
	at org.junit.platform.launcher.core.DefaultLauncher.execute(DefaultLauncher.java:181)
	at org.junit.platform.launcher.core.DefaultLauncher.execute(DefaultLauncher.java:128)
	at org.gradle.api.internal.tasks.testing.junitplatform.JUnitPlatformTestClassProcessor$CollectAllTestClassesExecutor.processAllTestClasses(JUnitPlatformTestClassProcessor.java:102)
	at org.gradle.api.internal.tasks.testing.junitplatform.JUnitPlatformTestClassProcessor$CollectAllTestClassesExecutor.access$000(JUnitPlatformTestClassProcessor.java:82)
	at org.gradle.api.internal.tasks.testing.junitplatform.JUnitPlatformTestClassProcessor.stop(JUnitPlatformTestClassProcessor.java:78)
	at org.gradle.api.internal.tasks.testing.SuiteTestClassProcessor.stop(SuiteTestClassProcessor.java:61)
	at java.base/jdk.internal.reflect.NativeMethodAccessorImpl.invoke0(Native Method)
	at java.base/jdk.internal.reflect.NativeMethodAccessorImpl.invoke(NativeMethodAccessorImpl.java:62)
	at java.base/jdk.internal.reflect.DelegatingMethodAccessorImpl.invoke(DelegatingMethodAccessorImpl.java:43)
	at java.base/java.lang.reflect.Method.invoke(Method.java:566)
	at org.gradle.internal.dispatch.ReflectionDispatch.dispatch(ReflectionDispatch.java:36)
	at org.gradle.internal.dispatch.ReflectionDispatch.dispatch(ReflectionDispatch.java:24)
	at org.gradle.internal.dispatch.ContextClassLoaderDispatch.dispatch(ContextClassLoaderDispatch.java:33)
	at org.gradle.internal.dispatch.ProxyDispatchAdapter$DispatchingInvocationHandler.invoke(ProxyDispatchAdapter.java:94)
	at com.sun.proxy.$Proxy2.stop(Unknown Source)
	at org.gradle.api.internal.tasks.testing.worker.TestWorker.stop(TestWorker.java:132)
	at java.base/jdk.internal.reflect.NativeMethodAccessorImpl.invoke0(Native Method)
	at java.base/jdk.internal.reflect.NativeMethodAccessorImpl.invoke(NativeMethodAccessorImpl.java:62)
	at java.base/jdk.internal.reflect.DelegatingMethodAccessorImpl.invoke(DelegatingMethodAccessorImpl.java:43)
	at java.base/java.lang.reflect.Method.invoke(Method.java:566)
	at org.gradle.internal.dispatch.ReflectionDispatch.dispatch(ReflectionDispatch.java:36)
	at org.gradle.internal.dispatch.ReflectionDispatch.dispatch(ReflectionDispatch.java:24)
	at org.gradle.internal.remote.internal.hub.MessageHubBackedObjectConnection$DispatchWrapper.dispatch(MessageHubBackedObjectConnection.java:182)
	at org.gradle.internal.remote.internal.hub.MessageHubBackedObjectConnection$DispatchWrapper.dispatch(MessageHubBackedObjectConnection.java:164)
	at org.gradle.internal.remote.internal.hub.MessageHub$Handler.run(MessageHub.java:412)
	at org.gradle.internal.concurrent.ExecutorPolicy$CatchAndRecordFailures.onExecute(ExecutorPolicy.java:64)
	at org.gradle.internal.concurrent.ManagedExecutorImpl$1.run(ManagedExecutorImpl.java:48)
	at java.base/java.util.concurrent.ThreadPoolExecutor.runWorker(ThreadPoolExecutor.java:1128)
	at java.base/java.util.concurrent.ThreadPoolExecutor$Worker.run(ThreadPoolExecutor.java:628)
	at org.gradle.internal.concurrent.ThreadFactoryImpl$ManagedThreadRunnable.run(ThreadFactoryImpl.java:56)
	at java.base/java.lang.Thread.run(Thread.java:834)
11-02-2020 01:51:07.683 [Test worker] INFO  c.g.t.controller.UserControllerTest.logStarting - Starting UserControllerTest on DESKTOP-K8AD8AM with PID 4100 (started by Imagemaker in C:\BCH\springboot\spring-boot-globalogic-test)
11-02-2020 01:51:07.689 [Test worker] INFO  c.g.t.controller.UserControllerTest.logStartupProfileInfo - No active profile set, falling back to default profiles: default
11-02-2020 01:51:10.525 [Test worker] INFO  o.s.s.c.ThreadPoolTaskExecutor.initialize - Initializing ExecutorService 'applicationTaskExecutor'
11-02-2020 01:51:11.248 [Test worker] INFO  o.s.b.a.s.s.UserDetailsServiceAutoConfiguration.getOrDeducePassword - 

Using generated security password: d7cf0b5e-3918-48b1-bce4-f5caad7f6eaa

11-02-2020 01:51:11.684 [Test worker] INFO  o.s.s.web.DefaultSecurityFilterChain.<init> - Creating filter chain: any request, [org.springframework.security.web.context.request.async.WebAsyncManagerIntegrationFilter@5e091dbe, org.springframework.security.web.context.SecurityContextPersistenceFilter@6f51bbad, org.springframework.security.web.header.HeaderWriterFilter@79c37754, org.springframework.security.web.csrf.CsrfFilter@cdbec1, org.springframework.security.web.authentication.logout.LogoutFilter@44290429, org.springframework.security.web.authentication.UsernamePasswordAuthenticationFilter@72b561af, org.springframework.security.web.authentication.ui.DefaultLoginPageGeneratingFilter@1c1f15b3, org.springframework.security.web.authentication.ui.DefaultLogoutPageGeneratingFilter@7cf1952a, org.springframework.security.web.authentication.www.BasicAuthenticationFilter@3f35b5f6, org.springframework.security.web.savedrequest.RequestCacheAwareFilter@2a49d9db, org.springframework.security.web.servletapi.SecurityContextHolderAwareRequestFilter@2f6919b0, org.springframework.security.web.authentication.AnonymousAuthenticationFilter@83b7865, org.springframework.security.web.session.SessionManagementFilter@4677d911, org.springframework.security.web.access.ExceptionTranslationFilter@6d264cda, org.springframework.security.web.access.intercept.FilterSecurityInterceptor@628b7e65]
11-02-2020 01:51:11.810 [Test worker] INFO  o.s.b.t.m.w.SpringBootMockServletContext.log - Initializing Spring TestDispatcherServlet ''
11-02-2020 01:51:11.811 [Test worker] INFO  o.s.t.w.s.TestDispatcherServlet.initServletBean - Initializing Servlet ''
11-02-2020 01:51:11.840 [Test worker] INFO  o.s.t.w.s.TestDispatcherServlet.initServletBean - Completed initialization in 28 ms
11-02-2020 01:51:11.904 [Test worker] INFO  c.g.t.controller.UserControllerTest.logStarted - Started UserControllerTest in 4.873 seconds (JVM running for 7.646)
11-02-2020 01:51:12.187 [Test worker] INFO  c.g.test.controller.UserController.updateUserById - Init updateUserById - Request user: User{id=1, name='Juan', email='aaA2a2aaa3333@gmail.com', password='12345678', isActive='false'}
11-02-2020 01:51:12.189 [Test worker] INFO  c.g.test.controller.UserController.updateUserById - Finish updateUserById
11-02-2020 01:51:12.204 [Test worker] INFO  c.g.test.controller.UserController.create - Init create - Request user: User{id=null, name='Pedro Perez', email='aaA2a2aaa2323@hotmail.com', password='12345678', isActive='true'}
11-02-2020 01:51:12.206 [Test worker] INFO  c.g.test.controller.UserController.create - Usuario Creado, user: User{id=null, name='Pedro Perez', email='aaA2a2aaa2323@hotmail.com', password='12345678', isActive='true'}
11-02-2020 01:51:12.207 [Test worker] INFO  c.g.test.controller.UserController.create - Finish create
11-02-2020 01:51:22.282 [Test worker] INFO  c.g.test.controller.UserController.deleteUserById - Init deleteUserById - Request user: 1
11-02-2020 01:51:22.456 [Test worker] ERROR c.g.test.controller.UserController.deleteUserById - Error: User Not Found
com.globallogic.test.controller.UserControllerTest$1: User Not Found
	at com.globallogic.test.controller.UserController.deleteUserById(UserController.java:221)
	at com.globallogic.test.controller.UserControllerTest.deleteUserWhenIsNotFoundTest(UserControllerTest.java:300)
	at java.base/jdk.internal.reflect.NativeMethodAccessorImpl.invoke0(Native Method)
	at java.base/jdk.internal.reflect.NativeMethodAccessorImpl.invoke(NativeMethodAccessorImpl.java:62)
	at java.base/jdk.internal.reflect.DelegatingMethodAccessorImpl.invoke(DelegatingMethodAccessorImpl.java:43)
	at java.base/java.lang.reflect.Method.invoke(Method.java:566)
	at org.junit.platform.commons.util.ReflectionUtils.invokeMethod(ReflectionUtils.java:675)
	at org.junit.jupiter.engine.execution.MethodInvocation.proceed(MethodInvocation.java:60)
	at org.junit.jupiter.engine.execution.InvocationInterceptorChain$ValidatingInvocation.proceed(InvocationInterceptorChain.java:125)
	at org.junit.jupiter.engine.extension.TimeoutExtension.intercept(TimeoutExtension.java:132)
	at org.junit.jupiter.engine.extension.TimeoutExtension.interceptTestableMethod(TimeoutExtension.java:124)
	at org.junit.jupiter.engine.extension.TimeoutExtension.interceptTestMethod(TimeoutExtension.java:74)
	at org.junit.jupiter.engine.execution.ExecutableInvoker$ReflectiveInterceptorCall.lambda$ofVoidMethod$0(ExecutableInvoker.java:115)
	at org.junit.jupiter.engine.execution.ExecutableInvoker.lambda$invoke$0(ExecutableInvoker.java:105)
	at org.junit.jupiter.engine.execution.InvocationInterceptorChain$InterceptedInvocation.proceed(InvocationInterceptorChain.java:104)
	at org.junit.jupiter.engine.execution.InvocationInterceptorChain.proceed(InvocationInterceptorChain.java:62)
	at org.junit.jupiter.engine.execution.InvocationInterceptorChain.chainAndInvoke(InvocationInterceptorChain.java:43)
	at org.junit.jupiter.engine.execution.InvocationInterceptorChain.invoke(InvocationInterceptorChain.java:35)
	at org.junit.jupiter.engine.execution.ExecutableInvoker.invoke(ExecutableInvoker.java:104)
	at org.junit.jupiter.engine.execution.ExecutableInvoker.invoke(ExecutableInvoker.java:98)
	at org.junit.jupiter.engine.descriptor.TestMethodTestDescriptor.lambda$invokeTestMethod$6(TestMethodTestDescriptor.java:202)
	at org.junit.platform.engine.support.hierarchical.ThrowableCollector.execute(ThrowableCollector.java:73)
	at org.junit.jupiter.engine.descriptor.TestMethodTestDescriptor.invokeTestMethod(TestMethodTestDescriptor.java:198)
	at org.junit.jupiter.engine.descriptor.TestMethodTestDescriptor.execute(TestMethodTestDescriptor.java:135)
	at org.junit.jupiter.engine.descriptor.TestMethodTestDescriptor.execute(TestMethodTestDescriptor.java:69)
	at org.junit.platform.engine.support.hierarchical.NodeTestTask.lambda$executeRecursively$5(NodeTestTask.java:135)
	at org.junit.platform.engine.support.hierarchical.ThrowableCollector.execute(ThrowableCollector.java:73)
	at org.junit.platform.engine.support.hierarchical.NodeTestTask.lambda$executeRecursively$7(NodeTestTask.java:125)
	at org.junit.platform.engine.support.hierarchical.Node.around(Node.java:135)
	at org.junit.platform.engine.support.hierarchical.NodeTestTask.lambda$executeRecursively$8(NodeTestTask.java:123)
	at org.junit.platform.engine.support.hierarchical.ThrowableCollector.execute(ThrowableCollector.java:73)
	at org.junit.platform.engine.support.hierarchical.NodeTestTask.executeRecursively(NodeTestTask.java:122)
	at org.junit.platform.engine.support.hierarchical.NodeTestTask.execute(NodeTestTask.java:80)
	at java.base/java.util.ArrayList.forEach(ArrayList.java:1540)
	at org.junit.platform.engine.support.hierarchical.SameThreadHierarchicalTestExecutorService.invokeAll(SameThreadHierarchicalTestExecutorService.java:38)
	at org.junit.platform.engine.support.hierarchical.NodeTestTask.lambda$executeRecursively$5(NodeTestTask.java:139)
	at org.junit.platform.engine.support.hierarchical.ThrowableCollector.execute(ThrowableCollector.java:73)
	at org.junit.platform.engine.support.hierarchical.NodeTestTask.lambda$executeRecursively$7(NodeTestTask.java:125)
	at org.junit.platform.engine.support.hierarchical.Node.around(Node.java:135)
	at org.junit.platform.engine.support.hierarchical.NodeTestTask.lambda$executeRecursively$8(NodeTestTask.java:123)
	at org.junit.platform.engine.support.hierarchical.ThrowableCollector.execute(ThrowableCollector.java:73)
	at org.junit.platform.engine.support.hierarchical.NodeTestTask.executeRecursively(NodeTestTask.java:122)
	at org.junit.platform.engine.support.hierarchical.NodeTestTask.execute(NodeTestTask.java:80)
	at java.base/java.util.ArrayList.forEach(ArrayList.java:1540)
	at org.junit.platform.engine.support.hierarchical.SameThreadHierarchicalTestExecutorService.invokeAll(SameThreadHierarchicalTestExecutorService.java:38)
	at org.junit.platform.engine.support.hierarchical.NodeTestTask.lambda$executeRecursively$5(NodeTestTask.java:139)
	at org.junit.platform.engine.support.hierarchical.ThrowableCollector.execute(ThrowableCollector.java:73)
	at org.junit.platform.engine.support.hierarchical.NodeTestTask.lambda$executeRecursively$7(NodeTestTask.java:125)
	at org.junit.platform.engine.support.hierarchical.Node.around(Node.java:135)
	at org.junit.platform.engine.support.hierarchical.NodeTestTask.lambda$executeRecursively$8(NodeTestTask.java:123)
	at org.junit.platform.engine.support.hierarchical.ThrowableCollector.execute(ThrowableCollector.java:73)
	at org.junit.platform.engine.support.hierarchical.NodeTestTask.executeRecursively(NodeTestTask.java:122)
	at org.junit.platform.engine.support.hierarchical.NodeTestTask.execute(NodeTestTask.java:80)
	at org.junit.platform.engine.support.hierarchical.SameThreadHierarchicalTestExecutorService.submit(SameThreadHierarchicalTestExecutorService.java:32)
	at org.junit.platform.engine.support.hierarchical.HierarchicalTestExecutor.execute(HierarchicalTestExecutor.java:57)
	at org.junit.platform.engine.support.hierarchical.HierarchicalTestEngine.execute(HierarchicalTestEngine.java:51)
	at org.junit.platform.launcher.core.DefaultLauncher.execute(DefaultLauncher.java:220)
	at org.junit.platform.launcher.core.DefaultLauncher.lambda$execute$6(DefaultLauncher.java:188)
	at org.junit.platform.launcher.core.DefaultLauncher.withInterceptedStreams(DefaultLauncher.java:202)
	at org.junit.platform.launcher.core.DefaultLauncher.execute(DefaultLauncher.java:181)
	at org.junit.platform.launcher.core.DefaultLauncher.execute(DefaultLauncher.java:128)
	at org.gradle.api.internal.tasks.testing.junitplatform.JUnitPlatformTestClassProcessor$CollectAllTestClassesExecutor.processAllTestClasses(JUnitPlatformTestClassProcessor.java:102)
	at org.gradle.api.internal.tasks.testing.junitplatform.JUnitPlatformTestClassProcessor$CollectAllTestClassesExecutor.access$000(JUnitPlatformTestClassProcessor.java:82)
	at org.gradle.api.internal.tasks.testing.junitplatform.JUnitPlatformTestClassProcessor.stop(JUnitPlatformTestClassProcessor.java:78)
	at org.gradle.api.internal.tasks.testing.SuiteTestClassProcessor.stop(SuiteTestClassProcessor.java:61)
	at java.base/jdk.internal.reflect.NativeMethodAccessorImpl.invoke0(Native Method)
	at java.base/jdk.internal.reflect.NativeMethodAccessorImpl.invoke(NativeMethodAccessorImpl.java:62)
	at java.base/jdk.internal.reflect.DelegatingMethodAccessorImpl.invoke(DelegatingMethodAccessorImpl.java:43)
	at java.base/java.lang.reflect.Method.invoke(Method.java:566)
	at org.gradle.internal.dispatch.ReflectionDispatch.dispatch(ReflectionDispatch.java:36)
	at org.gradle.internal.dispatch.ReflectionDispatch.dispatch(ReflectionDispatch.java:24)
	at org.gradle.internal.dispatch.ContextClassLoaderDispatch.dispatch(ContextClassLoaderDispatch.java:33)
	at org.gradle.internal.dispatch.ProxyDispatchAdapter$DispatchingInvocationHandler.invoke(ProxyDispatchAdapter.java:94)
	at com.sun.proxy.$Proxy2.stop(Unknown Source)
	at org.gradle.api.internal.tasks.testing.worker.TestWorker.stop(TestWorker.java:132)
	at java.base/jdk.internal.reflect.NativeMethodAccessorImpl.invoke0(Native Method)
	at java.base/jdk.internal.reflect.NativeMethodAccessorImpl.invoke(NativeMethodAccessorImpl.java:62)
	at java.base/jdk.internal.reflect.DelegatingMethodAccessorImpl.invoke(DelegatingMethodAccessorImpl.java:43)
	at java.base/java.lang.reflect.Method.invoke(Method.java:566)
	at org.gradle.internal.dispatch.ReflectionDispatch.dispatch(ReflectionDispatch.java:36)
	at org.gradle.internal.dispatch.ReflectionDispatch.dispatch(ReflectionDispatch.java:24)
	at org.gradle.internal.remote.internal.hub.MessageHubBackedObjectConnection$DispatchWrapper.dispatch(MessageHubBackedObjectConnection.java:182)
	at org.gradle.internal.remote.internal.hub.MessageHubBackedObjectConnection$DispatchWrapper.dispatch(MessageHubBackedObjectConnection.java:164)
	at org.gradle.internal.remote.internal.hub.MessageHub$Handler.run(MessageHub.java:412)
	at org.gradle.internal.concurrent.ExecutorPolicy$CatchAndRecordFailures.onExecute(ExecutorPolicy.java:64)
	at org.gradle.internal.concurrent.ManagedExecutorImpl$1.run(ManagedExecutorImpl.java:48)
	at java.base/java.util.concurrent.ThreadPoolExecutor.runWorker(ThreadPoolExecutor.java:1128)
	at java.base/java.util.concurrent.ThreadPoolExecutor$Worker.run(ThreadPoolExecutor.java:628)
	at org.gradle.internal.concurrent.ThreadFactoryImpl$ManagedThreadRunnable.run(ThreadFactoryImpl.java:56)
	at java.base/java.lang.Thread.run(Thread.java:834)
11-02-2020 01:51:33.871 [Test worker] INFO  c.g.test.controller.UserController.deleteUserById - Init deleteUserById - Request user: 1
11-02-2020 01:51:33.873 [Test worker] INFO  c.g.test.controller.UserController.deleteUserById - Usuario Eliminado, user ID: 1
11-02-2020 01:51:33.874 [Test worker] INFO  c.g.test.controller.UserController.deleteUserById - Finish deleteUserById
11-02-2020 01:51:33.898 [SpringContextShutdownHook] INFO  o.s.s.c.ThreadPoolTaskExecutor.shutdown - Shutting down ExecutorService 'applicationTaskExecutor'
11-02-2020 01:51:41.356 [Test worker] INFO  c.g.t.controller.UserControllerTest.logStarting - Starting UserControllerTest on DESKTOP-K8AD8AM with PID 15708 (started by Imagemaker in C:\BCH\springboot\spring-boot-globalogic-test)
11-02-2020 01:51:41.362 [Test worker] INFO  c.g.t.controller.UserControllerTest.logStartupProfileInfo - No active profile set, falling back to default profiles: default
11-02-2020 01:51:43.830 [Test worker] INFO  o.s.s.c.ThreadPoolTaskExecutor.initialize - Initializing ExecutorService 'applicationTaskExecutor'
11-02-2020 01:51:44.390 [Test worker] INFO  o.s.b.a.s.s.UserDetailsServiceAutoConfiguration.getOrDeducePassword - 

Using generated security password: 0d2b83ce-3816-4ce6-b91c-e4d67ff37476

11-02-2020 01:51:44.727 [Test worker] INFO  o.s.s.web.DefaultSecurityFilterChain.<init> - Creating filter chain: any request, [org.springframework.security.web.context.request.async.WebAsyncManagerIntegrationFilter@377c1587, org.springframework.security.web.context.SecurityContextPersistenceFilter@704068db, org.springframework.security.web.header.HeaderWriterFilter@3d1538cb, org.springframework.security.web.csrf.CsrfFilter@378b8287, org.springframework.security.web.authentication.logout.LogoutFilter@5ef81f56, org.springframework.security.web.authentication.UsernamePasswordAuthenticationFilter@7dafc70b, org.springframework.security.web.authentication.ui.DefaultLoginPageGeneratingFilter@60bb98b, org.springframework.security.web.authentication.ui.DefaultLogoutPageGeneratingFilter@7d922304, org.springframework.security.web.authentication.www.BasicAuthenticationFilter@37bf1f11, org.springframework.security.web.savedrequest.RequestCacheAwareFilter@330c4823, org.springframework.security.web.servletapi.SecurityContextHolderAwareRequestFilter@79b6f341, org.springframework.security.web.authentication.AnonymousAuthenticationFilter@3e0d0ab2, org.springframework.security.web.session.SessionManagementFilter@67c30e60, org.springframework.security.web.access.ExceptionTranslationFilter@777ca48f, org.springframework.security.web.access.intercept.FilterSecurityInterceptor@31a6e75c]
11-02-2020 01:51:44.822 [Test worker] INFO  o.s.b.t.m.w.SpringBootMockServletContext.log - Initializing Spring TestDispatcherServlet ''
11-02-2020 01:51:44.823 [Test worker] INFO  o.s.t.w.s.TestDispatcherServlet.initServletBean - Initializing Servlet ''
11-02-2020 01:51:44.845 [Test worker] INFO  o.s.t.w.s.TestDispatcherServlet.initServletBean - Completed initialization in 21 ms
11-02-2020 01:51:44.892 [Test worker] INFO  c.g.t.controller.UserControllerTest.logStarted - Started UserControllerTest in 4.134 seconds (JVM running for 6.624)
11-02-2020 01:51:45.130 [Test worker] INFO  c.g.test.controller.UserController.updateUserById - Init updateUserById - Request user: User{id=1, name='Juan', email='aaA2a2aaa3333@gmail.com', password='12345678', isActive='false'}
11-02-2020 01:51:45.133 [Test worker] INFO  c.g.test.controller.UserController.updateUserById - Finish updateUserById
11-02-2020 01:51:45.148 [Test worker] INFO  c.g.test.controller.UserController.create - Init create - Request user: User{id=null, name='Pedro Perez', email='aaA2a2aaa2323@hotmail.com', password='12345678', isActive='true'}
11-02-2020 01:51:45.150 [Test worker] INFO  c.g.test.controller.UserController.create - Usuario Creado, user: User{id=null, name='Pedro Perez', email='aaA2a2aaa2323@hotmail.com', password='12345678', isActive='true'}
11-02-2020 01:51:45.151 [Test worker] INFO  c.g.test.controller.UserController.create - Finish create
11-02-2020 01:51:45.166 [Test worker] INFO  c.g.test.controller.UserController.deleteUserById - Init deleteUserById - Request user: 1
11-02-2020 01:51:45.180 [Test worker] ERROR c.g.test.controller.UserController.deleteUserById - Error: User Not Found
com.globallogic.test.controller.UserControllerTest$1: User Not Found
	at com.globallogic.test.controller.UserController.deleteUserById(UserController.java:221)
	at com.globallogic.test.controller.UserControllerTest.deleteUserWhenIsNotFoundTest(UserControllerTest.java:300)
	at java.base/jdk.internal.reflect.NativeMethodAccessorImpl.invoke0(Native Method)
	at java.base/jdk.internal.reflect.NativeMethodAccessorImpl.invoke(NativeMethodAccessorImpl.java:62)
	at java.base/jdk.internal.reflect.DelegatingMethodAccessorImpl.invoke(DelegatingMethodAccessorImpl.java:43)
	at java.base/java.lang.reflect.Method.invoke(Method.java:566)
	at org.junit.platform.commons.util.ReflectionUtils.invokeMethod(ReflectionUtils.java:675)
	at org.junit.jupiter.engine.execution.MethodInvocation.proceed(MethodInvocation.java:60)
	at org.junit.jupiter.engine.execution.InvocationInterceptorChain$ValidatingInvocation.proceed(InvocationInterceptorChain.java:125)
	at org.junit.jupiter.engine.extension.TimeoutExtension.intercept(TimeoutExtension.java:132)
	at org.junit.jupiter.engine.extension.TimeoutExtension.interceptTestableMethod(TimeoutExtension.java:124)
	at org.junit.jupiter.engine.extension.TimeoutExtension.interceptTestMethod(TimeoutExtension.java:74)
	at org.junit.jupiter.engine.execution.ExecutableInvoker$ReflectiveInterceptorCall.lambda$ofVoidMethod$0(ExecutableInvoker.java:115)
	at org.junit.jupiter.engine.execution.ExecutableInvoker.lambda$invoke$0(ExecutableInvoker.java:105)
	at org.junit.jupiter.engine.execution.InvocationInterceptorChain$InterceptedInvocation.proceed(InvocationInterceptorChain.java:104)
	at org.junit.jupiter.engine.execution.InvocationInterceptorChain.proceed(InvocationInterceptorChain.java:62)
	at org.junit.jupiter.engine.execution.InvocationInterceptorChain.chainAndInvoke(InvocationInterceptorChain.java:43)
	at org.junit.jupiter.engine.execution.InvocationInterceptorChain.invoke(InvocationInterceptorChain.java:35)
	at org.junit.jupiter.engine.execution.ExecutableInvoker.invoke(ExecutableInvoker.java:104)
	at org.junit.jupiter.engine.execution.ExecutableInvoker.invoke(ExecutableInvoker.java:98)
	at org.junit.jupiter.engine.descriptor.TestMethodTestDescriptor.lambda$invokeTestMethod$6(TestMethodTestDescriptor.java:202)
	at org.junit.platform.engine.support.hierarchical.ThrowableCollector.execute(ThrowableCollector.java:73)
	at org.junit.jupiter.engine.descriptor.TestMethodTestDescriptor.invokeTestMethod(TestMethodTestDescriptor.java:198)
	at org.junit.jupiter.engine.descriptor.TestMethodTestDescriptor.execute(TestMethodTestDescriptor.java:135)
	at org.junit.jupiter.engine.descriptor.TestMethodTestDescriptor.execute(TestMethodTestDescriptor.java:69)
	at org.junit.platform.engine.support.hierarchical.NodeTestTask.lambda$executeRecursively$5(NodeTestTask.java:135)
	at org.junit.platform.engine.support.hierarchical.ThrowableCollector.execute(ThrowableCollector.java:73)
	at org.junit.platform.engine.support.hierarchical.NodeTestTask.lambda$executeRecursively$7(NodeTestTask.java:125)
	at org.junit.platform.engine.support.hierarchical.Node.around(Node.java:135)
	at org.junit.platform.engine.support.hierarchical.NodeTestTask.lambda$executeRecursively$8(NodeTestTask.java:123)
	at org.junit.platform.engine.support.hierarchical.ThrowableCollector.execute(ThrowableCollector.java:73)
	at org.junit.platform.engine.support.hierarchical.NodeTestTask.executeRecursively(NodeTestTask.java:122)
	at org.junit.platform.engine.support.hierarchical.NodeTestTask.execute(NodeTestTask.java:80)
	at java.base/java.util.ArrayList.forEach(ArrayList.java:1540)
	at org.junit.platform.engine.support.hierarchical.SameThreadHierarchicalTestExecutorService.invokeAll(SameThreadHierarchicalTestExecutorService.java:38)
	at org.junit.platform.engine.support.hierarchical.NodeTestTask.lambda$executeRecursively$5(NodeTestTask.java:139)
	at org.junit.platform.engine.support.hierarchical.ThrowableCollector.execute(ThrowableCollector.java:73)
	at org.junit.platform.engine.support.hierarchical.NodeTestTask.lambda$executeRecursively$7(NodeTestTask.java:125)
	at org.junit.platform.engine.support.hierarchical.Node.around(Node.java:135)
	at org.junit.platform.engine.support.hierarchical.NodeTestTask.lambda$executeRecursively$8(NodeTestTask.java:123)
	at org.junit.platform.engine.support.hierarchical.ThrowableCollector.execute(ThrowableCollector.java:73)
	at org.junit.platform.engine.support.hierarchical.NodeTestTask.executeRecursively(NodeTestTask.java:122)
	at org.junit.platform.engine.support.hierarchical.NodeTestTask.execute(NodeTestTask.java:80)
	at java.base/java.util.ArrayList.forEach(ArrayList.java:1540)
	at org.junit.platform.engine.support.hierarchical.SameThreadHierarchicalTestExecutorService.invokeAll(SameThreadHierarchicalTestExecutorService.java:38)
	at org.junit.platform.engine.support.hierarchical.NodeTestTask.lambda$executeRecursively$5(NodeTestTask.java:139)
	at org.junit.platform.engine.support.hierarchical.ThrowableCollector.execute(ThrowableCollector.java:73)
	at org.junit.platform.engine.support.hierarchical.NodeTestTask.lambda$executeRecursively$7(NodeTestTask.java:125)
	at org.junit.platform.engine.support.hierarchical.Node.around(Node.java:135)
	at org.junit.platform.engine.support.hierarchical.NodeTestTask.lambda$executeRecursively$8(NodeTestTask.java:123)
	at org.junit.platform.engine.support.hierarchical.ThrowableCollector.execute(ThrowableCollector.java:73)
	at org.junit.platform.engine.support.hierarchical.NodeTestTask.executeRecursively(NodeTestTask.java:122)
	at org.junit.platform.engine.support.hierarchical.NodeTestTask.execute(NodeTestTask.java:80)
	at org.junit.platform.engine.support.hierarchical.SameThreadHierarchicalTestExecutorService.submit(SameThreadHierarchicalTestExecutorService.java:32)
	at org.junit.platform.engine.support.hierarchical.HierarchicalTestExecutor.execute(HierarchicalTestExecutor.java:57)
	at org.junit.platform.engine.support.hierarchical.HierarchicalTestEngine.execute(HierarchicalTestEngine.java:51)
	at org.junit.platform.launcher.core.DefaultLauncher.execute(DefaultLauncher.java:220)
	at org.junit.platform.launcher.core.DefaultLauncher.lambda$execute$6(DefaultLauncher.java:188)
	at org.junit.platform.launcher.core.DefaultLauncher.withInterceptedStreams(DefaultLauncher.java:202)
	at org.junit.platform.launcher.core.DefaultLauncher.execute(DefaultLauncher.java:181)
	at org.junit.platform.launcher.core.DefaultLauncher.execute(DefaultLauncher.java:128)
	at org.gradle.api.internal.tasks.testing.junitplatform.JUnitPlatformTestClassProcessor$CollectAllTestClassesExecutor.processAllTestClasses(JUnitPlatformTestClassProcessor.java:102)
	at org.gradle.api.internal.tasks.testing.junitplatform.JUnitPlatformTestClassProcessor$CollectAllTestClassesExecutor.access$000(JUnitPlatformTestClassProcessor.java:82)
	at org.gradle.api.internal.tasks.testing.junitplatform.JUnitPlatformTestClassProcessor.stop(JUnitPlatformTestClassProcessor.java:78)
	at org.gradle.api.internal.tasks.testing.SuiteTestClassProcessor.stop(SuiteTestClassProcessor.java:61)
	at java.base/jdk.internal.reflect.NativeMethodAccessorImpl.invoke0(Native Method)
	at java.base/jdk.internal.reflect.NativeMethodAccessorImpl.invoke(NativeMethodAccessorImpl.java:62)
	at java.base/jdk.internal.reflect.DelegatingMethodAccessorImpl.invoke(DelegatingMethodAccessorImpl.java:43)
	at java.base/java.lang.reflect.Method.invoke(Method.java:566)
	at org.gradle.internal.dispatch.ReflectionDispatch.dispatch(ReflectionDispatch.java:36)
	at org.gradle.internal.dispatch.ReflectionDispatch.dispatch(ReflectionDispatch.java:24)
	at org.gradle.internal.dispatch.ContextClassLoaderDispatch.dispatch(ContextClassLoaderDispatch.java:33)
	at org.gradle.internal.dispatch.ProxyDispatchAdapter$DispatchingInvocationHandler.invoke(ProxyDispatchAdapter.java:94)
	at com.sun.proxy.$Proxy2.stop(Unknown Source)
	at org.gradle.api.internal.tasks.testing.worker.TestWorker.stop(TestWorker.java:132)
	at java.base/jdk.internal.reflect.NativeMethodAccessorImpl.invoke0(Native Method)
	at java.base/jdk.internal.reflect.NativeMethodAccessorImpl.invoke(NativeMethodAccessorImpl.java:62)
	at java.base/jdk.internal.reflect.DelegatingMethodAccessorImpl.invoke(DelegatingMethodAccessorImpl.java:43)
	at java.base/java.lang.reflect.Method.invoke(Method.java:566)
	at org.gradle.internal.dispatch.ReflectionDispatch.dispatch(ReflectionDispatch.java:36)
	at org.gradle.internal.dispatch.ReflectionDispatch.dispatch(ReflectionDispatch.java:24)
	at org.gradle.internal.remote.internal.hub.MessageHubBackedObjectConnection$DispatchWrapper.dispatch(MessageHubBackedObjectConnection.java:182)
	at org.gradle.internal.remote.internal.hub.MessageHubBackedObjectConnection$DispatchWrapper.dispatch(MessageHubBackedObjectConnection.java:164)
	at org.gradle.internal.remote.internal.hub.MessageHub$Handler.run(MessageHub.java:412)
	at org.gradle.internal.concurrent.ExecutorPolicy$CatchAndRecordFailures.onExecute(ExecutorPolicy.java:64)
	at org.gradle.internal.concurrent.ManagedExecutorImpl$1.run(ManagedExecutorImpl.java:48)
	at java.base/java.util.concurrent.ThreadPoolExecutor.runWorker(ThreadPoolExecutor.java:1128)
	at java.base/java.util.concurrent.ThreadPoolExecutor$Worker.run(ThreadPoolExecutor.java:628)
	at org.gradle.internal.concurrent.ThreadFactoryImpl$ManagedThreadRunnable.run(ThreadFactoryImpl.java:56)
	at java.base/java.lang.Thread.run(Thread.java:834)
11-02-2020 01:51:45.310 [Test worker] INFO  c.g.test.controller.UserController.deleteUserById - Init deleteUserById - Request user: 1
11-02-2020 01:51:45.312 [Test worker] INFO  c.g.test.controller.UserController.deleteUserById - Usuario Eliminado, user ID: 1
11-02-2020 01:51:45.312 [Test worker] INFO  c.g.test.controller.UserController.deleteUserById - Finish deleteUserById
11-02-2020 01:51:45.335 [SpringContextShutdownHook] INFO  o.s.s.c.ThreadPoolTaskExecutor.shutdown - Shutting down ExecutorService 'applicationTaskExecutor'
11-02-2020 01:52:33.294 [restartedMain] INFO  c.g.test.SpringBootTestApplication.logStarting - Starting SpringBootTestApplication on DESKTOP-K8AD8AM with PID 10624 (C:\BCH\springboot\spring-boot-globalogic-test\build\classes\java\main started by Imagemaker in C:\BCH\springboot\spring-boot-globalogic-test)
11-02-2020 01:52:33.299 [restartedMain] INFO  c.g.test.SpringBootTestApplication.logStartupProfileInfo - No active profile set, falling back to default profiles: default
11-02-2020 01:52:33.363 [restartedMain] INFO  o.s.b.d.restart.ChangeableUrls.logTo - The Class-Path manifest attribute in C:\Users\Imagemaker\.gradle\caches\modules-2\files-2.1\org.glassfish.jaxb\jaxb-runtime\2.3.2\5528bc882ea499a09d720b42af11785c4fc6be2a\jaxb-runtime-2.3.2.jar referenced one or more files that do not exist: file:/C:/Users/Imagemaker/.gradle/caches/modules-2/files-2.1/org.glassfish.jaxb/jaxb-runtime/2.3.2/5528bc882ea499a09d720b42af11785c4fc6be2a/jakarta.xml.bind-api-2.3.2.jar,file:/C:/Users/Imagemaker/.gradle/caches/modules-2/files-2.1/org.glassfish.jaxb/jaxb-runtime/2.3.2/5528bc882ea499a09d720b42af11785c4fc6be2a/txw2-2.3.2.jar,file:/C:/Users/Imagemaker/.gradle/caches/modules-2/files-2.1/org.glassfish.jaxb/jaxb-runtime/2.3.2/5528bc882ea499a09d720b42af11785c4fc6be2a/istack-commons-runtime-3.0.8.jar,file:/C:/Users/Imagemaker/.gradle/caches/modules-2/files-2.1/org.glassfish.jaxb/jaxb-runtime/2.3.2/5528bc882ea499a09d720b42af11785c4fc6be2a/stax-ex-1.8.1.jar,file:/C:/Users/Imagemaker/.gradle/caches/modules-2/files-2.1/org.glassfish.jaxb/jaxb-runtime/2.3.2/5528bc882ea499a09d720b42af11785c4fc6be2a/FastInfoset-1.2.16.jar,file:/C:/Users/Imagemaker/.gradle/caches/modules-2/files-2.1/org.glassfish.jaxb/jaxb-runtime/2.3.2/5528bc882ea499a09d720b42af11785c4fc6be2a/jakarta.activation-api-1.2.1.jar
11-02-2020 01:52:33.364 [restartedMain] INFO  o.s.b.d.e.DevToolsPropertyDefaultsPostProcessor.logTo - Devtools property defaults active! Set 'spring.devtools.add-properties' to 'false' to disable
11-02-2020 01:52:33.364 [restartedMain] INFO  o.s.b.d.e.DevToolsPropertyDefaultsPostProcessor.logTo - For additional web related logging consider setting the 'logging.level.web' property to 'DEBUG'
11-02-2020 01:52:34.379 [restartedMain] INFO  o.s.d.r.c.RepositoryConfigurationDelegate.registerRepositoriesIn - Bootstrapping Spring Data repositories in DEFAULT mode.
11-02-2020 01:52:34.466 [restartedMain] INFO  o.s.d.r.c.RepositoryConfigurationDelegate.registerRepositoriesIn - Finished Spring Data repository scanning in 77ms. Found 2 repository interfaces.
11-02-2020 01:52:34.889 [restartedMain] INFO  o.s.c.s.PostProcessorRegistrationDelegate$BeanPostProcessorChecker.postProcessAfterInitialization - Bean 'org.springframework.transaction.annotation.ProxyTransactionManagementConfiguration' of type [org.springframework.transaction.annotation.ProxyTransactionManagementConfiguration] is not eligible for getting processed by all BeanPostProcessors (for example: not eligible for auto-proxying)
11-02-2020 01:52:35.460 [restartedMain] INFO  o.s.b.w.e.tomcat.TomcatWebServer.initialize - Tomcat initialized with port(s): 8080 (http)
11-02-2020 01:52:35.471 [restartedMain] INFO  o.a.catalina.core.StandardService.log - Starting service [Tomcat]
11-02-2020 01:52:35.472 [restartedMain] INFO  o.a.catalina.core.StandardEngine.log - Starting Servlet engine: [Apache Tomcat/9.0.27]
11-02-2020 01:52:35.592 [restartedMain] INFO  o.a.c.c.C.[Tomcat].[localhost].[/].log - Initializing Spring embedded WebApplicationContext
11-02-2020 01:52:35.593 [restartedMain] INFO  o.s.web.context.ContextLoader.prepareWebApplicationContext - Root WebApplicationContext: initialization completed in 2221 ms
11-02-2020 01:52:35.637 [restartedMain] INFO  com.zaxxer.hikari.HikariDataSource.getConnection - HikariPool-1 - Starting...
11-02-2020 01:52:35.761 [restartedMain] INFO  com.zaxxer.hikari.HikariDataSource.getConnection - HikariPool-1 - Start completed.
11-02-2020 01:52:35.768 [restartedMain] INFO  o.s.b.a.h.H2ConsoleAutoConfiguration.lambda$h2Console$0 - H2 console available at '/h2-console'. Database available at 'jdbc:h2:mem:testdb'
11-02-2020 01:52:35.954 [restartedMain] INFO  o.h.jpa.internal.util.LogHelper.logPersistenceUnitInformation - HHH000204: Processing PersistenceUnitInfo [name: default]
11-02-2020 01:52:36.024 [restartedMain] INFO  org.hibernate.Version.logVersion - HHH000412: Hibernate Core {5.4.6.Final}
11-02-2020 01:52:36.159 [restartedMain] INFO  o.h.annotations.common.Version.<clinit> - HCANN000001: Hibernate Commons Annotations {5.1.0.Final}
11-02-2020 01:52:36.300 [restartedMain] INFO  org.hibernate.dialect.Dialect.<init> - HHH000400: Using dialect: org.hibernate.dialect.H2Dialect
11-02-2020 01:52:37.137 [restartedMain] INFO  o.h.e.t.j.p.i.JtaPlatformInitiator.initiateService - HHH000490: Using JtaPlatform implementation: [org.hibernate.engine.transaction.jta.platform.internal.NoJtaPlatform]
11-02-2020 01:52:37.147 [restartedMain] INFO  o.s.o.j.LocalContainerEntityManagerFactoryBean.buildNativeEntityManagerFactory - Initialized JPA EntityManagerFactory for persistence unit 'default'
11-02-2020 01:52:37.191 [restartedMain] INFO  o.s.b.d.a.OptionalLiveReloadServer.startServer - LiveReload server is running on port 35729
11-02-2020 01:52:37.268 [restartedMain] WARN  o.s.b.a.o.j.JpaBaseConfiguration$JpaWebConfiguration.openEntityManagerInViewInterceptor - spring.jpa.open-in-view is enabled by default. Therefore, database queries may be performed during view rendering. Explicitly configure spring.jpa.open-in-view to disable this warning
11-02-2020 01:52:37.846 [restartedMain] WARN  o.s.s.o.p.t.s.JwtAccessTokenConverter.afterPropertiesSet - Unable to create an RSA verifier from verifierKey (ignoreable if using MAC)
11-02-2020 01:52:38.227 [restartedMain] INFO  o.s.s.c.ThreadPoolTaskExecutor.initialize - Initializing ExecutorService 'applicationTaskExecutor'
11-02-2020 01:52:38.617 [restartedMain] INFO  o.s.s.web.DefaultSecurityFilterChain.<init> - Creating filter chain: OrRequestMatcher [requestMatchers=[Ant [pattern='/oauth/token'], Ant [pattern='/oauth/token_key'], Ant [pattern='/oauth/check_token']]], [org.springframework.security.web.context.request.async.WebAsyncManagerIntegrationFilter@982ebda, org.springframework.security.web.context.SecurityContextPersistenceFilter@5d270775, org.springframework.security.web.header.HeaderWriterFilter@2d4baec2, org.springframework.security.web.authentication.logout.LogoutFilter@3ea86205, org.springframework.security.web.authentication.www.BasicAuthenticationFilter@20bb1871, org.springframework.security.web.savedrequest.RequestCacheAwareFilter@2b2bc280, org.springframework.security.web.servletapi.SecurityContextHolderAwareRequestFilter@58b98290, org.springframework.security.web.authentication.AnonymousAuthenticationFilter@4827bed6, org.springframework.security.web.session.SessionManagementFilter@65245e26, org.springframework.security.web.access.ExceptionTranslationFilter@577f2b9e, org.springframework.security.web.access.intercept.FilterSecurityInterceptor@24620a34]
11-02-2020 01:52:38.630 [restartedMain] INFO  o.s.s.web.DefaultSecurityFilterChain.<init> - Creating filter chain: org.springframework.security.oauth2.config.annotation.web.configuration.ResourceServerConfiguration$NotOAuthRequestMatcher@750a8f8b, [org.springframework.security.web.context.request.async.WebAsyncManagerIntegrationFilter@5b610c6e, org.springframework.security.web.context.SecurityContextPersistenceFilter@59a7f02, org.springframework.security.web.header.HeaderWriterFilter@66d6273, org.springframework.security.web.authentication.logout.LogoutFilter@4774dbc7, org.springframework.security.oauth2.provider.authentication.OAuth2AuthenticationProcessingFilter@295a664f, org.springframework.security.web.savedrequest.RequestCacheAwareFilter@2ae3233c, org.springframework.security.web.servletapi.SecurityContextHolderAwareRequestFilter@4770a2e9, org.springframework.security.web.authentication.AnonymousAuthenticationFilter@3a98d66b, org.springframework.security.web.session.SessionManagementFilter@41e2f09d, org.springframework.security.web.access.ExceptionTranslationFilter@1ec62217, org.springframework.security.web.access.intercept.FilterSecurityInterceptor@2344a6ed]
11-02-2020 01:52:38.634 [restartedMain] INFO  o.s.s.web.DefaultSecurityFilterChain.<init> - Creating filter chain: any request, [org.springframework.security.web.context.request.async.WebAsyncManagerIntegrationFilter@3bfbe3bb, org.springframework.security.web.context.SecurityContextPersistenceFilter@1bb6620b, org.springframework.security.web.header.HeaderWriterFilter@6f3606ef, org.springframework.security.web.authentication.logout.LogoutFilter@745bff25, org.springframework.security.web.savedrequest.RequestCacheAwareFilter@303ece5a, org.springframework.security.web.servletapi.SecurityContextHolderAwareRequestFilter@6fe0a7cc, org.springframework.security.web.authentication.AnonymousAuthenticationFilter@4e0e108b, org.springframework.security.web.session.SessionManagementFilter@3ba104ea, org.springframework.security.web.access.ExceptionTranslationFilter@3d82c43b, org.springframework.security.web.access.intercept.FilterSecurityInterceptor@40ade33]
11-02-2020 01:52:38.735 [restartedMain] INFO  o.s.b.w.e.tomcat.TomcatWebServer.start - Tomcat started on port(s): 8080 (http) with context path ''
11-02-2020 01:52:38.741 [restartedMain] INFO  c.g.test.SpringBootTestApplication.logStarted - Started SpringBootTestApplication in 5.891 seconds (JVM running for 7.145)
11-02-2020 01:52:45.982 [http-nio-8080-exec-5] INFO  o.a.c.c.C.[Tomcat].[localhost].[/].log - Initializing Spring DispatcherServlet 'dispatcherServlet'
11-02-2020 01:52:45.984 [http-nio-8080-exec-5] INFO  o.s.web.servlet.DispatcherServlet.initServletBean - Initializing Servlet 'dispatcherServlet'
11-02-2020 01:52:45.994 [http-nio-8080-exec-5] INFO  o.s.web.servlet.DispatcherServlet.initServletBean - Completed initialization in 10 ms
11-02-2020 01:53:24.835 [Test worker] INFO  c.g.t.controller.UserControllerTest.logStarting - Starting UserControllerTest on DESKTOP-K8AD8AM with PID 3656 (started by Imagemaker in C:\BCH\springboot\spring-boot-globalogic-test)
11-02-2020 01:53:24.845 [Test worker] INFO  c.g.t.controller.UserControllerTest.logStartupProfileInfo - No active profile set, falling back to default profiles: default
11-02-2020 01:53:28.546 [Test worker] INFO  o.s.s.c.ThreadPoolTaskExecutor.initialize - Initializing ExecutorService 'applicationTaskExecutor'
11-02-2020 01:53:29.312 [Test worker] INFO  o.s.b.a.s.s.UserDetailsServiceAutoConfiguration.getOrDeducePassword - 

Using generated security password: 39d10099-4286-476c-8319-2b4d1c9eab42

11-02-2020 01:53:29.734 [Test worker] INFO  o.s.s.web.DefaultSecurityFilterChain.<init> - Creating filter chain: any request, [org.springframework.security.web.context.request.async.WebAsyncManagerIntegrationFilter@72dfca47, org.springframework.security.web.context.SecurityContextPersistenceFilter@2fa3de0, org.springframework.security.web.header.HeaderWriterFilter@68c2a50d, org.springframework.security.web.csrf.CsrfFilter@5262cc82, org.springframework.security.web.authentication.logout.LogoutFilter@29a45d37, org.springframework.security.web.authentication.UsernamePasswordAuthenticationFilter@47786043, org.springframework.security.web.authentication.ui.DefaultLoginPageGeneratingFilter@1f637d10, org.springframework.security.web.authentication.ui.DefaultLogoutPageGeneratingFilter@4e082933, org.springframework.security.web.authentication.www.BasicAuthenticationFilter@5c6f35c1, org.springframework.security.web.savedrequest.RequestCacheAwareFilter@26a90bf8, org.springframework.security.web.servletapi.SecurityContextHolderAwareRequestFilter@fcaaf45, org.springframework.security.web.authentication.AnonymousAuthenticationFilter@70901d7f, org.springframework.security.web.session.SessionManagementFilter@50d08719, org.springframework.security.web.access.ExceptionTranslationFilter@115fa191, org.springframework.security.web.access.intercept.FilterSecurityInterceptor@74f9a3d5]
11-02-2020 01:53:29.853 [Test worker] INFO  o.s.b.t.m.w.SpringBootMockServletContext.log - Initializing Spring TestDispatcherServlet ''
11-02-2020 01:53:29.854 [Test worker] INFO  o.s.t.w.s.TestDispatcherServlet.initServletBean - Initializing Servlet ''
11-02-2020 01:53:29.883 [Test worker] INFO  o.s.t.w.s.TestDispatcherServlet.initServletBean - Completed initialization in 28 ms
11-02-2020 01:53:29.977 [Test worker] INFO  c.g.t.controller.UserControllerTest.logStarted - Started UserControllerTest in 6.086 seconds (JVM running for 10.527)
11-02-2020 01:53:30.310 [Test worker] INFO  c.g.test.controller.UserController.updateUserById - Init updateUserById - Request user: User{id=1, name='Juan', email='aaA2a2aaa3333@gmail.com', password='12345678', isActive='false'}
11-02-2020 01:53:30.314 [Test worker] INFO  c.g.test.controller.UserController.updateUserById - Finish updateUserById
11-02-2020 01:53:30.333 [Test worker] INFO  c.g.test.controller.UserController.create - Init create - Request user: User{id=null, name='Pedro Perez', email='aaA2a2aaa2323@hotmail.com', password='12345678', isActive='true'}
11-02-2020 01:53:30.335 [Test worker] INFO  c.g.test.controller.UserController.create - Usuario Creado, user: User{id=null, name='Pedro Perez', email='aaA2a2aaa2323@hotmail.com', password='12345678', isActive='true'}
11-02-2020 01:53:30.336 [Test worker] INFO  c.g.test.controller.UserController.create - Finish create
11-02-2020 01:53:30.353 [Test worker] INFO  c.g.test.controller.UserController.deleteUserById - Init deleteUserById - Request user: 1
11-02-2020 01:53:30.367 [Test worker] ERROR c.g.test.controller.UserController.deleteUserById - Error: User Not Found
com.globallogic.test.controller.UserControllerTest$1: User Not Found
	at com.globallogic.test.controller.UserController.deleteUserById(UserController.java:221)
	at com.globallogic.test.controller.UserControllerTest.deleteUserWhenIsNotFoundTest(UserControllerTest.java:300)
	at java.base/jdk.internal.reflect.NativeMethodAccessorImpl.invoke0(Native Method)
	at java.base/jdk.internal.reflect.NativeMethodAccessorImpl.invoke(NativeMethodAccessorImpl.java:62)
	at java.base/jdk.internal.reflect.DelegatingMethodAccessorImpl.invoke(DelegatingMethodAccessorImpl.java:43)
	at java.base/java.lang.reflect.Method.invoke(Method.java:566)
	at org.junit.platform.commons.util.ReflectionUtils.invokeMethod(ReflectionUtils.java:675)
	at org.junit.jupiter.engine.execution.MethodInvocation.proceed(MethodInvocation.java:60)
	at org.junit.jupiter.engine.execution.InvocationInterceptorChain$ValidatingInvocation.proceed(InvocationInterceptorChain.java:125)
	at org.junit.jupiter.engine.extension.TimeoutExtension.intercept(TimeoutExtension.java:132)
	at org.junit.jupiter.engine.extension.TimeoutExtension.interceptTestableMethod(TimeoutExtension.java:124)
	at org.junit.jupiter.engine.extension.TimeoutExtension.interceptTestMethod(TimeoutExtension.java:74)
	at org.junit.jupiter.engine.execution.ExecutableInvoker$ReflectiveInterceptorCall.lambda$ofVoidMethod$0(ExecutableInvoker.java:115)
	at org.junit.jupiter.engine.execution.ExecutableInvoker.lambda$invoke$0(ExecutableInvoker.java:105)
	at org.junit.jupiter.engine.execution.InvocationInterceptorChain$InterceptedInvocation.proceed(InvocationInterceptorChain.java:104)
	at org.junit.jupiter.engine.execution.InvocationInterceptorChain.proceed(InvocationInterceptorChain.java:62)
	at org.junit.jupiter.engine.execution.InvocationInterceptorChain.chainAndInvoke(InvocationInterceptorChain.java:43)
	at org.junit.jupiter.engine.execution.InvocationInterceptorChain.invoke(InvocationInterceptorChain.java:35)
	at org.junit.jupiter.engine.execution.ExecutableInvoker.invoke(ExecutableInvoker.java:104)
	at org.junit.jupiter.engine.execution.ExecutableInvoker.invoke(ExecutableInvoker.java:98)
	at org.junit.jupiter.engine.descriptor.TestMethodTestDescriptor.lambda$invokeTestMethod$6(TestMethodTestDescriptor.java:202)
	at org.junit.platform.engine.support.hierarchical.ThrowableCollector.execute(ThrowableCollector.java:73)
	at org.junit.jupiter.engine.descriptor.TestMethodTestDescriptor.invokeTestMethod(TestMethodTestDescriptor.java:198)
	at org.junit.jupiter.engine.descriptor.TestMethodTestDescriptor.execute(TestMethodTestDescriptor.java:135)
	at org.junit.jupiter.engine.descriptor.TestMethodTestDescriptor.execute(TestMethodTestDescriptor.java:69)
	at org.junit.platform.engine.support.hierarchical.NodeTestTask.lambda$executeRecursively$5(NodeTestTask.java:135)
	at org.junit.platform.engine.support.hierarchical.ThrowableCollector.execute(ThrowableCollector.java:73)
	at org.junit.platform.engine.support.hierarchical.NodeTestTask.lambda$executeRecursively$7(NodeTestTask.java:125)
	at org.junit.platform.engine.support.hierarchical.Node.around(Node.java:135)
	at org.junit.platform.engine.support.hierarchical.NodeTestTask.lambda$executeRecursively$8(NodeTestTask.java:123)
	at org.junit.platform.engine.support.hierarchical.ThrowableCollector.execute(ThrowableCollector.java:73)
	at org.junit.platform.engine.support.hierarchical.NodeTestTask.executeRecursively(NodeTestTask.java:122)
	at org.junit.platform.engine.support.hierarchical.NodeTestTask.execute(NodeTestTask.java:80)
	at java.base/java.util.ArrayList.forEach(ArrayList.java:1540)
	at org.junit.platform.engine.support.hierarchical.SameThreadHierarchicalTestExecutorService.invokeAll(SameThreadHierarchicalTestExecutorService.java:38)
	at org.junit.platform.engine.support.hierarchical.NodeTestTask.lambda$executeRecursively$5(NodeTestTask.java:139)
	at org.junit.platform.engine.support.hierarchical.ThrowableCollector.execute(ThrowableCollector.java:73)
	at org.junit.platform.engine.support.hierarchical.NodeTestTask.lambda$executeRecursively$7(NodeTestTask.java:125)
	at org.junit.platform.engine.support.hierarchical.Node.around(Node.java:135)
	at org.junit.platform.engine.support.hierarchical.NodeTestTask.lambda$executeRecursively$8(NodeTestTask.java:123)
	at org.junit.platform.engine.support.hierarchical.ThrowableCollector.execute(ThrowableCollector.java:73)
	at org.junit.platform.engine.support.hierarchical.NodeTestTask.executeRecursively(NodeTestTask.java:122)
	at org.junit.platform.engine.support.hierarchical.NodeTestTask.execute(NodeTestTask.java:80)
	at java.base/java.util.ArrayList.forEach(ArrayList.java:1540)
	at org.junit.platform.engine.support.hierarchical.SameThreadHierarchicalTestExecutorService.invokeAll(SameThreadHierarchicalTestExecutorService.java:38)
	at org.junit.platform.engine.support.hierarchical.NodeTestTask.lambda$executeRecursively$5(NodeTestTask.java:139)
	at org.junit.platform.engine.support.hierarchical.ThrowableCollector.execute(ThrowableCollector.java:73)
	at org.junit.platform.engine.support.hierarchical.NodeTestTask.lambda$executeRecursively$7(NodeTestTask.java:125)
	at org.junit.platform.engine.support.hierarchical.Node.around(Node.java:135)
	at org.junit.platform.engine.support.hierarchical.NodeTestTask.lambda$executeRecursively$8(NodeTestTask.java:123)
	at org.junit.platform.engine.support.hierarchical.ThrowableCollector.execute(ThrowableCollector.java:73)
	at org.junit.platform.engine.support.hierarchical.NodeTestTask.executeRecursively(NodeTestTask.java:122)
	at org.junit.platform.engine.support.hierarchical.NodeTestTask.execute(NodeTestTask.java:80)
	at org.junit.platform.engine.support.hierarchical.SameThreadHierarchicalTestExecutorService.submit(SameThreadHierarchicalTestExecutorService.java:32)
	at org.junit.platform.engine.support.hierarchical.HierarchicalTestExecutor.execute(HierarchicalTestExecutor.java:57)
	at org.junit.platform.engine.support.hierarchical.HierarchicalTestEngine.execute(HierarchicalTestEngine.java:51)
	at org.junit.platform.launcher.core.DefaultLauncher.execute(DefaultLauncher.java:220)
	at org.junit.platform.launcher.core.DefaultLauncher.lambda$execute$6(DefaultLauncher.java:188)
	at org.junit.platform.launcher.core.DefaultLauncher.withInterceptedStreams(DefaultLauncher.java:202)
	at org.junit.platform.launcher.core.DefaultLauncher.execute(DefaultLauncher.java:181)
	at org.junit.platform.launcher.core.DefaultLauncher.execute(DefaultLauncher.java:128)
	at org.gradle.api.internal.tasks.testing.junitplatform.JUnitPlatformTestClassProcessor$CollectAllTestClassesExecutor.processAllTestClasses(JUnitPlatformTestClassProcessor.java:102)
	at org.gradle.api.internal.tasks.testing.junitplatform.JUnitPlatformTestClassProcessor$CollectAllTestClassesExecutor.access$000(JUnitPlatformTestClassProcessor.java:82)
	at org.gradle.api.internal.tasks.testing.junitplatform.JUnitPlatformTestClassProcessor.stop(JUnitPlatformTestClassProcessor.java:78)
	at org.gradle.api.internal.tasks.testing.SuiteTestClassProcessor.stop(SuiteTestClassProcessor.java:61)
	at java.base/jdk.internal.reflect.NativeMethodAccessorImpl.invoke0(Native Method)
	at java.base/jdk.internal.reflect.NativeMethodAccessorImpl.invoke(NativeMethodAccessorImpl.java:62)
	at java.base/jdk.internal.reflect.DelegatingMethodAccessorImpl.invoke(DelegatingMethodAccessorImpl.java:43)
	at java.base/java.lang.reflect.Method.invoke(Method.java:566)
	at org.gradle.internal.dispatch.ReflectionDispatch.dispatch(ReflectionDispatch.java:36)
	at org.gradle.internal.dispatch.ReflectionDispatch.dispatch(ReflectionDispatch.java:24)
	at org.gradle.internal.dispatch.ContextClassLoaderDispatch.dispatch(ContextClassLoaderDispatch.java:33)
	at org.gradle.internal.dispatch.ProxyDispatchAdapter$DispatchingInvocationHandler.invoke(ProxyDispatchAdapter.java:94)
	at com.sun.proxy.$Proxy2.stop(Unknown Source)
	at org.gradle.api.internal.tasks.testing.worker.TestWorker.stop(TestWorker.java:132)
	at java.base/jdk.internal.reflect.NativeMethodAccessorImpl.invoke0(Native Method)
	at java.base/jdk.internal.reflect.NativeMethodAccessorImpl.invoke(NativeMethodAccessorImpl.java:62)
	at java.base/jdk.internal.reflect.DelegatingMethodAccessorImpl.invoke(DelegatingMethodAccessorImpl.java:43)
	at java.base/java.lang.reflect.Method.invoke(Method.java:566)
	at org.gradle.internal.dispatch.ReflectionDispatch.dispatch(ReflectionDispatch.java:36)
	at org.gradle.internal.dispatch.ReflectionDispatch.dispatch(ReflectionDispatch.java:24)
	at org.gradle.internal.remote.internal.hub.MessageHubBackedObjectConnection$DispatchWrapper.dispatch(MessageHubBackedObjectConnection.java:182)
	at org.gradle.internal.remote.internal.hub.MessageHubBackedObjectConnection$DispatchWrapper.dispatch(MessageHubBackedObjectConnection.java:164)
	at org.gradle.internal.remote.internal.hub.MessageHub$Handler.run(MessageHub.java:412)
	at org.gradle.internal.concurrent.ExecutorPolicy$CatchAndRecordFailures.onExecute(ExecutorPolicy.java:64)
	at org.gradle.internal.concurrent.ManagedExecutorImpl$1.run(ManagedExecutorImpl.java:48)
	at java.base/java.util.concurrent.ThreadPoolExecutor.runWorker(ThreadPoolExecutor.java:1128)
	at java.base/java.util.concurrent.ThreadPoolExecutor$Worker.run(ThreadPoolExecutor.java:628)
	at org.gradle.internal.concurrent.ThreadFactoryImpl$ManagedThreadRunnable.run(ThreadFactoryImpl.java:56)
	at java.base/java.lang.Thread.run(Thread.java:834)
11-02-2020 01:53:30.492 [Test worker] INFO  c.g.test.controller.UserController.deleteUserById - Init deleteUserById - Request user: 1
11-02-2020 01:53:30.493 [Test worker] INFO  c.g.test.controller.UserController.deleteUserById - Usuario Eliminado, user ID: 1
11-02-2020 01:53:30.494 [Test worker] INFO  c.g.test.controller.UserController.deleteUserById - Finish deleteUserById
11-02-2020 01:53:30.520 [SpringContextShutdownHook] INFO  o.s.s.c.ThreadPoolTaskExecutor.shutdown - Shutting down ExecutorService 'applicationTaskExecutor'
11-02-2020 01:58:54.952 [Test worker] INFO  c.g.t.controller.UserControllerTest.logStarting - Starting UserControllerTest on DESKTOP-K8AD8AM with PID 11808 (started by Imagemaker in C:\BCH\springboot\spring-boot-globalogic-test)
11-02-2020 01:58:54.958 [Test worker] INFO  c.g.t.controller.UserControllerTest.logStartupProfileInfo - No active profile set, falling back to default profiles: default
11-02-2020 01:58:57.525 [Test worker] INFO  o.s.s.c.ThreadPoolTaskExecutor.initialize - Initializing ExecutorService 'applicationTaskExecutor'
11-02-2020 01:58:58.157 [Test worker] INFO  o.s.b.a.s.s.UserDetailsServiceAutoConfiguration.getOrDeducePassword - 

Using generated security password: 1c8ed7bb-0c18-4a8d-9e0c-1b68b12271cc

11-02-2020 01:58:58.545 [Test worker] INFO  o.s.s.web.DefaultSecurityFilterChain.<init> - Creating filter chain: any request, [org.springframework.security.web.context.request.async.WebAsyncManagerIntegrationFilter@6130752f, org.springframework.security.web.context.SecurityContextPersistenceFilter@7d576061, org.springframework.security.web.header.HeaderWriterFilter@11b8ab08, org.springframework.security.web.csrf.CsrfFilter@55eff6ba, org.springframework.security.web.authentication.logout.LogoutFilter@76f7bec, org.springframework.security.web.authentication.UsernamePasswordAuthenticationFilter@5ed2ccda, org.springframework.security.web.authentication.ui.DefaultLoginPageGeneratingFilter@177b26f0, org.springframework.security.web.authentication.ui.DefaultLogoutPageGeneratingFilter@460d5e06, org.springframework.security.web.authentication.www.BasicAuthenticationFilter@6273ee9f, org.springframework.security.web.savedrequest.RequestCacheAwareFilter@5773d61d, org.springframework.security.web.servletapi.SecurityContextHolderAwareRequestFilter@17ce2927, org.springframework.security.web.authentication.AnonymousAuthenticationFilter@4cd58721, org.springframework.security.web.session.SessionManagementFilter@3efee0d1, org.springframework.security.web.access.ExceptionTranslationFilter@31cb5a08, org.springframework.security.web.access.intercept.FilterSecurityInterceptor@4cfd8f48]
11-02-2020 01:58:58.627 [Test worker] INFO  o.s.b.t.m.w.SpringBootMockServletContext.log - Initializing Spring TestDispatcherServlet ''
11-02-2020 01:58:58.627 [Test worker] INFO  o.s.t.w.s.TestDispatcherServlet.initServletBean - Initializing Servlet ''
11-02-2020 01:58:58.652 [Test worker] INFO  o.s.t.w.s.TestDispatcherServlet.initServletBean - Completed initialization in 24 ms
11-02-2020 01:58:58.710 [Test worker] INFO  c.g.t.controller.UserControllerTest.logStarted - Started UserControllerTest in 4.385 seconds (JVM running for 6.907)
11-02-2020 01:58:58.960 [Test worker] INFO  c.g.test.controller.UserController.updateUserById - Init updateUserById - Request user: User{id=1, name='Juan', email='aaA2a2aaa3333@gmail.com', password='12345678', isActive='false'}
11-02-2020 01:58:58.962 [Test worker] INFO  c.g.test.controller.UserController.updateUserById - Finish updateUserById
11-02-2020 01:58:58.985 [Test worker] INFO  c.g.test.controller.UserController.create - Init create - Request user: User{id=null, name='Pedro Perez', email='aaA2a2aaa2323@hotmail.com', password='12345678', isActive='true'}
11-02-2020 01:58:58.991 [Test worker] INFO  c.g.test.controller.UserController.create - Usuario Creado, user: User{id=null, name='Pedro Perez', email='aaA2a2aaa2323@hotmail.com', password='12345678', isActive='true'}
11-02-2020 01:58:58.993 [Test worker] INFO  c.g.test.controller.UserController.create - Finish create
11-02-2020 01:58:59.013 [Test worker] INFO  c.g.test.controller.UserController.deleteUserById - Init deleteUserById - Request user: 1
11-02-2020 01:58:59.033 [Test worker] ERROR c.g.test.controller.UserController.deleteUserById - Error: User Not Found
com.globallogic.test.controller.UserControllerTest$1: User Not Found
	at com.globallogic.test.controller.UserController.deleteUserById(UserController.java:221)
	at com.globallogic.test.controller.UserControllerTest.deleteUserWhenIsNotFoundTest(UserControllerTest.java:279)
	at java.base/jdk.internal.reflect.NativeMethodAccessorImpl.invoke0(Native Method)
	at java.base/jdk.internal.reflect.NativeMethodAccessorImpl.invoke(NativeMethodAccessorImpl.java:62)
	at java.base/jdk.internal.reflect.DelegatingMethodAccessorImpl.invoke(DelegatingMethodAccessorImpl.java:43)
	at java.base/java.lang.reflect.Method.invoke(Method.java:566)
	at org.junit.platform.commons.util.ReflectionUtils.invokeMethod(ReflectionUtils.java:675)
	at org.junit.jupiter.engine.execution.MethodInvocation.proceed(MethodInvocation.java:60)
	at org.junit.jupiter.engine.execution.InvocationInterceptorChain$ValidatingInvocation.proceed(InvocationInterceptorChain.java:125)
	at org.junit.jupiter.engine.extension.TimeoutExtension.intercept(TimeoutExtension.java:132)
	at org.junit.jupiter.engine.extension.TimeoutExtension.interceptTestableMethod(TimeoutExtension.java:124)
	at org.junit.jupiter.engine.extension.TimeoutExtension.interceptTestMethod(TimeoutExtension.java:74)
	at org.junit.jupiter.engine.execution.ExecutableInvoker$ReflectiveInterceptorCall.lambda$ofVoidMethod$0(ExecutableInvoker.java:115)
	at org.junit.jupiter.engine.execution.ExecutableInvoker.lambda$invoke$0(ExecutableInvoker.java:105)
	at org.junit.jupiter.engine.execution.InvocationInterceptorChain$InterceptedInvocation.proceed(InvocationInterceptorChain.java:104)
	at org.junit.jupiter.engine.execution.InvocationInterceptorChain.proceed(InvocationInterceptorChain.java:62)
	at org.junit.jupiter.engine.execution.InvocationInterceptorChain.chainAndInvoke(InvocationInterceptorChain.java:43)
	at org.junit.jupiter.engine.execution.InvocationInterceptorChain.invoke(InvocationInterceptorChain.java:35)
	at org.junit.jupiter.engine.execution.ExecutableInvoker.invoke(ExecutableInvoker.java:104)
	at org.junit.jupiter.engine.execution.ExecutableInvoker.invoke(ExecutableInvoker.java:98)
	at org.junit.jupiter.engine.descriptor.TestMethodTestDescriptor.lambda$invokeTestMethod$6(TestMethodTestDescriptor.java:202)
	at org.junit.platform.engine.support.hierarchical.ThrowableCollector.execute(ThrowableCollector.java:73)
	at org.junit.jupiter.engine.descriptor.TestMethodTestDescriptor.invokeTestMethod(TestMethodTestDescriptor.java:198)
	at org.junit.jupiter.engine.descriptor.TestMethodTestDescriptor.execute(TestMethodTestDescriptor.java:135)
	at org.junit.jupiter.engine.descriptor.TestMethodTestDescriptor.execute(TestMethodTestDescriptor.java:69)
	at org.junit.platform.engine.support.hierarchical.NodeTestTask.lambda$executeRecursively$5(NodeTestTask.java:135)
	at org.junit.platform.engine.support.hierarchical.ThrowableCollector.execute(ThrowableCollector.java:73)
	at org.junit.platform.engine.support.hierarchical.NodeTestTask.lambda$executeRecursively$7(NodeTestTask.java:125)
	at org.junit.platform.engine.support.hierarchical.Node.around(Node.java:135)
	at org.junit.platform.engine.support.hierarchical.NodeTestTask.lambda$executeRecursively$8(NodeTestTask.java:123)
	at org.junit.platform.engine.support.hierarchical.ThrowableCollector.execute(ThrowableCollector.java:73)
	at org.junit.platform.engine.support.hierarchical.NodeTestTask.executeRecursively(NodeTestTask.java:122)
	at org.junit.platform.engine.support.hierarchical.NodeTestTask.execute(NodeTestTask.java:80)
	at java.base/java.util.ArrayList.forEach(ArrayList.java:1540)
	at org.junit.platform.engine.support.hierarchical.SameThreadHierarchicalTestExecutorService.invokeAll(SameThreadHierarchicalTestExecutorService.java:38)
	at org.junit.platform.engine.support.hierarchical.NodeTestTask.lambda$executeRecursively$5(NodeTestTask.java:139)
	at org.junit.platform.engine.support.hierarchical.ThrowableCollector.execute(ThrowableCollector.java:73)
	at org.junit.platform.engine.support.hierarchical.NodeTestTask.lambda$executeRecursively$7(NodeTestTask.java:125)
	at org.junit.platform.engine.support.hierarchical.Node.around(Node.java:135)
	at org.junit.platform.engine.support.hierarchical.NodeTestTask.lambda$executeRecursively$8(NodeTestTask.java:123)
	at org.junit.platform.engine.support.hierarchical.ThrowableCollector.execute(ThrowableCollector.java:73)
	at org.junit.platform.engine.support.hierarchical.NodeTestTask.executeRecursively(NodeTestTask.java:122)
	at org.junit.platform.engine.support.hierarchical.NodeTestTask.execute(NodeTestTask.java:80)
	at java.base/java.util.ArrayList.forEach(ArrayList.java:1540)
	at org.junit.platform.engine.support.hierarchical.SameThreadHierarchicalTestExecutorService.invokeAll(SameThreadHierarchicalTestExecutorService.java:38)
	at org.junit.platform.engine.support.hierarchical.NodeTestTask.lambda$executeRecursively$5(NodeTestTask.java:139)
	at org.junit.platform.engine.support.hierarchical.ThrowableCollector.execute(ThrowableCollector.java:73)
	at org.junit.platform.engine.support.hierarchical.NodeTestTask.lambda$executeRecursively$7(NodeTestTask.java:125)
	at org.junit.platform.engine.support.hierarchical.Node.around(Node.java:135)
	at org.junit.platform.engine.support.hierarchical.NodeTestTask.lambda$executeRecursively$8(NodeTestTask.java:123)
	at org.junit.platform.engine.support.hierarchical.ThrowableCollector.execute(ThrowableCollector.java:73)
	at org.junit.platform.engine.support.hierarchical.NodeTestTask.executeRecursively(NodeTestTask.java:122)
	at org.junit.platform.engine.support.hierarchical.NodeTestTask.execute(NodeTestTask.java:80)
	at org.junit.platform.engine.support.hierarchical.SameThreadHierarchicalTestExecutorService.submit(SameThreadHierarchicalTestExecutorService.java:32)
	at org.junit.platform.engine.support.hierarchical.HierarchicalTestExecutor.execute(HierarchicalTestExecutor.java:57)
	at org.junit.platform.engine.support.hierarchical.HierarchicalTestEngine.execute(HierarchicalTestEngine.java:51)
	at org.junit.platform.launcher.core.DefaultLauncher.execute(DefaultLauncher.java:220)
	at org.junit.platform.launcher.core.DefaultLauncher.lambda$execute$6(DefaultLauncher.java:188)
	at org.junit.platform.launcher.core.DefaultLauncher.withInterceptedStreams(DefaultLauncher.java:202)
	at org.junit.platform.launcher.core.DefaultLauncher.execute(DefaultLauncher.java:181)
	at org.junit.platform.launcher.core.DefaultLauncher.execute(DefaultLauncher.java:128)
	at org.gradle.api.internal.tasks.testing.junitplatform.JUnitPlatformTestClassProcessor$CollectAllTestClassesExecutor.processAllTestClasses(JUnitPlatformTestClassProcessor.java:102)
	at org.gradle.api.internal.tasks.testing.junitplatform.JUnitPlatformTestClassProcessor$CollectAllTestClassesExecutor.access$000(JUnitPlatformTestClassProcessor.java:82)
	at org.gradle.api.internal.tasks.testing.junitplatform.JUnitPlatformTestClassProcessor.stop(JUnitPlatformTestClassProcessor.java:78)
	at org.gradle.api.internal.tasks.testing.SuiteTestClassProcessor.stop(SuiteTestClassProcessor.java:61)
	at java.base/jdk.internal.reflect.NativeMethodAccessorImpl.invoke0(Native Method)
	at java.base/jdk.internal.reflect.NativeMethodAccessorImpl.invoke(NativeMethodAccessorImpl.java:62)
	at java.base/jdk.internal.reflect.DelegatingMethodAccessorImpl.invoke(DelegatingMethodAccessorImpl.java:43)
	at java.base/java.lang.reflect.Method.invoke(Method.java:566)
	at org.gradle.internal.dispatch.ReflectionDispatch.dispatch(ReflectionDispatch.java:36)
	at org.gradle.internal.dispatch.ReflectionDispatch.dispatch(ReflectionDispatch.java:24)
	at org.gradle.internal.dispatch.ContextClassLoaderDispatch.dispatch(ContextClassLoaderDispatch.java:33)
	at org.gradle.internal.dispatch.ProxyDispatchAdapter$DispatchingInvocationHandler.invoke(ProxyDispatchAdapter.java:94)
	at com.sun.proxy.$Proxy2.stop(Unknown Source)
	at org.gradle.api.internal.tasks.testing.worker.TestWorker.stop(TestWorker.java:132)
	at java.base/jdk.internal.reflect.NativeMethodAccessorImpl.invoke0(Native Method)
	at java.base/jdk.internal.reflect.NativeMethodAccessorImpl.invoke(NativeMethodAccessorImpl.java:62)
	at java.base/jdk.internal.reflect.DelegatingMethodAccessorImpl.invoke(DelegatingMethodAccessorImpl.java:43)
	at java.base/java.lang.reflect.Method.invoke(Method.java:566)
	at org.gradle.internal.dispatch.ReflectionDispatch.dispatch(ReflectionDispatch.java:36)
	at org.gradle.internal.dispatch.ReflectionDispatch.dispatch(ReflectionDispatch.java:24)
	at org.gradle.internal.remote.internal.hub.MessageHubBackedObjectConnection$DispatchWrapper.dispatch(MessageHubBackedObjectConnection.java:182)
	at org.gradle.internal.remote.internal.hub.MessageHubBackedObjectConnection$DispatchWrapper.dispatch(MessageHubBackedObjectConnection.java:164)
	at org.gradle.internal.remote.internal.hub.MessageHub$Handler.run(MessageHub.java:412)
	at org.gradle.internal.concurrent.ExecutorPolicy$CatchAndRecordFailures.onExecute(ExecutorPolicy.java:64)
	at org.gradle.internal.concurrent.ManagedExecutorImpl$1.run(ManagedExecutorImpl.java:48)
	at java.base/java.util.concurrent.ThreadPoolExecutor.runWorker(ThreadPoolExecutor.java:1128)
	at java.base/java.util.concurrent.ThreadPoolExecutor$Worker.run(ThreadPoolExecutor.java:628)
	at org.gradle.internal.concurrent.ThreadFactoryImpl$ManagedThreadRunnable.run(ThreadFactoryImpl.java:56)
	at java.base/java.lang.Thread.run(Thread.java:834)
11-02-2020 01:58:59.159 [Test worker] INFO  c.g.test.controller.UserController.deleteUserById - Init deleteUserById - Request user: 1
11-02-2020 01:58:59.160 [Test worker] INFO  c.g.test.controller.UserController.deleteUserById - Usuario Eliminado, user ID: 1
11-02-2020 01:58:59.161 [Test worker] INFO  c.g.test.controller.UserController.deleteUserById - Finish deleteUserById
11-02-2020 01:58:59.184 [SpringContextShutdownHook] INFO  o.s.s.c.ThreadPoolTaskExecutor.shutdown - Shutting down ExecutorService 'applicationTaskExecutor'
